TN:
SF:/Users/josiahsavary/livepeerjs/packages/sdk/src/index.js
FN:259,_callee3$
FN:288,_callee4$
FN:304,signTransaction
FN:306,(anonymous_8)
FN:306,(anonymous_11)
FN:338,_callee5$
FN:385,(anonymous_16)
FN:386,(anonymous_17)
FN:389,(anonymous_18)
FN:390,(anonymous_19)
FN:390,(anonymous_20)
FN:398,(anonymous_21)
FN:399,(anonymous_22)
FN:120,(anonymous_25)
FN:120,_callee2
FN:120,_callee2$
FN:121,(anonymous_28)
FN:122,(anonymous_29)
FN:122,_callee
FN:122,pollForReceipt
FN:158,parseTranscodingOptions
FN:160,(anonymous_35)
FN:167,(anonymous_36)
FN:167,(anonymous_37)
FN:175,serializeTranscodingProfiles
FN:179,(anonymous_39)
FN:193,padAddress
FN:201,encodeEventTopics
FN:203,(anonymous_42)
FN:221,decodeEvent
FN:221,(anonymous_44)
FN:230,toBN
FN:231,compose
FN:231,(anonymous_47)
FN:231,(anonymous_48)
FN:232,prop
FN:232,(anonymous_50)
FN:233,toBool
FN:234,toString
FN:235,toNumber
FN:239,invariant
FN:242,formatDuration
FN:276,getContractAt
FN:440,_callee51$
FN:471,(anonymous_60)
FN:471,_callee6
FN:471,_callee8
FN:471,_callee9
FN:471,_callee10
FN:471,_callee13
FN:471,_callee14
FN:471,_callee15
FN:471,_callee16
FN:471,_callee17
FN:471,_callee18
FN:471,_callee19
FN:471,_callee20
FN:471,_callee21
FN:471,_callee22
FN:471,_callee37
FN:1165,(anonymous_191)
FN:471,_callee41
FN:471,_callee42
FN:471,_callee43
FN:471,_callee45
FN:471,_callee46
FN:471,_callee50
FNF:67
FNH:43
FNDA:0,_callee3$
FNDA:9,_callee4$
FNDA:0,signTransaction
FNDA:0,(anonymous_8)
FNDA:0,(anonymous_11)
FNDA:48,_callee5$
FNDA:18,(anonymous_16)
FNDA:18,(anonymous_17)
FNDA:18,(anonymous_18)
FNDA:504,(anonymous_19)
FNDA:108,(anonymous_20)
FNDA:18,(anonymous_21)
FNDA:108,(anonymous_22)
FNDA:1,(anonymous_25)
FNDA:0,_callee2
FNDA:0,_callee2$
FNDA:0,(anonymous_28)
FNDA:0,(anonymous_29)
FNDA:0,_callee
FNDA:0,pollForReceipt
FNDA:1228,parseTranscodingOptions
FNDA:11052,(anonymous_35)
FNDA:2488,(anonymous_36)
FNDA:14697,(anonymous_37)
FNDA:2,serializeTranscodingProfiles
FNDA:2,(anonymous_39)
FNDA:0,padAddress
FNDA:1,encodeEventTopics
FNDA:6,(anonymous_42)
FNDA:1,decodeEvent
FNDA:1228,(anonymous_44)
FNDA:0,toBN
FNDA:4,compose
FNDA:4,(anonymous_47)
FNDA:1250,(anonymous_48)
FNDA:3,prop
FNDA:22,(anonymous_50)
FNDA:2,toBool
FNDA:1264,toString
FNDA:0,toNumber
FNDA:0,invariant
FNDA:0,formatDuration
FNDA:18,getContractAt
FNDA:6,_callee51$
FNDA:249,(anonymous_60)
FNDA:1,_callee6
FNDA:2,_callee8
FNDA:1,_callee9
FNDA:0,_callee10
FNDA:1,_callee13
FNDA:1,_callee14
FNDA:1,_callee15
FNDA:1,_callee16
FNDA:0,_callee17
FNDA:1,_callee18
FNDA:1,_callee19
FNDA:1,_callee20
FNDA:1,_callee21
FNDA:1,_callee22
FNDA:0,_callee37
FNDA:1228,(anonymous_191)
FNDA:0,_callee41
FNDA:0,_callee42
FNDA:0,_callee43
FNDA:0,_callee45
FNDA:0,_callee46
FNDA:0,_callee50
DA:1,1
DA:2,1
DA:3,1
DA:4,1
DA:5,1
DA:6,1
DA:7,1
DA:8,1
DA:9,1
DA:10,1
DA:13,1
DA:14,1
DA:15,1
DA:16,1
DA:82,1
DA:83,1
DA:84,1
DA:85,1
DA:86,1
DA:88,1
DA:89,1
DA:90,1
DA:91,1
DA:95,1
DA:112,1
DA:120,2
DA:122,0
DA:124,0
DA:145,0
DA:147,0
DA:159,1228
DA:160,11052
DA:161,1228
DA:162,1228
DA:163,2488
DA:164,2488
DA:165,2488
DA:167,14697
DA:176,2
DA:179,2
DA:193,0
DA:202,1
DA:203,18
DA:204,6
DA:205,1
DA:206,0
DA:207,0
DA:208,0
DA:221,2456
DA:222,1228
DA:230,1
DA:231,1250
DA:232,22
DA:233,2
DA:234,1264
DA:235,1
DA:236,1
DA:237,1
DA:238,1
DA:239,1
DA:240,0
DA:242,1
DA:243,0
DA:244,0
DA:245,0
DA:246,0
DA:247,0
DA:248,0
DA:249,0
DA:250,0
DA:259,0
DA:263,0
DA:264,0
DA:265,0
DA:279,72
DA:280,18
DA:288,48
DA:297,3
DA:298,3
DA:304,0
DA:306,0
DA:311,3
DA:312,3
DA:315,3
DA:338,324
DA:351,3
DA:357,3
DA:365,3
DA:370,15
DA:372,15
DA:373,15
DA:375,15
DA:382,3
DA:384,3
DA:385,72
DA:386,18
DA:388,3
DA:389,54
DA:390,504
DA:398,18
DA:399,432
DA:401,108
DA:402,108
DA:403,108
DA:440,26
DA:443,2
DA:453,2
DA:471,677
DA:571,0
DA:573,0
DA:675,1
DA:695,1
DA:736,1
DA:738,1
DA:739,1
DA:740,1
DA:741,1
DA:743,1
DA:744,1
DA:745,1
DA:746,1
DA:792,1
DA:835,1
DA:836,1
DA:837,1
DA:838,1
DA:839,1
DA:840,1
DA:841,1
DA:842,1
DA:843,1
DA:844,1
DA:845,1
DA:872,0
DA:873,0
DA:875,0
DA:876,0
DA:877,0
DA:983,1
DA:984,1
DA:985,1
DA:986,1
DA:987,1
DA:1086,1
DA:1087,1
DA:1088,1
DA:1089,1
DA:1090,1
DA:1118,0
DA:1148,1
DA:1149,1
DA:1150,1
DA:1151,1
DA:1152,1
DA:1153,1
DA:1161,1
DA:1165,1228
DA:1261,0
DA:1310,0
DA:1323,0
DA:1361,0
DA:1455,0
DA:1456,0
LF:163
LH:126
BRDA:259,0,0,0
BRDA:259,0,1,0
BRDA:259,0,2,0
BRDA:259,0,3,0
BRDA:259,0,4,0
BRDA:288,1,0,3
BRDA:288,1,1,3
BRDA:288,1,2,3
BRDA:288,1,3,3
BRDA:288,1,4,0
BRDA:288,1,5,3
BRDA:300,2,0,0
BRDA:300,2,1,3
BRDA:299,3,0,3
BRDA:299,3,1,0
BRDA:299,4,0,0
BRDA:299,4,1,3
BRDA:303,5,0,0
BRDA:303,5,1,3
BRDA:310,6,0,3
BRDA:310,6,1,0
BRDA:288,7,0,3
BRDA:288,7,1,0
BRDA:319,8,0,0
BRDA:319,8,1,3
BRDA:320,9,0,3
BRDA:320,9,1,3
BRDA:338,10,0,0
BRDA:338,10,1,3
BRDA:338,11,0,3
BRDA:338,11,1,2
BRDA:338,12,0,3
BRDA:338,12,1,3
BRDA:338,12,2,3
BRDA:338,12,3,18
BRDA:338,12,4,15
BRDA:338,12,5,15
BRDA:338,12,6,15
BRDA:338,12,7,3
BRDA:338,12,8,0
BRDA:338,12,9,3
BRDA:338,12,10,3
BRDA:338,12,11,3
BRDA:338,12,12,3
BRDA:338,12,13,3
BRDA:338,12,14,0
BRDA:338,12,15,3
BRDA:343,13,0,3
BRDA:343,13,1,0
BRDA:344,14,0,3
BRDA:344,14,1,0
BRDA:345,15,0,3
BRDA:345,15,1,0
BRDA:346,16,0,3
BRDA:346,16,1,0
BRDA:347,17,0,3
BRDA:347,17,1,0
BRDA:348,18,0,3
BRDA:348,18,1,0
BRDA:338,19,0,9
BRDA:338,19,1,18
BRDA:120,20,0,0
BRDA:120,20,1,0
BRDA:120,20,2,0
BRDA:120,20,3,0
BRDA:122,21,0,0
BRDA:122,21,1,0
BRDA:122,21,2,0
BRDA:122,21,3,0
BRDA:122,21,4,0
BRDA:122,21,5,0
BRDA:122,21,6,0
BRDA:122,21,7,0
BRDA:122,21,8,0
BRDA:122,22,0,0
BRDA:122,22,1,0
BRDA:164,23,0,0
BRDA:164,23,1,2488
BRDA:181,24,0,1
BRDA:181,24,1,1
BRDA:204,25,0,5
BRDA:204,25,1,1
BRDA:205,26,0,1
BRDA:205,26,1,0
BRDA:206,27,0,0
BRDA:206,27,1,0
BRDA:206,28,0,0
BRDA:206,28,1,0
BRDA:230,29,0,0
BRDA:230,29,1,0
BRDA:247,30,0,0
BRDA:247,30,1,0
BRDA:248,31,0,0
BRDA:248,31,1,0
BRDA:249,32,0,0
BRDA:249,32,1,0
BRDA:440,33,0,2
BRDA:440,33,1,2
BRDA:440,33,2,0
BRDA:440,33,3,2
BRDA:471,34,0,23
BRDA:471,34,1,23
BRDA:471,34,2,0
BRDA:471,34,3,23
BRDA:471,35,0,4
BRDA:471,35,1,4
BRDA:471,35,2,4
BRDA:471,35,3,0
BRDA:471,35,4,4
BRDA:471,36,0,0
BRDA:471,36,1,0
BRDA:471,37,0,0
BRDA:471,37,1,0
BRDA:471,38,0,0
BRDA:471,38,1,0
BRDA:471,38,2,0
BRDA:471,38,3,0
BRDA:471,38,4,0
BRDA:471,38,5,0
BRDA:471,38,6,0
BRDA:471,38,7,0
BRDA:471,38,8,0
BRDA:471,39,0,0
BRDA:471,39,1,0
BRDA:471,40,0,1
BRDA:471,40,1,1
BRDA:471,40,2,1
BRDA:471,40,3,1
BRDA:471,40,4,0
BRDA:471,40,5,1
BRDA:742,41,0,1
BRDA:742,41,1,0
BRDA:471,42,0,1
BRDA:471,42,1,1
BRDA:471,42,2,1
BRDA:471,42,3,1
BRDA:471,42,4,1
BRDA:471,42,5,0
BRDA:471,42,6,1
BRDA:471,43,0,2
BRDA:471,43,1,2
BRDA:471,43,2,2
BRDA:471,43,3,2
BRDA:471,43,4,2
BRDA:471,43,5,2
BRDA:471,43,6,0
BRDA:471,43,7,2
BRDA:471,44,0,0
BRDA:471,44,1,1
BRDA:471,45,0,1
BRDA:471,45,1,0
BRDA:1145,46,0,1
BRDA:1145,46,1,0
BRDA:1150,47,0,1
BRDA:1150,47,1,1
BRDA:1151,48,0,1
BRDA:1151,48,1,1
BRDA:471,49,0,0
BRDA:471,49,1,0
BRDA:471,50,0,0
BRDA:471,50,1,0
BRDA:471,51,0,0
BRDA:471,51,1,0
BRDA:471,52,0,0
BRDA:471,52,1,0
BRDA:471,53,0,0
BRDA:471,53,1,0
BRDA:471,54,0,0
BRDA:471,54,1,0
BRDA:471,55,0,0
BRDA:471,55,1,0
BRDA:471,56,0,0
BRDA:471,56,1,0
BRDA:471,57,0,0
BRDA:471,57,1,0
BRDA:471,58,0,0
BRDA:471,58,1,0
BRDA:471,59,0,0
BRDA:471,59,1,0
BRDA:471,60,0,0
BRDA:471,60,1,0
BRDA:471,61,0,0
BRDA:471,61,1,0
BRDA:471,62,0,0
BRDA:471,62,1,0
BRDA:471,63,0,0
BRDA:471,63,1,0
BRDA:471,64,0,0
BRDA:471,64,1,0
BRDA:471,65,0,0
BRDA:471,65,1,0
BRDA:471,66,0,0
BRDA:471,66,1,0
BRDA:471,67,0,0
BRDA:471,67,1,0
BRDA:471,68,0,0
BRDA:471,68,1,0
BRDA:471,69,0,0
BRDA:471,69,1,0
BRDA:471,70,0,0
BRDA:471,70,1,0
BRDA:471,71,0,0
BRDA:471,71,1,0
BRDA:471,72,0,0
BRDA:471,72,1,0
BRDA:471,73,0,0
BRDA:471,73,1,0
BRDA:471,74,0,0
BRDA:471,74,1,0
BRF:209
BRH:81
end_of_record
