TN:
SF:/Users/josiahsavary/livepeerjs/packages/sdk/src/index.js
FN:74,(anonymous_0)
FN:75,_callee3
FN:80,_callee3$
FN:105,deployContract
FN:124,(anonymous_4)
FN:125,_callee4
FN:131,_callee4$
FN:138,signTransaction
FN:141,(anonymous_8)
FN:142,accounts
FN:146,(anonymous_10)
FN:151,(anonymous_11)
FN:199,initRPC
FN:212,(anonymous_13)
FN:213,_callee5
FN:218,_callee5$
FN:328,(anonymous_16)
FN:334,(anonymous_17)
FN:339,(anonymous_18)
FN:344,(anonymous_19)
FN:346,(anonymous_20)
FN:354,(anonymous_21)
FN:355,(anonymous_22)
FN:384,initContracts
FN:452,_interopRequireDefault
FN:563,(anonymous_25)
FN:564,_callee2
FN:565,_callee2$
FN:570,(anonymous_28)
FN:571,(anonymous_29)
FN:572,_callee
FN:574,_callee$
FN:640,pollForReceipt
FN:659,getTxReceipt
FN:671,parseTranscodingOptions
FN:673,(anonymous_35)
FN:682,(anonymous_36)
FN:683,(anonymous_37)
FN:695,serializeTranscodingProfiles
FN:697,(anonymous_39)
FN:707,padAddress
FN:717,encodeEventTopics
FN:718,(anonymous_42)
FN:737,decodeEvent
FN:738,(anonymous_44)
FN:751,toBN
FN:754,compose
FN:759,(anonymous_47)
FN:760,(anonymous_48)
FN:765,prop
FN:766,(anonymous_50)
FN:770,toBool
FN:773,toString
FN:776,toNumber
FN:782,invariant
FN:785,formatDuration
FN:792,getContractAt
FN:800,(anonymous_57)
FN:801,_callee51
FN:804,_callee51$
FN:850,(anonymous_60)
FN:851,_callee6
FN:852,_callee6$
FN:872,getEthBalance
FN:890,(anonymous_64)
FN:891,_callee7
FN:892,_callee7$
FN:912,getTokenTotalSupply
FN:931,(anonymous_68)
FN:932,_callee8
FN:933,_callee8$
FN:953,getTokenBalance
FN:972,(anonymous_72)
FN:973,_callee9
FN:974,_callee9$
FN:1001,getTokenInfo
FN:1040,(anonymous_76)
FN:1041,_callee10
FN:1044,_callee10$
FN:1097,transferToken
FN:1115,(anonymous_80)
FN:1116,_callee11
FN:1117,_callee11$
FN:1137,getFaucetAmount
FN:1155,(anonymous_84)
FN:1156,_callee12
FN:1157,_callee12$
FN:1177,getFaucetWait
FN:1196,(anonymous_88)
FN:1197,_callee13
FN:1198,_callee13$
FN:1218,getFaucetNext
FN:1241,(anonymous_92)
FN:1242,_callee14
FN:1243,_callee14$
FN:1276,getFaucetInfo
FN:1299,(anonymous_96)
FN:1300,_callee15
FN:1302,_callee15$
FN:1325,getBroadcaster
FN:1344,(anonymous_100)
FN:1345,_callee16
FN:1347,_callee16$
FN:1368,getDelegatorStatus
FN:1387,(anonymous_104)
FN:1388,_callee17
FN:1389,_callee17$
FN:1409,getDelegatorStake
FN:1438,(anonymous_108)
FN:1439,_callee18
FN:1441,_callee18$
FN:1482,getDelegator
FN:1501,(anonymous_112)
FN:1502,_callee19
FN:1503,_callee19$
FN:1530,getTranscoderIsActive
FN:1549,(anonymous_116)
FN:1550,_callee20
FN:1552,_callee20$
FN:1573,getTranscoderStatus
FN:1592,(anonymous_120)
FN:1593,_callee21
FN:1594,_callee21$
FN:1614,getTranscoderTotalStake
FN:1645,(anonymous_124)
FN:1646,_callee22
FN:1648,_callee22$
FN:1701,getTranscoder
FN:1719,(anonymous_128)
FN:1720,_callee23
FN:1722,_callee23$
FN:1769,getTranscoders
FN:1787,(anonymous_132)
FN:1788,_callee24
FN:1789,_callee24$
FN:1809,getRoundLength
FN:1827,(anonymous_136)
FN:1828,_callee25
FN:1829,_callee25$
FN:1849,getRoundsPerYear
FN:1867,(anonymous_140)
FN:1868,_callee26
FN:1869,_callee26$
FN:1889,getCurrentRound
FN:1907,(anonymous_144)
FN:1908,_callee27
FN:1909,_callee27$
FN:1929,getCurrentRoundIsInitialized
FN:1947,(anonymous_148)
FN:1948,_callee28
FN:1949,_callee28$
FN:1969,getCurrentRoundStartBlock
FN:1987,(anonymous_152)
FN:1988,_callee29
FN:1989,_callee29$
FN:2009,getLastInitializedRound
FN:2033,(anonymous_156)
FN:2034,_callee30
FN:2036,_callee30$
FN:2081,getCurrentRoundInfo
FN:2101,(anonymous_160)
FN:2102,_callee31
FN:2103,_callee31$
FN:2123,getTotalJobs
FN:2141,(anonymous_164)
FN:2142,_callee32
FN:2143,_callee32$
FN:2163,getJobVerificationRate
FN:2181,(anonymous_168)
FN:2182,_callee33
FN:2183,_callee33$
FN:2203,getJobVerificationPeriod
FN:2221,(anonymous_172)
FN:2222,_callee34
FN:2223,_callee34$
FN:2243,getJobVerificationSlashingPeriod
FN:2261,(anonymous_176)
FN:2262,_callee35
FN:2263,_callee35$
FN:2283,getJobFinderFee
FN:2307,(anonymous_180)
FN:2308,_callee36
FN:2310,_callee36$
FN:2355,getJobsInfo
FN:2380,(anonymous_184)
FN:2381,_callee37
FN:2383,_callee37$
FN:2408,getJob
FN:2430,(anonymous_188)
FN:2431,_callee38
FN:2440,_callee38$
FN:2465,(anonymous_191)
FN:2484,getJobs
FN:2521,(anonymous_193)
FN:2522,_callee39
FN:2524,_callee39$
FN:2549,tapFaucet
FN:2586,(anonymous_197)
FN:2587,_callee40
FN:2589,_callee40$
FN:2622,initializeRound
FN:2660,(anonymous_201)
FN:2661,_callee41
FN:2663,_callee41$
FN:2688,claimEarnings
FN:2694,(anonymous_205)
FN:2695,_callee42
FN:2698,_callee42$
FN:2723,approveTokenBondAmount
FN:2729,(anonymous_209)
FN:2730,_callee43
FN:2733,_callee43$
FN:2761,bondApprovedTokenAmount
FN:2798,(anonymous_213)
FN:2799,_callee44
FN:2804,_callee44$
FN:2844,unbond
FN:2884,(anonymous_217)
FN:2885,_callee45
FN:2889,_callee45$
FN:2914,setupTranscoder
FN:2952,(anonymous_221)
FN:2953,_callee46
FN:2956,_callee46$
FN:3000,deposit
FN:3037,(anonymous_225)
FN:3038,_callee47
FN:3040,_callee47$
FN:3065,withdraw
FN:3102,(anonymous_229)
FN:3103,_callee48
FN:3105,_callee48$
FN:3130,withdrawStake
FN:3167,(anonymous_233)
FN:3168,_callee49
FN:3170,_callee49$
FN:3195,withdrawFees
FN:3235,(anonymous_237)
FN:3236,_callee50
FN:3242,_callee50$
FN:3267,createJob
FN:3456,createLivepeerSDK
FNF:242
FNH:170
FNDA:1,(anonymous_0)
FNDA:0,_callee3
FNDA:0,_callee3$
FNDA:0,deployContract
FNDA:1,(anonymous_4)
FNDA:3,_callee4
FNDA:9,_callee4$
FNDA:0,signTransaction
FNDA:0,(anonymous_8)
FNDA:0,accounts
FNDA:0,(anonymous_10)
FNDA:0,(anonymous_11)
FNDA:3,initRPC
FNDA:1,(anonymous_13)
FNDA:3,_callee5
FNDA:48,_callee5$
FNDA:18,(anonymous_16)
FNDA:18,(anonymous_17)
FNDA:18,(anonymous_18)
FNDA:504,(anonymous_19)
FNDA:108,(anonymous_20)
FNDA:18,(anonymous_21)
FNDA:108,(anonymous_22)
FNDA:3,initContracts
FNDA:23,_interopRequireDefault
FNDA:1,(anonymous_25)
FNDA:0,_callee2
FNDA:0,_callee2$
FNDA:0,(anonymous_28)
FNDA:0,(anonymous_29)
FNDA:0,_callee
FNDA:0,_callee$
FNDA:0,pollForReceipt
FNDA:0,getTxReceipt
FNDA:1228,parseTranscodingOptions
FNDA:11052,(anonymous_35)
FNDA:2488,(anonymous_36)
FNDA:14697,(anonymous_37)
FNDA:2,serializeTranscodingProfiles
FNDA:2,(anonymous_39)
FNDA:0,padAddress
FNDA:1,encodeEventTopics
FNDA:6,(anonymous_42)
FNDA:1,decodeEvent
FNDA:1228,(anonymous_44)
FNDA:0,toBN
FNDA:4,compose
FNDA:4,(anonymous_47)
FNDA:1250,(anonymous_48)
FNDA:3,prop
FNDA:22,(anonymous_50)
FNDA:2,toBool
FNDA:1264,toString
FNDA:0,toNumber
FNDA:0,invariant
FNDA:0,formatDuration
FNDA:18,getContractAt
FNDA:1,(anonymous_57)
FNDA:2,_callee51
FNDA:6,_callee51$
FNDA:2,(anonymous_60)
FNDA:1,_callee6
FNDA:3,_callee6$
FNDA:1,getEthBalance
FNDA:2,(anonymous_64)
FNDA:2,_callee7
FNDA:6,_callee7$
FNDA:2,getTokenTotalSupply
FNDA:2,(anonymous_68)
FNDA:2,_callee8
FNDA:6,_callee8$
FNDA:2,getTokenBalance
FNDA:2,(anonymous_72)
FNDA:1,_callee9
FNDA:4,_callee9$
FNDA:1,getTokenInfo
FNDA:2,(anonymous_76)
FNDA:0,_callee10
FNDA:0,_callee10$
FNDA:0,transferToken
FNDA:2,(anonymous_80)
FNDA:1,_callee11
FNDA:3,_callee11$
FNDA:1,getFaucetAmount
FNDA:2,(anonymous_84)
FNDA:1,_callee12
FNDA:3,_callee12$
FNDA:1,getFaucetWait
FNDA:2,(anonymous_88)
FNDA:1,_callee13
FNDA:3,_callee13$
FNDA:1,getFaucetNext
FNDA:2,(anonymous_92)
FNDA:1,_callee14
FNDA:5,_callee14$
FNDA:1,getFaucetInfo
FNDA:2,(anonymous_96)
FNDA:1,_callee15
FNDA:3,_callee15$
FNDA:1,getBroadcaster
FNDA:2,(anonymous_100)
FNDA:1,_callee16
FNDA:3,_callee16$
FNDA:1,getDelegatorStatus
FNDA:2,(anonymous_104)
FNDA:0,_callee17
FNDA:0,_callee17$
FNDA:0,getDelegatorStake
FNDA:2,(anonymous_108)
FNDA:1,_callee18
FNDA:4,_callee18$
FNDA:1,getDelegator
FNDA:2,(anonymous_112)
FNDA:1,_callee19
FNDA:4,_callee19$
FNDA:1,getTranscoderIsActive
FNDA:2,(anonymous_116)
FNDA:1,_callee20
FNDA:3,_callee20$
FNDA:1,getTranscoderStatus
FNDA:2,(anonymous_120)
FNDA:1,_callee21
FNDA:3,_callee21$
FNDA:1,getTranscoderTotalStake
FNDA:2,(anonymous_124)
FNDA:1,_callee22
FNDA:6,_callee22$
FNDA:1,getTranscoder
FNDA:2,(anonymous_128)
FNDA:0,_callee23
FNDA:0,_callee23$
FNDA:0,getTranscoders
FNDA:2,(anonymous_132)
FNDA:1,_callee24
FNDA:3,_callee24$
FNDA:1,getRoundLength
FNDA:2,(anonymous_136)
FNDA:0,_callee25
FNDA:0,_callee25$
FNDA:0,getRoundsPerYear
FNDA:2,(anonymous_140)
FNDA:2,_callee26
FNDA:6,_callee26$
FNDA:2,getCurrentRound
FNDA:2,(anonymous_144)
FNDA:1,_callee27
FNDA:3,_callee27$
FNDA:1,getCurrentRoundIsInitialized
FNDA:2,(anonymous_148)
FNDA:1,_callee28
FNDA:3,_callee28$
FNDA:1,getCurrentRoundStartBlock
FNDA:2,(anonymous_152)
FNDA:1,_callee29
FNDA:3,_callee29$
FNDA:1,getLastInitializedRound
FNDA:2,(anonymous_156)
FNDA:1,_callee30
FNDA:7,_callee30$
FNDA:1,getCurrentRoundInfo
FNDA:2,(anonymous_160)
FNDA:1,_callee31
FNDA:3,_callee31$
FNDA:1,getTotalJobs
FNDA:2,(anonymous_164)
FNDA:1,_callee32
FNDA:3,_callee32$
FNDA:1,getJobVerificationRate
FNDA:2,(anonymous_168)
FNDA:1,_callee33
FNDA:3,_callee33$
FNDA:1,getJobVerificationPeriod
FNDA:2,(anonymous_172)
FNDA:1,_callee34
FNDA:3,_callee34$
FNDA:1,getJobVerificationSlashingPeriod
FNDA:2,(anonymous_176)
FNDA:1,_callee35
FNDA:3,_callee35$
FNDA:1,getJobFinderFee
FNDA:2,(anonymous_180)
FNDA:1,_callee36
FNDA:7,_callee36$
FNDA:1,getJobsInfo
FNDA:2,(anonymous_184)
FNDA:0,_callee37
FNDA:0,_callee37$
FNDA:0,getJob
FNDA:2,(anonymous_188)
FNDA:1,_callee38
FNDA:4,_callee38$
FNDA:1228,(anonymous_191)
FNDA:1,getJobs
FNDA:2,(anonymous_193)
FNDA:0,_callee39
FNDA:0,_callee39$
FNDA:0,tapFaucet
FNDA:2,(anonymous_197)
FNDA:0,_callee40
FNDA:0,_callee40$
FNDA:0,initializeRound
FNDA:2,(anonymous_201)
FNDA:0,_callee41
FNDA:0,_callee41$
FNDA:0,claimEarnings
FNDA:2,(anonymous_205)
FNDA:0,_callee42
FNDA:0,_callee42$
FNDA:0,approveTokenBondAmount
FNDA:2,(anonymous_209)
FNDA:0,_callee43
FNDA:0,_callee43$
FNDA:0,bondApprovedTokenAmount
FNDA:2,(anonymous_213)
FNDA:0,_callee44
FNDA:0,_callee44$
FNDA:0,unbond
FNDA:2,(anonymous_217)
FNDA:0,_callee45
FNDA:0,_callee45$
FNDA:0,setupTranscoder
FNDA:2,(anonymous_221)
FNDA:0,_callee46
FNDA:0,_callee46$
FNDA:0,deposit
FNDA:2,(anonymous_225)
FNDA:0,_callee47
FNDA:0,_callee47$
FNDA:0,withdraw
FNDA:2,(anonymous_229)
FNDA:0,_callee48
FNDA:0,_callee48$
FNDA:0,withdrawStake
FNDA:2,(anonymous_233)
FNDA:0,_callee49
FNDA:0,_callee49$
FNDA:0,withdrawFees
FNDA:2,(anonymous_237)
FNDA:0,_callee50
FNDA:0,_callee50$
FNDA:0,createJob
FNDA:2,createLivepeerSDK
DA:3,1
DA:6,1
DA:8,1
DA:10,1
DA:12,1
DA:14,1
DA:16,1
DA:18,1
DA:20,1
DA:22,1
DA:24,1
DA:26,1
DA:28,1
DA:30,1
DA:32,1
DA:34,1
DA:36,1
DA:38,1
DA:40,1
DA:42,1
DA:44,1
DA:46,1
DA:48,1
DA:50,1
DA:52,1
DA:54,1
DA:56,1
DA:58,1
DA:60,1
DA:62,1
DA:64,1
DA:66,1
DA:74,1
DA:75,1
DA:76,0
DA:77,0
DA:78,0
DA:80,0
DA:81,0
DA:82,0
DA:84,0
DA:85,0
DA:86,0
DA:89,0
DA:90,0
DA:91,0
DA:94,0
DA:95,0
DA:99,0
DA:105,1
DA:106,0
DA:124,1
DA:125,1
DA:126,3
DA:127,3
DA:128,3
DA:129,3
DA:131,3
DA:132,9
DA:133,12
DA:135,3
DA:136,3
DA:139,0
DA:143,0
DA:146,0
DA:147,0
DA:150,0
DA:152,0
DA:157,3
DA:159,3
DA:160,3
DA:161,3
DA:164,0
DA:165,0
DA:166,0
DA:169,3
DA:170,3
DA:173,3
DA:176,3
DA:177,3
DA:181,3
DA:193,3
DA:199,1
DA:200,3
DA:212,1
DA:213,1
DA:214,3
DA:218,3
DA:219,48
DA:220,72
DA:223,3
DA:226,3
DA:227,3
DA:235,3
DA:236,3
DA:237,3
DA:238,3
DA:239,3
DA:247,3
DA:248,3
DA:254,3
DA:255,3
DA:256,3
DA:257,3
DA:258,3
DA:259,3
DA:262,18
DA:263,3
DA:264,3
DA:267,15
DA:270,15
DA:271,15
DA:272,15
DA:275,15
DA:276,15
DA:277,15
DA:283,15
DA:286,15
DA:287,15
DA:288,15
DA:291,3
DA:292,3
DA:295,0
DA:296,0
DA:297,0
DA:298,0
DA:301,3
DA:302,3
DA:304,3
DA:305,0
DA:309,3
DA:311,3
DA:312,3
DA:313,3
DA:316,0
DA:319,3
DA:322,3
DA:326,3
DA:328,3
DA:329,18
DA:330,18
DA:331,18
DA:333,18
DA:335,18
DA:339,3
DA:340,18
DA:341,18
DA:342,18
DA:344,18
DA:345,504
DA:347,108
DA:355,18
DA:356,108
DA:357,108
DA:358,108
DA:359,108
DA:362,108
DA:363,108
DA:364,108
DA:367,3
DA:378,3
DA:384,1
DA:385,3
DA:414,1
DA:416,1
DA:418,1
DA:420,1
DA:422,1
DA:424,1
DA:426,1
DA:428,1
DA:430,1
DA:432,1
DA:434,1
DA:436,1
DA:438,1
DA:440,1
DA:442,1
DA:444,1
DA:446,1
DA:448,1
DA:450,1
DA:452,23
DA:455,1
DA:456,1
DA:457,1
DA:458,1
DA:524,1
DA:525,1
DA:526,1
DA:527,1
DA:528,1
DA:529,1
DA:531,1
DA:532,1
DA:533,1
DA:534,1
DA:535,1
DA:539,1
DA:555,1
DA:564,1
DA:565,0
DA:566,0
DA:567,0
DA:569,0
DA:570,0
DA:571,0
DA:572,0
DA:574,0
DA:575,0
DA:576,0
DA:578,0
DA:579,0
DA:580,0
DA:583,0
DA:585,0
DA:586,0
DA:587,0
DA:590,0
DA:591,0
DA:592,0
DA:595,0
DA:597,0
DA:598,0
DA:601,0
DA:602,0
DA:603,0
DA:604,0
DA:605,0
DA:606,0
DA:609,0
DA:610,0
DA:614,0
DA:615,0
DA:616,0
DA:619,0
DA:622,0
DA:623,0
DA:624,0
DA:627,0
DA:628,0
DA:630,0
DA:634,0
DA:641,0
DA:644,0
DA:649,0
DA:653,0
DA:660,0
DA:663,1
DA:672,1228
DA:673,1228
DA:674,11052
DA:676,1228
DA:677,1228
DA:678,2488
DA:679,2488
DA:680,2488
DA:682,1228
DA:683,2488
DA:684,14697
DA:685,14697
DA:696,2
DA:698,2
DA:708,0
DA:718,1
DA:719,6
DA:720,6
DA:721,6
DA:723,6
DA:724,1
DA:725,0
DA:726,0
DA:738,1
DA:739,1228
DA:740,1228
DA:742,1228
DA:749,1
DA:751,1
DA:752,0
DA:754,1
DA:755,4
DA:756,8
DA:759,4
DA:760,4
DA:761,1250
DA:765,1
DA:766,3
DA:767,22
DA:770,1
DA:771,2
DA:773,1
DA:774,1264
DA:776,1
DA:777,0
DA:779,1
DA:780,1
DA:781,1
DA:782,1
DA:783,0
DA:785,1
DA:786,0
DA:787,0
DA:788,0
DA:789,0
DA:790,0
DA:791,0
DA:793,18
DA:794,18
DA:795,18
DA:796,18
DA:798,18
DA:800,1
DA:801,1
DA:804,2
DA:805,6
DA:806,6
DA:808,2
DA:809,2
DA:812,2
DA:813,2
DA:814,2
DA:815,2
DA:818,2
DA:837,2
DA:851,2
DA:852,1
DA:853,3
DA:854,3
DA:856,1
DA:857,1
DA:858,1
DA:861,1
DA:862,1
DA:866,1
DA:873,1
DA:876,2
DA:891,2
DA:892,2
DA:893,6
DA:894,6
DA:896,2
DA:897,2
DA:898,2
DA:901,2
DA:902,2
DA:906,2
DA:913,2
DA:916,2
DA:932,2
DA:933,2
DA:934,6
DA:935,6
DA:937,2
DA:938,2
DA:939,2
DA:942,2
DA:943,2
DA:947,2
DA:954,2
DA:957,2
DA:973,2
DA:974,1
DA:975,4
DA:976,4
DA:978,1
DA:979,1
DA:982,1
DA:983,1
DA:984,1
DA:987,1
DA:988,1
DA:995,1
DA:1002,1
DA:1005,2
DA:1041,2
DA:1042,0
DA:1044,0
DA:1045,0
DA:1046,0
DA:1048,0
DA:1051,0
DA:1052,0
DA:1055,0
DA:1057,0
DA:1058,0
DA:1059,0
DA:1062,0
DA:1065,0
DA:1066,0
DA:1067,0
DA:1070,0
DA:1071,0
DA:1072,0
DA:1073,0
DA:1076,0
DA:1077,0
DA:1078,0
DA:1081,0
DA:1082,0
DA:1083,0
DA:1084,0
DA:1087,0
DA:1091,0
DA:1098,0
DA:1101,2
DA:1116,2
DA:1117,1
DA:1118,3
DA:1119,3
DA:1121,1
DA:1122,1
DA:1123,1
DA:1126,1
DA:1127,1
DA:1131,1
DA:1138,1
DA:1141,2
DA:1156,2
DA:1157,1
DA:1158,3
DA:1159,3
DA:1161,1
DA:1162,1
DA:1163,1
DA:1166,1
DA:1167,1
DA:1171,1
DA:1178,1
DA:1181,2
DA:1197,2
DA:1198,1
DA:1199,3
DA:1200,3
DA:1202,1
DA:1203,1
DA:1204,1
DA:1207,1
DA:1208,1
DA:1212,1
DA:1219,1
DA:1222,2
DA:1242,2
DA:1243,1
DA:1244,5
DA:1245,5
DA:1247,1
DA:1248,1
DA:1251,1
DA:1252,1
DA:1253,1
DA:1256,1
DA:1257,1
DA:1258,1
DA:1261,1
DA:1262,1
DA:1270,1
DA:1277,1
DA:1280,2
DA:1300,2
DA:1302,1
DA:1303,3
DA:1304,3
DA:1306,1
DA:1307,1
DA:1310,1
DA:1311,1
DA:1319,1
DA:1326,1
DA:1329,2
DA:1345,2
DA:1347,1
DA:1348,3
DA:1349,3
DA:1351,1
DA:1352,1
DA:1353,1
DA:1356,1
DA:1357,1
DA:1358,1
DA:1362,1
DA:1369,1
DA:1372,2
DA:1388,2
DA:1389,0
DA:1390,0
DA:1391,0
DA:1393,0
DA:1394,0
DA:1395,0
DA:1398,0
DA:1399,0
DA:1403,0
DA:1410,0
DA:1413,2
DA:1439,2
DA:1441,1
DA:1442,4
DA:1443,4
DA:1445,1
DA:1446,1
DA:1449,1
DA:1450,1
DA:1451,1
DA:1454,1
DA:1455,1
DA:1456,1
DA:1457,1
DA:1458,1
DA:1459,1
DA:1460,1
DA:1461,1
DA:1462,1
DA:1476,1
DA:1483,1
DA:1486,2
DA:1502,2
DA:1503,1
DA:1504,4
DA:1505,4
DA:1507,1
DA:1508,1
DA:1509,1
DA:1510,1
DA:1511,1
DA:1514,1
DA:1515,1
DA:1516,1
DA:1519,1
DA:1520,1
DA:1524,1
DA:1531,1
DA:1534,2
DA:1550,2
DA:1552,1
DA:1553,3
DA:1554,3
DA:1556,1
DA:1557,1
DA:1558,1
DA:1561,1
DA:1562,1
DA:1563,1
DA:1567,1
DA:1574,1
DA:1577,2
DA:1593,2
DA:1594,1
DA:1595,3
DA:1596,3
DA:1598,1
DA:1599,1
DA:1600,1
DA:1603,1
DA:1604,1
DA:1608,1
DA:1615,1
DA:1618,2
DA:1646,2
DA:1648,1
DA:1649,6
DA:1650,6
DA:1652,1
DA:1653,1
DA:1656,1
DA:1657,1
DA:1658,1
DA:1661,1
DA:1662,1
DA:1663,1
DA:1666,1
DA:1667,1
DA:1668,1
DA:1671,1
DA:1672,1
DA:1673,1
DA:1674,1
DA:1675,1
DA:1676,1
DA:1677,1
DA:1678,1
DA:1679,1
DA:1695,1
DA:1702,1
DA:1705,2
DA:1720,2
DA:1722,0
DA:1723,0
DA:1724,0
DA:1726,0
DA:1727,0
DA:1728,0
DA:1729,0
DA:1732,0
DA:1733,0
DA:1736,0
DA:1737,0
DA:1738,0
DA:1741,0
DA:1742,0
DA:1745,0
DA:1747,0
DA:1748,0
DA:1749,0
DA:1750,0
DA:1753,0
DA:1754,0
DA:1755,0
DA:1756,0
DA:1759,0
DA:1763,0
DA:1770,0
DA:1773,2
DA:1788,2
DA:1789,1
DA:1790,3
DA:1791,3
DA:1793,1
DA:1794,1
DA:1795,1
DA:1798,1
DA:1799,1
DA:1803,1
DA:1810,1
DA:1813,2
DA:1828,2
DA:1829,0
DA:1830,0
DA:1831,0
DA:1833,0
DA:1834,0
DA:1835,0
DA:1838,0
DA:1839,0
DA:1843,0
DA:1850,0
DA:1853,2
DA:1868,2
DA:1869,2
DA:1870,6
DA:1871,6
DA:1873,2
DA:1874,2
DA:1875,2
DA:1878,2
DA:1879,2
DA:1883,2
DA:1890,2
DA:1893,2
DA:1908,2
DA:1909,1
DA:1910,3
DA:1911,3
DA:1913,1
DA:1914,1
DA:1915,1
DA:1918,1
DA:1919,1
DA:1923,1
DA:1930,1
DA:1933,2
DA:1948,2
DA:1949,1
DA:1950,3
DA:1951,3
DA:1953,1
DA:1954,1
DA:1955,1
DA:1958,1
DA:1959,1
DA:1963,1
DA:1970,1
DA:1973,2
DA:1988,2
DA:1989,1
DA:1990,3
DA:1991,3
DA:1993,1
DA:1994,1
DA:1995,1
DA:1998,1
DA:1999,1
DA:2003,1
DA:2010,1
DA:2013,2
DA:2034,2
DA:2036,1
DA:2037,7
DA:2038,7
DA:2040,1
DA:2041,1
DA:2044,1
DA:2045,1
DA:2046,1
DA:2049,1
DA:2050,1
DA:2051,1
DA:2054,1
DA:2055,1
DA:2056,1
DA:2059,1
DA:2060,1
DA:2061,1
DA:2064,1
DA:2065,1
DA:2075,1
DA:2082,1
DA:2085,2
DA:2102,2
DA:2103,1
DA:2104,3
DA:2105,3
DA:2107,1
DA:2108,1
DA:2109,1
DA:2112,1
DA:2113,1
DA:2117,1
DA:2124,1
DA:2127,2
DA:2142,2
DA:2143,1
DA:2144,3
DA:2145,3
DA:2147,1
DA:2148,1
DA:2149,1
DA:2152,1
DA:2153,1
DA:2157,1
DA:2164,1
DA:2167,2
DA:2182,2
DA:2183,1
DA:2184,3
DA:2185,3
DA:2187,1
DA:2188,1
DA:2189,1
DA:2192,1
DA:2193,1
DA:2197,1
DA:2204,1
DA:2207,2
DA:2222,2
DA:2223,1
DA:2224,3
DA:2225,3
DA:2227,1
DA:2228,1
DA:2229,1
DA:2232,1
DA:2233,1
DA:2237,1
DA:2244,1
DA:2247,2
DA:2262,2
DA:2263,1
DA:2264,3
DA:2265,3
DA:2267,1
DA:2268,1
DA:2269,1
DA:2272,1
DA:2273,1
DA:2277,1
DA:2284,1
DA:2287,2
DA:2308,2
DA:2310,1
DA:2311,7
DA:2312,7
DA:2314,1
DA:2315,1
DA:2318,1
DA:2319,1
DA:2320,1
DA:2323,1
DA:2324,1
DA:2325,1
DA:2328,1
DA:2329,1
DA:2330,1
DA:2333,1
DA:2334,1
DA:2335,1
DA:2338,1
DA:2339,1
DA:2349,1
DA:2356,1
DA:2359,2
DA:2381,2
DA:2383,0
DA:2384,0
DA:2385,0
DA:2387,0
DA:2388,0
DA:2391,0
DA:2392,0
DA:2402,0
DA:2409,0
DA:2412,2
DA:2431,2
DA:2432,1
DA:2434,1
DA:2435,1
DA:2436,1
DA:2437,1
DA:2438,1
DA:2440,1
DA:2441,4
DA:2442,4
DA:2444,1
DA:2445,1
DA:2446,1
DA:2449,1
DA:2450,1
DA:2451,1
DA:2452,1
DA:2453,1
DA:2461,1
DA:2462,1
DA:2465,1
DA:2466,1228
DA:2473,1
DA:2474,1
DA:2478,1
DA:2485,1
DA:2488,2
DA:2522,2
DA:2523,0
DA:2524,0
DA:2525,0
DA:2526,0
DA:2528,0
DA:2529,0
DA:2530,0
DA:2533,0
DA:2534,0
DA:2535,0
DA:2536,0
DA:2539,0
DA:2543,0
DA:2550,0
DA:2553,2
DA:2587,2
DA:2588,0
DA:2589,0
DA:2590,0
DA:2591,0
DA:2593,0
DA:2594,0
DA:2595,0
DA:2596,0
DA:2599,0
DA:2600,0
DA:2601,0
DA:2602,0
DA:2605,0
DA:2608,0
DA:2609,0
DA:2611,0
DA:2612,0
DA:2616,0
DA:2623,0
DA:2626,2
DA:2661,2
DA:2662,0
DA:2663,0
DA:2664,0
DA:2665,0
DA:2667,0
DA:2668,0
DA:2669,0
DA:2672,0
DA:2673,0
DA:2674,0
DA:2675,0
DA:2678,0
DA:2682,0
DA:2689,0
DA:2692,2
DA:2695,2
DA:2696,0
DA:2698,0
DA:2699,0
DA:2700,0
DA:2702,0
DA:2705,0
DA:2706,0
DA:2707,0
DA:2710,0
DA:2711,0
DA:2712,0
DA:2713,0
DA:2717,0
DA:2724,0
DA:2727,2
DA:2730,2
DA:2731,0
DA:2733,0
DA:2734,0
DA:2735,0
DA:2737,0
DA:2740,0
DA:2741,0
DA:2742,0
DA:2745,0
DA:2746,0
DA:2747,0
DA:2748,0
DA:2751,0
DA:2755,0
DA:2762,0
DA:2765,2
DA:2799,2
DA:2800,0
DA:2804,0
DA:2805,0
DA:2806,0
DA:2808,0
DA:2809,0
DA:2812,0
DA:2813,0
DA:2815,0
DA:2816,0
DA:2817,0
DA:2820,0
DA:2823,0
DA:2824,0
DA:2825,0
DA:2828,0
DA:2829,0
DA:2830,0
DA:2831,0
DA:2834,0
DA:2838,0
DA:2845,0
DA:2848,2
DA:2885,2
DA:2888,0
DA:2889,0
DA:2890,0
DA:2891,0
DA:2893,0
DA:2894,0
DA:2895,0
DA:2898,0
DA:2899,0
DA:2900,0
DA:2901,0
DA:2904,0
DA:2908,0
DA:2915,0
DA:2918,2
DA:2953,2
DA:2954,0
DA:2956,0
DA:2957,0
DA:2958,0
DA:2960,0
DA:2961,0
DA:2962,0
DA:2965,0
DA:2966,0
DA:2967,0
DA:2969,0
DA:2970,0
DA:2971,0
DA:2974,0
DA:2977,0
DA:2978,0
DA:2979,0
DA:2984,0
DA:2985,0
DA:2986,0
DA:2987,0
DA:2990,0
DA:2994,0
DA:3001,0
DA:3004,2
DA:3038,2
DA:3039,0
DA:3040,0
DA:3041,0
DA:3042,0
DA:3044,0
DA:3045,0
DA:3046,0
DA:3049,0
DA:3050,0
DA:3051,0
DA:3052,0
DA:3055,0
DA:3059,0
DA:3066,0
DA:3069,2
DA:3103,2
DA:3104,0
DA:3105,0
DA:3106,0
DA:3107,0
DA:3109,0
DA:3110,0
DA:3111,0
DA:3114,0
DA:3115,0
DA:3116,0
DA:3117,0
DA:3120,0
DA:3124,0
DA:3131,0
DA:3134,2
DA:3168,2
DA:3169,0
DA:3170,0
DA:3171,0
DA:3172,0
DA:3174,0
DA:3175,0
DA:3176,0
DA:3179,0
DA:3180,0
DA:3181,0
DA:3182,0
DA:3185,0
DA:3189,0
DA:3196,0
DA:3199,2
DA:3236,2
DA:3237,0
DA:3240,0
DA:3241,0
DA:3242,0
DA:3243,0
DA:3244,0
DA:3246,0
DA:3247,0
DA:3248,0
DA:3251,0
DA:3252,0
DA:3253,0
DA:3254,0
DA:3257,0
DA:3261,0
DA:3268,0
DA:3271,2
DA:3274,2
DA:3450,2
DA:3457,2
DA:3460,1
LF:1050
LH:682
BRDA:82,0,0,0
BRDA:82,0,1,0
BRDA:82,0,2,0
BRDA:82,0,3,0
BRDA:82,0,4,0
BRDA:133,1,0,3
BRDA:133,1,1,3
BRDA:133,1,2,3
BRDA:133,1,3,3
BRDA:133,1,4,0
BRDA:133,1,5,3
BRDA:136,2,0,0
BRDA:136,2,1,3
BRDA:136,3,0,3
BRDA:136,3,1,0
BRDA:136,4,0,0
BRDA:136,4,1,3
BRDA:136,5,0,0
BRDA:136,5,1,3
BRDA:156,6,0,3
BRDA:156,6,1,0
BRDA:159,7,0,3
BRDA:159,7,1,0
BRDA:180,8,0,0
BRDA:180,8,1,3
BRDA:180,9,0,3
BRDA:180,9,1,3
BRDA:214,10,0,0
BRDA:214,10,1,3
BRDA:214,11,0,3
BRDA:214,11,1,2
BRDA:220,12,0,3
BRDA:220,12,1,3
BRDA:220,12,2,3
BRDA:220,12,3,18
BRDA:220,12,4,15
BRDA:220,12,5,15
BRDA:220,12,6,15
BRDA:220,12,7,3
BRDA:220,12,8,0
BRDA:220,12,9,3
BRDA:220,12,10,3
BRDA:220,12,11,3
BRDA:220,12,12,3
BRDA:220,12,13,3
BRDA:220,12,14,0
BRDA:220,12,15,3
BRDA:223,13,0,3
BRDA:223,13,1,0
BRDA:223,14,0,3
BRDA:223,14,1,0
BRDA:223,15,0,3
BRDA:223,15,1,0
BRDA:223,16,0,3
BRDA:223,16,1,0
BRDA:223,17,0,3
BRDA:223,17,1,0
BRDA:223,18,0,3
BRDA:223,18,1,0
BRDA:262,19,0,3
BRDA:262,19,1,15
BRDA:304,20,0,0
BRDA:304,20,1,3
BRDA:304,21,0,3
BRDA:304,21,1,0
BRDA:311,22,0,3
BRDA:311,22,1,0
BRDA:452,23,0,14
BRDA:452,23,1,9
BRDA:452,24,0,23
BRDA:452,24,1,23
BRDA:567,25,0,0
BRDA:567,25,1,0
BRDA:567,25,2,0
BRDA:567,25,3,0
BRDA:576,26,0,0
BRDA:576,26,1,0
BRDA:576,26,2,0
BRDA:576,26,3,0
BRDA:576,26,4,0
BRDA:576,26,5,0
BRDA:576,26,6,0
BRDA:576,26,7,0
BRDA:576,26,8,0
BRDA:585,27,0,0
BRDA:585,27,1,0
BRDA:590,28,0,0
BRDA:590,28,1,0
BRDA:679,29,0,0
BRDA:679,29,1,2488
BRDA:698,30,0,1
BRDA:698,30,1,1
BRDA:723,31,0,5
BRDA:723,31,1,1
BRDA:724,32,0,1
BRDA:724,32,1,0
BRDA:725,33,0,0
BRDA:725,33,1,0
BRDA:725,34,0,0
BRDA:725,34,1,0
BRDA:752,35,0,0
BRDA:752,35,1,0
BRDA:790,36,0,0
BRDA:790,36,1,0
BRDA:790,37,0,0
BRDA:790,37,1,0
BRDA:790,38,0,0
BRDA:790,38,1,0
BRDA:806,39,0,2
BRDA:806,39,1,2
BRDA:806,39,2,0
BRDA:806,39,3,2
BRDA:854,40,0,1
BRDA:854,40,1,1
BRDA:854,40,2,0
BRDA:854,40,3,1
BRDA:894,41,0,2
BRDA:894,41,1,2
BRDA:894,41,2,0
BRDA:894,41,3,2
BRDA:935,42,0,2
BRDA:935,42,1,2
BRDA:935,42,2,0
BRDA:935,42,3,2
BRDA:976,43,0,1
BRDA:976,43,1,1
BRDA:976,43,2,1
BRDA:976,43,3,0
BRDA:976,43,4,1
BRDA:1042,44,0,0
BRDA:1042,44,1,0
BRDA:1042,45,0,0
BRDA:1042,45,1,0
BRDA:1046,46,0,0
BRDA:1046,46,1,0
BRDA:1046,46,2,0
BRDA:1046,46,3,0
BRDA:1046,46,4,0
BRDA:1046,46,5,0
BRDA:1046,46,6,0
BRDA:1046,46,7,0
BRDA:1046,46,8,0
BRDA:1057,47,0,0
BRDA:1057,47,1,0
BRDA:1119,48,0,1
BRDA:1119,48,1,1
BRDA:1119,48,2,0
BRDA:1119,48,3,1
BRDA:1159,49,0,1
BRDA:1159,49,1,1
BRDA:1159,49,2,0
BRDA:1159,49,3,1
BRDA:1200,50,0,1
BRDA:1200,50,1,1
BRDA:1200,50,2,0
BRDA:1200,50,3,1
BRDA:1245,51,0,1
BRDA:1245,51,1,1
BRDA:1245,51,2,1
BRDA:1245,51,3,1
BRDA:1245,51,4,0
BRDA:1245,51,5,1
BRDA:1304,52,0,1
BRDA:1304,52,1,1
BRDA:1304,52,2,0
BRDA:1304,52,3,1
BRDA:1349,53,0,1
BRDA:1349,53,1,1
BRDA:1349,53,2,0
BRDA:1349,53,3,1
BRDA:1391,54,0,0
BRDA:1391,54,1,0
BRDA:1391,54,2,0
BRDA:1391,54,3,0
BRDA:1443,55,0,1
BRDA:1443,55,1,1
BRDA:1443,55,2,1
BRDA:1443,55,3,0
BRDA:1443,55,4,1
BRDA:1457,56,0,1
BRDA:1457,56,1,0
BRDA:1505,57,0,1
BRDA:1505,57,1,1
BRDA:1505,57,2,1
BRDA:1505,57,3,0
BRDA:1505,57,4,1
BRDA:1554,58,0,1
BRDA:1554,58,1,1
BRDA:1554,58,2,0
BRDA:1554,58,3,1
BRDA:1596,59,0,1
BRDA:1596,59,1,1
BRDA:1596,59,2,0
BRDA:1596,59,3,1
BRDA:1650,60,0,1
BRDA:1650,60,1,1
BRDA:1650,60,2,1
BRDA:1650,60,3,1
BRDA:1650,60,4,1
BRDA:1650,60,5,0
BRDA:1650,60,6,1
BRDA:1724,61,0,0
BRDA:1724,61,1,0
BRDA:1724,61,2,0
BRDA:1724,61,3,0
BRDA:1724,61,4,0
BRDA:1724,61,5,0
BRDA:1724,61,6,0
BRDA:1724,61,7,0
BRDA:1736,62,0,0
BRDA:1736,62,1,0
BRDA:1791,63,0,1
BRDA:1791,63,1,1
BRDA:1791,63,2,0
BRDA:1791,63,3,1
BRDA:1831,64,0,0
BRDA:1831,64,1,0
BRDA:1831,64,2,0
BRDA:1831,64,3,0
BRDA:1871,65,0,2
BRDA:1871,65,1,2
BRDA:1871,65,2,0
BRDA:1871,65,3,2
BRDA:1911,66,0,1
BRDA:1911,66,1,1
BRDA:1911,66,2,0
BRDA:1911,66,3,1
BRDA:1951,67,0,1
BRDA:1951,67,1,1
BRDA:1951,67,2,0
BRDA:1951,67,3,1
BRDA:1991,68,0,1
BRDA:1991,68,1,1
BRDA:1991,68,2,0
BRDA:1991,68,3,1
BRDA:2038,69,0,1
BRDA:2038,69,1,1
BRDA:2038,69,2,1
BRDA:2038,69,3,1
BRDA:2038,69,4,1
BRDA:2038,69,5,1
BRDA:2038,69,6,0
BRDA:2038,69,7,1
BRDA:2105,70,0,1
BRDA:2105,70,1,1
BRDA:2105,70,2,0
BRDA:2105,70,3,1
BRDA:2145,71,0,1
BRDA:2145,71,1,1
BRDA:2145,71,2,0
BRDA:2145,71,3,1
BRDA:2185,72,0,1
BRDA:2185,72,1,1
BRDA:2185,72,2,0
BRDA:2185,72,3,1
BRDA:2225,73,0,1
BRDA:2225,73,1,1
BRDA:2225,73,2,0
BRDA:2225,73,3,1
BRDA:2265,74,0,1
BRDA:2265,74,1,1
BRDA:2265,74,2,0
BRDA:2265,74,3,1
BRDA:2312,75,0,1
BRDA:2312,75,1,1
BRDA:2312,75,2,1
BRDA:2312,75,3,1
BRDA:2312,75,4,1
BRDA:2312,75,5,1
BRDA:2312,75,6,0
BRDA:2312,75,7,1
BRDA:2385,76,0,0
BRDA:2385,76,1,0
BRDA:2385,76,2,0
BRDA:2385,76,3,0
BRDA:2432,77,0,0
BRDA:2432,77,1,1
BRDA:2432,78,0,1
BRDA:2432,78,1,0
BRDA:2437,79,0,1
BRDA:2437,79,1,0
BRDA:2442,80,0,1
BRDA:2442,80,1,1
BRDA:2442,80,2,1
BRDA:2442,80,3,0
BRDA:2442,80,4,1
BRDA:2450,81,0,1
BRDA:2450,81,1,1
BRDA:2451,82,0,1
BRDA:2451,82,1,1
BRDA:2523,83,0,0
BRDA:2523,83,1,0
BRDA:2523,84,0,0
BRDA:2523,84,1,0
BRDA:2526,85,0,0
BRDA:2526,85,1,0
BRDA:2526,85,2,0
BRDA:2526,85,3,0
BRDA:2526,85,4,0
BRDA:2588,86,0,0
BRDA:2588,86,1,0
BRDA:2588,87,0,0
BRDA:2588,87,1,0
BRDA:2591,88,0,0
BRDA:2591,88,1,0
BRDA:2591,88,2,0
BRDA:2591,88,3,0
BRDA:2591,88,4,0
BRDA:2591,88,5,0
BRDA:2662,89,0,0
BRDA:2662,89,1,0
BRDA:2662,90,0,0
BRDA:2662,90,1,0
BRDA:2665,91,0,0
BRDA:2665,91,1,0
BRDA:2665,91,2,0
BRDA:2665,91,3,0
BRDA:2665,91,4,0
BRDA:2696,92,0,0
BRDA:2696,92,1,0
BRDA:2696,93,0,0
BRDA:2696,93,1,0
BRDA:2700,94,0,0
BRDA:2700,94,1,0
BRDA:2700,94,2,0
BRDA:2700,94,3,0
BRDA:2731,95,0,0
BRDA:2731,95,1,0
BRDA:2731,96,0,0
BRDA:2731,96,1,0
BRDA:2735,97,0,0
BRDA:2735,97,1,0
BRDA:2735,97,2,0
BRDA:2735,97,3,0
BRDA:2735,97,4,0
BRDA:2800,98,0,0
BRDA:2800,98,1,0
BRDA:2800,99,0,0
BRDA:2800,99,1,0
BRDA:2806,100,0,0
BRDA:2806,100,1,0
BRDA:2806,100,2,0
BRDA:2806,100,3,0
BRDA:2806,100,4,0
BRDA:2806,100,5,0
BRDA:2806,100,6,0
BRDA:2815,101,0,0
BRDA:2815,101,1,0
BRDA:2888,102,0,0
BRDA:2888,102,1,0
BRDA:2888,103,0,0
BRDA:2888,103,1,0
BRDA:2891,104,0,0
BRDA:2891,104,1,0
BRDA:2891,104,2,0
BRDA:2891,104,3,0
BRDA:2891,104,4,0
BRDA:2954,105,0,0
BRDA:2954,105,1,0
BRDA:2954,106,0,0
BRDA:2954,106,1,0
BRDA:2958,107,0,0
BRDA:2958,107,1,0
BRDA:2958,107,2,0
BRDA:2958,107,3,0
BRDA:2958,107,4,0
BRDA:2958,107,5,0
BRDA:2958,107,6,0
BRDA:2969,108,0,0
BRDA:2969,108,1,0
BRDA:3039,109,0,0
BRDA:3039,109,1,0
BRDA:3039,110,0,0
BRDA:3039,110,1,0
BRDA:3042,111,0,0
BRDA:3042,111,1,0
BRDA:3042,111,2,0
BRDA:3042,111,3,0
BRDA:3042,111,4,0
BRDA:3104,112,0,0
BRDA:3104,112,1,0
BRDA:3104,113,0,0
BRDA:3104,113,1,0
BRDA:3107,114,0,0
BRDA:3107,114,1,0
BRDA:3107,114,2,0
BRDA:3107,114,3,0
BRDA:3107,114,4,0
BRDA:3169,115,0,0
BRDA:3169,115,1,0
BRDA:3169,116,0,0
BRDA:3169,116,1,0
BRDA:3172,117,0,0
BRDA:3172,117,1,0
BRDA:3172,117,2,0
BRDA:3172,117,3,0
BRDA:3172,117,4,0
BRDA:3237,118,0,0
BRDA:3237,118,1,0
BRDA:3237,119,0,0
BRDA:3237,119,1,0
BRDA:3241,120,0,0
BRDA:3241,120,1,0
BRDA:3241,121,0,0
BRDA:3241,121,1,0
BRDA:3244,122,0,0
BRDA:3244,122,1,0
BRDA:3244,122,2,0
BRDA:3244,122,3,0
BRDA:3244,122,4,0
BRF:410
BRH:164
end_of_record
