{
  "/Users/josiahsavary/livepeerjs/packages/sdk/src/index.js": {
    "path": "/Users/josiahsavary/livepeerjs/packages/sdk/src/index.js",
    "statementMap": {
      "0": {
        "start": { "line": 3, "column": 0 },
        "end": { "line": 5, "column": 3 }
      },
      "1": {
        "start": { "line": 6, "column": 0 },
        "end": { "line": 6, "column": 270 }
      },
      "2": {
        "start": { "line": 8, "column": 32 },
        "end": { "line": 8, "column": 88 }
      },
      "3": {
        "start": { "line": 10, "column": 32 },
        "end": { "line": 10, "column": 81 }
      },
      "4": {
        "start": { "line": 12, "column": 20 },
        "end": { "line": 12, "column": 65 }
      },
      "5": {
        "start": { "line": 14, "column": 20 },
        "end": { "line": 14, "column": 57 }
      },
      "6": {
        "start": { "line": 16, "column": 23 },
        "end": { "line": 16, "column": 70 }
      },
      "7": {
        "start": { "line": 18, "column": 23 },
        "end": { "line": 18, "column": 63 }
      },
      "8": {
        "start": { "line": 20, "column": 22 },
        "end": { "line": 20, "column": 68 }
      },
      "9": {
        "start": { "line": 22, "column": 22 },
        "end": { "line": 22, "column": 61 }
      },
      "10": {
        "start": { "line": 24, "column": 15 },
        "end": { "line": 24, "column": 62 }
      },
      "11": {
        "start": { "line": 26, "column": 16 },
        "end": { "line": 26, "column": 48 }
      },
      "12": {
        "start": { "line": 28, "column": 16 },
        "end": { "line": 28, "column": 56 }
      },
      "13": {
        "start": { "line": 30, "column": 16 },
        "end": { "line": 30, "column": 49 }
      },
      "14": {
        "start": { "line": 32, "column": 15 },
        "end": { "line": 32, "column": 54 }
      },
      "15": {
        "start": { "line": 34, "column": 15 },
        "end": { "line": 34, "column": 47 }
      },
      "16": {
        "start": { "line": 36, "column": 12 },
        "end": { "line": 36, "column": 56 }
      },
      "17": {
        "start": { "line": 38, "column": 13 },
        "end": { "line": 38, "column": 42 }
      },
      "18": {
        "start": { "line": 40, "column": 26 },
        "end": { "line": 40, "column": 76 }
      },
      "19": {
        "start": { "line": 42, "column": 26 },
        "end": { "line": 42, "column": 69 }
      },
      "20": {
        "start": { "line": 44, "column": 11 },
        "end": { "line": 44, "column": 47 }
      },
      "21": {
        "start": { "line": 46, "column": 12 },
        "end": { "line": 46, "column": 40 }
      },
      "22": {
        "start": { "line": 48, "column": 14 },
        "end": { "line": 48, "column": 60 }
      },
      "23": {
        "start": { "line": 50, "column": 15 },
        "end": { "line": 50, "column": 46 }
      },
      "24": {
        "start": { "line": 52, "column": 19 },
        "end": { "line": 52, "column": 55 }
      },
      "25": {
        "start": { "line": 54, "column": 20 },
        "end": { "line": 54, "column": 56 }
      },
      "26": {
        "start": { "line": 56, "column": 17 },
        "end": { "line": 56, "column": 64 }
      },
      "27": {
        "start": { "line": 58, "column": 18 },
        "end": { "line": 58, "column": 52 }
      },
      "28": {
        "start": { "line": 60, "column": 15 },
        "end": { "line": 60, "column": 55 }
      },
      "29": {
        "start": { "line": 62, "column": 16 },
        "end": { "line": 62, "column": 48 }
      },
      "30": {
        "start": { "line": 64, "column": 25 },
        "end": { "line": 64, "column": 74 }
      },
      "31": {
        "start": { "line": 66, "column": 25 },
        "end": { "line": 66, "column": 67 }
      },
      "32": {
        "start": { "line": 74, "column": 21 },
        "end": { "line": 108, "column": 3 }
      },
      "33": {
        "start": { "line": 75, "column": 14 },
        "end": { "line": 103, "column": 5 }
      },
      "34": {
        "start": { "line": 76, "column": 14 },
        "end": { "line": 76, "column": 23 }
      },
      "35": {
        "start": { "line": 77, "column": 19 },
        "end": { "line": 77, "column": 33 }
      },
      "36": {
        "start": { "line": 78, "column": 20 },
        "end": { "line": 78, "column": 35 }
      },
      "37": {
        "start": { "line": 80, "column": 4 },
        "end": { "line": 102, "column": 23 }
      },
      "38": {
        "start": { "line": 81, "column": 6 },
        "end": { "line": 101, "column": 7 }
      },
      "39": {
        "start": { "line": 82, "column": 8 },
        "end": { "line": 100, "column": 9 }
      },
      "40": {
        "start": { "line": 84, "column": 12 },
        "end": { "line": 84, "column": 62 }
      },
      "41": {
        "start": { "line": 85, "column": 12 },
        "end": { "line": 85, "column": 31 }
      },
      "42": {
        "start": { "line": 86, "column": 12 },
        "end": { "line": 86, "column": 34 }
      },
      "43": {
        "start": { "line": 89, "column": 12 },
        "end": { "line": 89, "column": 36 }
      },
      "44": {
        "start": { "line": 90, "column": 12 },
        "end": { "line": 90, "column": 31 }
      },
      "45": {
        "start": { "line": 91, "column": 12 },
        "end": { "line": 91, "column": 53 }
      },
      "46": {
        "start": { "line": 94, "column": 12 },
        "end": { "line": 94, "column": 37 }
      },
      "47": {
        "start": { "line": 95, "column": 12 },
        "end": { "line": 95, "column": 84 }
      },
      "48": {
        "start": { "line": 99, "column": 12 },
        "end": { "line": 99, "column": 36 }
      },
      "49": {
        "start": { "line": 105, "column": 2 },
        "end": { "line": 107, "column": 4 }
      },
      "50": {
        "start": { "line": 106, "column": 4 },
        "end": { "line": 106, "column": 40 }
      },
      "51": {
        "start": { "line": 124, "column": 14 },
        "end": { "line": 202, "column": 3 }
      },
      "52": {
        "start": { "line": 125, "column": 15 },
        "end": { "line": 197, "column": 5 }
      },
      "53": {
        "start": { "line": 126, "column": 18 },
        "end": { "line": 126, "column": 31 }
      },
      "54": {
        "start": { "line": 127, "column": 22 },
        "end": { "line": 127, "column": 39 }
      },
      "55": {
        "start": { "line": 128, "column": 14 },
        "end": { "line": 128, "column": 23 }
      },
      "56": {
        "start": { "line": 129, "column": 19 },
        "end": { "line": 129, "column": 33 }
      },
      "57": {
        "start": { "line": 131, "column": 4 },
        "end": { "line": 196, "column": 23 }
      },
      "58": {
        "start": { "line": 132, "column": 6 },
        "end": { "line": 195, "column": 7 }
      },
      "59": {
        "start": { "line": 133, "column": 8 },
        "end": { "line": 194, "column": 9 }
      },
      "60": {
        "start": { "line": 135, "column": 12 },
        "end": { "line": 135, "column": 73 }
      },
      "61": {
        "start": { "line": 136, "column": 12 },
        "end": { "line": 156, "column": 76 }
      },
      "62": {
        "start": { "line": 139, "column": 16 },
        "end": { "line": 139, "column": 82 }
      },
      "63": {
        "start": { "line": 143, "column": 18 },
        "end": { "line": 143, "column": 58 }
      },
      "64": {
        "start": { "line": 146, "column": 16 },
        "end": { "line": 148, "column": 18 }
      },
      "65": {
        "start": { "line": 147, "column": 18 },
        "end": { "line": 147, "column": 46 }
      },
      "66": {
        "start": { "line": 150, "column": 16 },
        "end": { "line": 150, "column": 32 }
      },
      "67": {
        "start": { "line": 152, "column": 16 },
        "end": { "line": 152, "column": 42 }
      },
      "68": {
        "start": { "line": 157, "column": 12 },
        "end": { "line": 157, "column": 53 }
      },
      "69": {
        "start": { "line": 159, "column": 12 },
        "end": { "line": 162, "column": 13 }
      },
      "70": {
        "start": { "line": 160, "column": 14 },
        "end": { "line": 160, "column": 33 }
      },
      "71": {
        "start": { "line": 161, "column": 14 },
        "end": { "line": 161, "column": 20 }
      },
      "72": {
        "start": { "line": 164, "column": 12 },
        "end": { "line": 164, "column": 60 }
      },
      "73": {
        "start": { "line": 165, "column": 12 },
        "end": { "line": 165, "column": 32 }
      },
      "74": {
        "start": { "line": 166, "column": 12 },
        "end": { "line": 166, "column": 18 }
      },
      "75": {
        "start": { "line": 169, "column": 12 },
        "end": { "line": 169, "column": 31 }
      },
      "76": {
        "start": { "line": 170, "column": 12 },
        "end": { "line": 170, "column": 34 }
      },
      "77": {
        "start": { "line": 173, "column": 12 },
        "end": { "line": 173, "column": 42 }
      },
      "78": {
        "start": { "line": 176, "column": 12 },
        "end": { "line": 176, "column": 36 }
      },
      "79": {
        "start": { "line": 177, "column": 12 },
        "end": { "line": 180, "column": 100 }
      },
      "80": {
        "start": { "line": 181, "column": 12 },
        "end": { "line": 189, "column": 15 }
      },
      "81": {
        "start": { "line": 193, "column": 12 },
        "end": { "line": 193, "column": 36 }
      },
      "82": {
        "start": { "line": 199, "column": 2 },
        "end": { "line": 201, "column": 4 }
      },
      "83": {
        "start": { "line": 200, "column": 4 },
        "end": { "line": 200, "column": 41 }
      },
      "84": {
        "start": { "line": 212, "column": 20 },
        "end": { "line": 387, "column": 3 }
      },
      "85": {
        "start": { "line": 213, "column": 15 },
        "end": { "line": 382, "column": 5 }
      },
      "86": {
        "start": { "line": 214, "column": 15 },
        "end": { "line": 214, "column": 85 }
      },
      "87": {
        "start": { "line": 218, "column": 4 },
        "end": { "line": 381, "column": 58 }
      },
      "88": {
        "start": { "line": 219, "column": 6 },
        "end": { "line": 380, "column": 7 }
      },
      "89": {
        "start": { "line": 220, "column": 8 },
        "end": { "line": 379, "column": 9 }
      },
      "90": {
        "start": { "line": 223, "column": 12 },
        "end": { "line": 223, "column": 707 }
      },
      "91": {
        "start": { "line": 226, "column": 12 },
        "end": { "line": 226, "column": 31 }
      },
      "92": {
        "start": { "line": 227, "column": 12 },
        "end": { "line": 232, "column": 15 }
      },
      "93": {
        "start": { "line": 235, "column": 12 },
        "end": { "line": 235, "column": 36 }
      },
      "94": {
        "start": { "line": 236, "column": 12 },
        "end": { "line": 236, "column": 29 }
      },
      "95": {
        "start": { "line": 237, "column": 12 },
        "end": { "line": 237, "column": 39 }
      },
      "96": {
        "start": { "line": 238, "column": 12 },
        "end": { "line": 238, "column": 41 }
      },
      "97": {
        "start": { "line": 239, "column": 12 },
        "end": { "line": 246, "column": 14 }
      },
      "98": {
        "start": { "line": 247, "column": 12 },
        "end": { "line": 247, "column": 32 }
      },
      "99": {
        "start": { "line": 248, "column": 12 },
        "end": { "line": 251, "column": 16 }
      },
      "100": {
        "start": { "line": 254, "column": 12 },
        "end": { "line": 254, "column": 40 }
      },
      "101": {
        "start": { "line": 255, "column": 12 },
        "end": { "line": 255, "column": 45 }
      },
      "102": {
        "start": { "line": 256, "column": 12 },
        "end": { "line": 256, "column": 38 }
      },
      "103": {
        "start": { "line": 257, "column": 12 },
        "end": { "line": 257, "column": 39 }
      },
      "104": {
        "start": { "line": 258, "column": 12 },
        "end": { "line": 258, "column": 32 }
      },
      "105": {
        "start": { "line": 259, "column": 12 },
        "end": { "line": 259, "column": 83 }
      },
      "106": {
        "start": { "line": 262, "column": 12 },
        "end": { "line": 265, "column": 13 }
      },
      "107": {
        "start": { "line": 263, "column": 14 },
        "end": { "line": 263, "column": 34 }
      },
      "108": {
        "start": { "line": 264, "column": 14 },
        "end": { "line": 264, "column": 20 }
      },
      "109": {
        "start": { "line": 267, "column": 12 },
        "end": { "line": 267, "column": 31 }
      },
      "110": {
        "start": { "line": 270, "column": 12 },
        "end": { "line": 270, "column": 51 }
      },
      "111": {
        "start": { "line": 271, "column": 12 },
        "end": { "line": 271, "column": 32 }
      },
      "112": {
        "start": { "line": 272, "column": 12 },
        "end": { "line": 272, "column": 48 }
      },
      "113": {
        "start": { "line": 275, "column": 12 },
        "end": { "line": 275, "column": 40 }
      },
      "114": {
        "start": { "line": 276, "column": 12 },
        "end": { "line": 276, "column": 32 }
      },
      "115": {
        "start": { "line": 277, "column": 12 },
        "end": { "line": 280, "column": 16 }
      },
      "116": {
        "start": { "line": 283, "column": 12 },
        "end": { "line": 283, "column": 45 }
      },
      "117": {
        "start": { "line": 286, "column": 12 },
        "end": { "line": 286, "column": 45 }
      },
      "118": {
        "start": { "line": 287, "column": 12 },
        "end": { "line": 287, "column": 32 }
      },
      "119": {
        "start": { "line": 288, "column": 12 },
        "end": { "line": 288, "column": 18 }
      },
      "120": {
        "start": { "line": 291, "column": 12 },
        "end": { "line": 291, "column": 32 }
      },
      "121": {
        "start": { "line": 292, "column": 12 },
        "end": { "line": 292, "column": 18 }
      },
      "122": {
        "start": { "line": 295, "column": 12 },
        "end": { "line": 295, "column": 32 }
      },
      "123": {
        "start": { "line": 296, "column": 12 },
        "end": { "line": 296, "column": 50 }
      },
      "124": {
        "start": { "line": 297, "column": 12 },
        "end": { "line": 297, "column": 37 }
      },
      "125": {
        "start": { "line": 298, "column": 12 },
        "end": { "line": 298, "column": 42 }
      },
      "126": {
        "start": { "line": 301, "column": 12 },
        "end": { "line": 301, "column": 32 }
      },
      "127": {
        "start": { "line": 302, "column": 12 },
        "end": { "line": 302, "column": 32 }
      },
      "128": {
        "start": { "line": 304, "column": 12 },
        "end": { "line": 306, "column": 13 }
      },
      "129": {
        "start": { "line": 305, "column": 14 },
        "end": { "line": 305, "column": 33 }
      },
      "130": {
        "start": { "line": 309, "column": 12 },
        "end": { "line": 309, "column": 32 }
      },
      "131": {
        "start": { "line": 311, "column": 12 },
        "end": { "line": 314, "column": 13 }
      },
      "132": {
        "start": { "line": 312, "column": 14 },
        "end": { "line": 312, "column": 34 }
      },
      "133": {
        "start": { "line": 313, "column": 14 },
        "end": { "line": 313, "column": 20 }
      },
      "134": {
        "start": { "line": 316, "column": 12 },
        "end": { "line": 316, "column": 33 }
      },
      "135": {
        "start": { "line": 319, "column": 12 },
        "end": { "line": 319, "column": 40 }
      },
      "136": {
        "start": { "line": 322, "column": 12 },
        "end": { "line": 322, "column": 40 }
      },
      "137": {
        "start": { "line": 326, "column": 12 },
        "end": { "line": 326, "column": 46 }
      },
      "138": {
        "start": { "line": 328, "column": 12 },
        "end": { "line": 336, "column": 19 }
      },
      "139": {
        "start": { "line": 329, "column": 27 },
        "end": { "line": 329, "column": 66 }
      },
      "140": {
        "start": { "line": 330, "column": 22 },
        "end": { "line": 330, "column": 31 }
      },
      "141": {
        "start": { "line": 331, "column": 22 },
        "end": { "line": 331, "column": 31 }
      },
      "142": {
        "start": { "line": 333, "column": 14 },
        "end": { "line": 333, "column": 65 }
      },
      "143": {
        "start": { "line": 335, "column": 14 },
        "end": { "line": 335, "column": 54 }
      },
      "144": {
        "start": { "line": 339, "column": 12 },
        "end": { "line": 366, "column": 19 }
      },
      "145": {
        "start": { "line": 340, "column": 27 },
        "end": { "line": 340, "column": 66 }
      },
      "146": {
        "start": { "line": 341, "column": 29 },
        "end": { "line": 341, "column": 38 }
      },
      "147": {
        "start": { "line": 342, "column": 24 },
        "end": { "line": 342, "column": 33 }
      },
      "148": {
        "start": { "line": 344, "column": 14 },
        "end": { "line": 353, "column": 17 }
      },
      "149": {
        "start": { "line": 345, "column": 16 },
        "end": { "line": 345, "column": 42 }
      },
      "150": {
        "start": { "line": 347, "column": 16 },
        "end": { "line": 352, "column": 18 }
      },
      "151": {
        "start": { "line": 355, "column": 14 },
        "end": { "line": 365, "column": 20 }
      },
      "152": {
        "start": { "line": 356, "column": 27 },
        "end": { "line": 356, "column": 38 }
      },
      "153": {
        "start": { "line": 357, "column": 28 },
        "end": { "line": 357, "column": 40 }
      },
      "154": {
        "start": { "line": 358, "column": 26 },
        "end": { "line": 358, "column": 36 }
      },
      "155": {
        "start": { "line": 359, "column": 31 },
        "end": { "line": 359, "column": 46 }
      },
      "156": {
        "start": { "line": 362, "column": 16 },
        "end": { "line": 362, "column": 32 }
      },
      "157": {
        "start": { "line": 363, "column": 16 },
        "end": { "line": 363, "column": 42 }
      },
      "158": {
        "start": { "line": 364, "column": 16 },
        "end": { "line": 364, "column": 106 }
      },
      "159": {
        "start": { "line": 367, "column": 12 },
        "end": { "line": 374, "column": 15 }
      },
      "160": {
        "start": { "line": 378, "column": 12 },
        "end": { "line": 378, "column": 36 }
      },
      "161": {
        "start": { "line": 384, "column": 2 },
        "end": { "line": 386, "column": 4 }
      },
      "162": {
        "start": { "line": 385, "column": 4 },
        "end": { "line": 385, "column": 41 }
      },
      "163": {
        "start": { "line": 414, "column": 0 },
        "end": { "line": 414, "column": 38 }
      },
      "164": {
        "start": { "line": 416, "column": 13 },
        "end": { "line": 416, "column": 29 }
      },
      "165": {
        "start": { "line": 418, "column": 14 },
        "end": { "line": 418, "column": 44 }
      },
      "166": {
        "start": { "line": 420, "column": 27 },
        "end": { "line": 420, "column": 59 }
      },
      "167": {
        "start": { "line": 422, "column": 28 },
        "end": { "line": 422, "column": 72 }
      },
      "168": {
        "start": { "line": 424, "column": 19 },
        "end": { "line": 424, "column": 42 }
      },
      "169": {
        "start": { "line": 426, "column": 16 },
        "end": { "line": 426, "column": 36 }
      },
      "170": {
        "start": { "line": 428, "column": 21 },
        "end": { "line": 428, "column": 52 }
      },
      "171": {
        "start": { "line": 430, "column": 22 },
        "end": { "line": 430, "column": 60 }
      },
      "172": {
        "start": { "line": 432, "column": 27 },
        "end": { "line": 432, "column": 64 }
      },
      "173": {
        "start": { "line": 434, "column": 28 },
        "end": { "line": 434, "column": 72 }
      },
      "174": {
        "start": { "line": 436, "column": 18 },
        "end": { "line": 436, "column": 46 }
      },
      "175": {
        "start": { "line": 438, "column": 19 },
        "end": { "line": 438, "column": 54 }
      },
      "176": {
        "start": { "line": 440, "column": 19 },
        "end": { "line": 440, "column": 48 }
      },
      "177": {
        "start": { "line": 442, "column": 20 },
        "end": { "line": 442, "column": 56 }
      },
      "178": {
        "start": { "line": 444, "column": 21 },
        "end": { "line": 444, "column": 52 }
      },
      "179": {
        "start": { "line": 446, "column": 22 },
        "end": { "line": 446, "column": 60 }
      },
      "180": {
        "start": { "line": 448, "column": 22 },
        "end": { "line": 448, "column": 54 }
      },
      "181": {
        "start": { "line": 450, "column": 23 },
        "end": { "line": 450, "column": 62 }
      },
      "182": {
        "start": { "line": 452, "column": 39 },
        "end": { "line": 452, "column": 93 }
      },
      "183": {
        "start": { "line": 455, "column": 20 },
        "end": { "line": 455, "column": 88 }
      },
      "184": {
        "start": { "line": 456, "column": 18 },
        "end": { "line": 456, "column": 68 }
      },
      "185": {
        "start": { "line": 457, "column": 28 },
        "end": { "line": 457, "column": 61 }
      },
      "186": {
        "start": { "line": 458, "column": 21 },
        "end": { "line": 522, "column": 1 }
      },
      "187": {
        "start": { "line": 524, "column": 23 },
        "end": { "line": 524, "column": 69 }
      },
      "188": {
        "start": { "line": 525, "column": 0 },
        "end": { "line": 525, "column": 47 }
      },
      "189": {
        "start": { "line": 526, "column": 0 },
        "end": { "line": 526, "column": 46 }
      },
      "190": {
        "start": { "line": 527, "column": 0 },
        "end": { "line": 527, "column": 49 }
      },
      "191": {
        "start": { "line": 528, "column": 0 },
        "end": { "line": 528, "column": 48 }
      },
      "192": {
        "start": { "line": 529, "column": 0 },
        "end": { "line": 529, "column": 44 }
      },
      "193": {
        "start": { "line": 531, "column": 24 },
        "end": { "line": 531, "column": 67 }
      },
      "194": {
        "start": { "line": 532, "column": 0 },
        "end": { "line": 532, "column": 55 }
      },
      "195": {
        "start": { "line": 533, "column": 0 },
        "end": { "line": 533, "column": 52 }
      },
      "196": {
        "start": { "line": 534, "column": 0 },
        "end": { "line": 534, "column": 50 }
      },
      "197": {
        "start": { "line": 535, "column": 0 },
        "end": { "line": 535, "column": 46 }
      },
      "198": {
        "start": { "line": 539, "column": 15 },
        "end": { "line": 555, "column": 1 }
      },
      "199": {
        "start": { "line": 555, "column": 14 },
        "end": { "line": 749, "column": 1 }
      },
      "200": {
        "start": { "line": 564, "column": 15 },
        "end": { "line": 657, "column": 7 }
      },
      "201": {
        "start": { "line": 565, "column": 6 },
        "end": { "line": 656, "column": 30 }
      },
      "202": {
        "start": { "line": 566, "column": 8 },
        "end": { "line": 655, "column": 9 }
      },
      "203": {
        "start": { "line": 567, "column": 10 },
        "end": { "line": 654, "column": 11 }
      },
      "204": {
        "start": { "line": 569, "column": 14 },
        "end": { "line": 569, "column": 33 }
      },
      "205": {
        "start": { "line": 570, "column": 14 },
        "end": { "line": 646, "column": 17 }
      },
      "206": {
        "start": { "line": 571, "column": 16 },
        "end": { "line": 645, "column": 24 }
      },
      "207": {
        "start": { "line": 572, "column": 30 },
        "end": { "line": 638, "column": 21 }
      },
      "208": {
        "start": { "line": 574, "column": 20 },
        "end": { "line": 637, "column": 49 }
      },
      "209": {
        "start": { "line": 575, "column": 22 },
        "end": { "line": 636, "column": 23 }
      },
      "210": {
        "start": { "line": 576, "column": 24 },
        "end": { "line": 635, "column": 25 }
      },
      "211": {
        "start": { "line": 578, "column": 28 },
        "end": { "line": 578, "column": 46 }
      },
      "212": {
        "start": { "line": 579, "column": 28 },
        "end": { "line": 579, "column": 46 }
      },
      "213": {
        "start": { "line": 580, "column": 28 },
        "end": { "line": 580, "column": 69 }
      },
      "214": {
        "start": { "line": 583, "column": 28 },
        "end": { "line": 583, "column": 52 }
      },
      "215": {
        "start": { "line": 585, "column": 28 },
        "end": { "line": 588, "column": 29 }
      },
      "216": {
        "start": { "line": 586, "column": 30 },
        "end": { "line": 586, "column": 49 }
      },
      "217": {
        "start": { "line": 587, "column": 30 },
        "end": { "line": 587, "column": 36 }
      },
      "218": {
        "start": { "line": 590, "column": 28 },
        "end": { "line": 593, "column": 29 }
      },
      "219": {
        "start": { "line": 591, "column": 30 },
        "end": { "line": 591, "column": 48 }
      },
      "220": {
        "start": { "line": 592, "column": 30 },
        "end": { "line": 592, "column": 36 }
      },
      "221": {
        "start": { "line": 595, "column": 28 },
        "end": { "line": 596, "column": 45 }
      },
      "222": {
        "start": { "line": 597, "column": 28 },
        "end": { "line": 597, "column": 47 }
      },
      "223": {
        "start": { "line": 598, "column": 28 },
        "end": { "line": 598, "column": 34 }
      },
      "224": {
        "start": { "line": 601, "column": 28 },
        "end": { "line": 601, "column": 49 }
      },
      "225": {
        "start": { "line": 602, "column": 28 },
        "end": { "line": 602, "column": 48 }
      },
      "226": {
        "start": { "line": 603, "column": 28 },
        "end": { "line": 603, "column": 62 }
      },
      "227": {
        "start": { "line": 604, "column": 28 },
        "end": { "line": 604, "column": 50 }
      },
      "228": {
        "start": { "line": 605, "column": 28 },
        "end": { "line": 605, "column": 47 }
      },
      "229": {
        "start": { "line": 606, "column": 28 },
        "end": { "line": 606, "column": 85 }
      },
      "230": {
        "start": { "line": 609, "column": 28 },
        "end": { "line": 609, "column": 56 }
      },
      "231": {
        "start": { "line": 610, "column": 28 },
        "end": { "line": 613, "column": 30 }
      },
      "232": {
        "start": { "line": 614, "column": 28 },
        "end": { "line": 614, "column": 81 }
      },
      "233": {
        "start": { "line": 615, "column": 28 },
        "end": { "line": 615, "column": 71 }
      },
      "234": {
        "start": { "line": 616, "column": 28 },
        "end": { "line": 616, "column": 72 }
      },
      "235": {
        "start": { "line": 619, "column": 28 },
        "end": { "line": 619, "column": 74 }
      },
      "236": {
        "start": { "line": 622, "column": 28 },
        "end": { "line": 622, "column": 60 }
      },
      "237": {
        "start": { "line": 623, "column": 28 },
        "end": { "line": 623, "column": 47 }
      },
      "238": {
        "start": { "line": 624, "column": 28 },
        "end": { "line": 624, "column": 34 }
      },
      "239": {
        "start": { "line": 627, "column": 28 },
        "end": { "line": 627, "column": 47 }
      },
      "240": {
        "start": { "line": 628, "column": 28 },
        "end": { "line": 628, "column": 63 }
      },
      "241": {
        "start": { "line": 630, "column": 28 },
        "end": { "line": 630, "column": 48 }
      },
      "242": {
        "start": { "line": 634, "column": 28 },
        "end": { "line": 634, "column": 51 }
      },
      "243": {
        "start": { "line": 641, "column": 20 },
        "end": { "line": 641, "column": 56 }
      },
      "244": {
        "start": { "line": 644, "column": 18 },
        "end": { "line": 644, "column": 40 }
      },
      "245": {
        "start": { "line": 649, "column": 14 },
        "end": { "line": 649, "column": 64 }
      },
      "246": {
        "start": { "line": 653, "column": 14 },
        "end": { "line": 653, "column": 38 }
      },
      "247": {
        "start": { "line": 660, "column": 6 },
        "end": { "line": 660, "column": 41 }
      },
      "248": {
        "start": { "line": 663, "column": 4 },
        "end": { "line": 663, "column": 24 }
      },
      "249": {
        "start": { "line": 672, "column": 19 },
        "end": { "line": 672, "column": 56 }
      },
      "250": {
        "start": { "line": 673, "column": 22 },
        "end": { "line": 675, "column": 7 }
      },
      "251": {
        "start": { "line": 674, "column": 6 },
        "end": { "line": 674, "column": 20 }
      },
      "252": {
        "start": { "line": 676, "column": 17 },
        "end": { "line": 676, "column": 19 }
      },
      "253": {
        "start": { "line": 677, "column": 4 },
        "end": { "line": 681, "column": 5 }
      },
      "254": {
        "start": { "line": 678, "column": 17 },
        "end": { "line": 678, "column": 57 }
      },
      "255": {
        "start": { "line": 679, "column": 6 },
        "end": { "line": 679, "column": 43 }
      },
      "256": {
        "start": { "line": 679, "column": 34 },
        "end": { "line": 679, "column": 43 }
      },
      "257": {
        "start": { "line": 680, "column": 6 },
        "end": { "line": 680, "column": 24 }
      },
      "258": {
        "start": { "line": 682, "column": 4 },
        "end": { "line": 687, "column": 7 }
      },
      "259": {
        "start": { "line": 683, "column": 6 },
        "end": { "line": 686, "column": 9 }
      },
      "260": {
        "start": { "line": 684, "column": 19 },
        "end": { "line": 684, "column": 29 }
      },
      "261": {
        "start": { "line": 685, "column": 8 },
        "end": { "line": 685, "column": 26 }
      },
      "262": {
        "start": { "line": 696, "column": 4 },
        "end": { "line": 699, "column": 19 }
      },
      "263": {
        "start": { "line": 698, "column": 6 },
        "end": { "line": 698, "column": 92 }
      },
      "264": {
        "start": { "line": 708, "column": 4 },
        "end": { "line": 708, "column": 40 }
      },
      "265": {
        "start": { "line": 718, "column": 4 },
        "end": { "line": 727, "column": 56 }
      },
      "266": {
        "start": { "line": 719, "column": 20 },
        "end": { "line": 719, "column": 33 }
      },
      "267": {
        "start": { "line": 720, "column": 17 },
        "end": { "line": 720, "column": 27 }
      },
      "268": {
        "start": { "line": 721, "column": 17 },
        "end": { "line": 721, "column": 27 }
      },
      "269": {
        "start": { "line": 723, "column": 6 },
        "end": { "line": 723, "column": 34 }
      },
      "270": {
        "start": { "line": 723, "column": 20 },
        "end": { "line": 723, "column": 34 }
      },
      "271": {
        "start": { "line": 724, "column": 6 },
        "end": { "line": 724, "column": 108 }
      },
      "272": {
        "start": { "line": 724, "column": 41 },
        "end": { "line": 724, "column": 108 }
      },
      "273": {
        "start": { "line": 725, "column": 6 },
        "end": { "line": 725, "column": 161 }
      },
      "274": {
        "start": { "line": 725, "column": 67 },
        "end": { "line": 725, "column": 161 }
      },
      "275": {
        "start": { "line": 726, "column": 6 },
        "end": { "line": 726, "column": 82 }
      },
      "276": {
        "start": { "line": 738, "column": 4 },
        "end": { "line": 743, "column": 6 }
      },
      "277": {
        "start": { "line": 739, "column": 17 },
        "end": { "line": 739, "column": 27 }
      },
      "278": {
        "start": { "line": 740, "column": 19 },
        "end": { "line": 740, "column": 31 }
      },
      "279": {
        "start": { "line": 742, "column": 6 },
        "end": { "line": 742, "column": 72 }
      },
      "280": {
        "start": { "line": 749, "column": 11 },
        "end": { "line": 749, "column": 29 }
      },
      "281": {
        "start": { "line": 751, "column": 11 },
        "end": { "line": 753, "column": 1 }
      },
      "282": {
        "start": { "line": 752, "column": 2 },
        "end": { "line": 752, "column": 53 }
      },
      "283": {
        "start": { "line": 754, "column": 14 },
        "end": { "line": 764, "column": 1 }
      },
      "284": {
        "start": { "line": 755, "column": 2 },
        "end": { "line": 757, "column": 3 }
      },
      "285": {
        "start": { "line": 756, "column": 4 },
        "end": { "line": 756, "column": 32 }
      },
      "286": {
        "start": { "line": 759, "column": 2 },
        "end": { "line": 763, "column": 5 }
      },
      "287": {
        "start": { "line": 760, "column": 4 },
        "end": { "line": 762, "column": 6 }
      },
      "288": {
        "start": { "line": 761, "column": 6 },
        "end": { "line": 761, "column": 46 }
      },
      "289": {
        "start": { "line": 765, "column": 11 },
        "end": { "line": 769, "column": 1 }
      },
      "290": {
        "start": { "line": 766, "column": 2 },
        "end": { "line": 768, "column": 4 }
      },
      "291": {
        "start": { "line": 767, "column": 4 },
        "end": { "line": 767, "column": 16 }
      },
      "292": {
        "start": { "line": 770, "column": 13 },
        "end": { "line": 772, "column": 1 }
      },
      "293": {
        "start": { "line": 771, "column": 2 },
        "end": { "line": 771, "column": 13 }
      },
      "294": {
        "start": { "line": 773, "column": 15 },
        "end": { "line": 775, "column": 1 }
      },
      "295": {
        "start": { "line": 774, "column": 2 },
        "end": { "line": 774, "column": 24 }
      },
      "296": {
        "start": { "line": 776, "column": 15 },
        "end": { "line": 778, "column": 1 }
      },
      "297": {
        "start": { "line": 777, "column": 2 },
        "end": { "line": 777, "column": 32 }
      },
      "298": {
        "start": { "line": 779, "column": 17 },
        "end": { "line": 779, "column": 41 }
      },
      "299": {
        "start": { "line": 780, "column": 19 },
        "end": { "line": 780, "column": 45 }
      },
      "300": {
        "start": { "line": 781, "column": 19 },
        "end": { "line": 781, "column": 45 }
      },
      "301": {
        "start": { "line": 782, "column": 16 },
        "end": { "line": 784, "column": 1 }
      },
      "302": {
        "start": { "line": 783, "column": 2 },
        "end": { "line": 783, "column": 87 }
      },
      "303": {
        "start": { "line": 785, "column": 21 },
        "end": { "line": 792, "column": 1 }
      },
      "304": {
        "start": { "line": 786, "column": 16 },
        "end": { "line": 786, "column": 38 }
      },
      "305": {
        "start": { "line": 787, "column": 16 },
        "end": { "line": 787, "column": 45 }
      },
      "306": {
        "start": { "line": 788, "column": 14 },
        "end": { "line": 788, "column": 48 }
      },
      "307": {
        "start": { "line": 789, "column": 13 },
        "end": { "line": 789, "column": 52 }
      },
      "308": {
        "start": { "line": 790, "column": 2 },
        "end": { "line": 790, "column": 136 }
      },
      "309": {
        "start": { "line": 790, "column": 20 },
        "end": { "line": 790, "column": 44 }
      },
      "310": {
        "start": { "line": 790, "column": 49 },
        "end": { "line": 790, "column": 136 }
      },
      "311": {
        "start": { "line": 790, "column": 67 },
        "end": { "line": 790, "column": 91 }
      },
      "312": {
        "start": { "line": 790, "column": 96 },
        "end": { "line": 790, "column": 136 }
      },
      "313": {
        "start": { "line": 790, "column": 112 },
        "end": { "line": 790, "column": 136 }
      },
      "314": {
        "start": { "line": 791, "column": 2 },
        "end": { "line": 791, "column": 24 }
      },
      "315": {
        "start": { "line": 793, "column": 12 },
        "end": { "line": 793, "column": 21 }
      },
      "316": {
        "start": { "line": 794, "column": 17 },
        "end": { "line": 794, "column": 31 }
      },
      "317": {
        "start": { "line": 795, "column": 16 },
        "end": { "line": 795, "column": 29 }
      },
      "318": {
        "start": { "line": 796, "column": 18 },
        "end": { "line": 796, "column": 33 }
      },
      "319": {
        "start": { "line": 798, "column": 2 },
        "end": { "line": 798, "column": 60 }
      },
      "320": {
        "start": { "line": 800, "column": 0 },
        "end": { "line": 3461, "column": 4 }
      },
      "321": {
        "start": { "line": 801, "column": 15 },
        "end": { "line": 3454, "column": 5 }
      },
      "322": {
        "start": { "line": 804, "column": 4 },
        "end": { "line": 3453, "column": 24 }
      },
      "323": {
        "start": { "line": 805, "column": 6 },
        "end": { "line": 3452, "column": 7 }
      },
      "324": {
        "start": { "line": 806, "column": 8 },
        "end": { "line": 3451, "column": 9 }
      },
      "325": {
        "start": { "line": 808, "column": 12 },
        "end": { "line": 808, "column": 32 }
      },
      "326": {
        "start": { "line": 809, "column": 12 },
        "end": { "line": 809, "column": 39 }
      },
      "327": {
        "start": { "line": 812, "column": 12 },
        "end": { "line": 812, "column": 37 }
      },
      "328": {
        "start": { "line": 813, "column": 12 },
        "end": { "line": 813, "column": 35 }
      },
      "329": {
        "start": { "line": 814, "column": 12 },
        "end": { "line": 814, "column": 80 }
      },
      "330": {
        "start": { "line": 815, "column": 12 },
        "end": { "line": 815, "column": 347 }
      },
      "331": {
        "start": { "line": 818, "column": 12 },
        "end": { "line": 836, "column": 13 }
      },
      "332": {
        "start": { "line": 837, "column": 12 },
        "end": { "line": 3273, "column": 14 }
      },
      "333": {
        "start": { "line": 851, "column": 29 },
        "end": { "line": 870, "column": 19 }
      },
      "334": {
        "start": { "line": 852, "column": 18 },
        "end": { "line": 869, "column": 37 }
      },
      "335": {
        "start": { "line": 853, "column": 20 },
        "end": { "line": 868, "column": 21 }
      },
      "336": {
        "start": { "line": 854, "column": 22 },
        "end": { "line": 867, "column": 23 }
      },
      "337": {
        "start": { "line": 856, "column": 26 },
        "end": { "line": 856, "column": 50 }
      },
      "338": {
        "start": { "line": 857, "column": 26 },
        "end": { "line": 857, "column": 45 }
      },
      "339": {
        "start": { "line": 858, "column": 26 },
        "end": { "line": 858, "column": 61 }
      },
      "340": {
        "start": { "line": 861, "column": 26 },
        "end": { "line": 861, "column": 56 }
      },
      "341": {
        "start": { "line": 862, "column": 26 },
        "end": { "line": 862, "column": 93 }
      },
      "342": {
        "start": { "line": 866, "column": 26 },
        "end": { "line": 866, "column": 50 }
      },
      "343": {
        "start": { "line": 873, "column": 18 },
        "end": { "line": 873, "column": 55 }
      },
      "344": {
        "start": { "line": 876, "column": 16 },
        "end": { "line": 876, "column": 37 }
      },
      "345": {
        "start": { "line": 891, "column": 29 },
        "end": { "line": 910, "column": 19 }
      },
      "346": {
        "start": { "line": 892, "column": 18 },
        "end": { "line": 909, "column": 37 }
      },
      "347": {
        "start": { "line": 893, "column": 20 },
        "end": { "line": 908, "column": 21 }
      },
      "348": {
        "start": { "line": 894, "column": 22 },
        "end": { "line": 907, "column": 23 }
      },
      "349": {
        "start": { "line": 896, "column": 26 },
        "end": { "line": 896, "column": 54 }
      },
      "350": {
        "start": { "line": 897, "column": 26 },
        "end": { "line": 897, "column": 45 }
      },
      "351": {
        "start": { "line": 898, "column": 26 },
        "end": { "line": 898, "column": 61 }
      },
      "352": {
        "start": { "line": 901, "column": 26 },
        "end": { "line": 901, "column": 56 }
      },
      "353": {
        "start": { "line": 902, "column": 26 },
        "end": { "line": 902, "column": 93 }
      },
      "354": {
        "start": { "line": 906, "column": 26 },
        "end": { "line": 906, "column": 50 }
      },
      "355": {
        "start": { "line": 913, "column": 18 },
        "end": { "line": 913, "column": 55 }
      },
      "356": {
        "start": { "line": 916, "column": 16 },
        "end": { "line": 916, "column": 43 }
      },
      "357": {
        "start": { "line": 932, "column": 29 },
        "end": { "line": 951, "column": 19 }
      },
      "358": {
        "start": { "line": 933, "column": 18 },
        "end": { "line": 950, "column": 37 }
      },
      "359": {
        "start": { "line": 934, "column": 20 },
        "end": { "line": 949, "column": 21 }
      },
      "360": {
        "start": { "line": 935, "column": 22 },
        "end": { "line": 948, "column": 23 }
      },
      "361": {
        "start": { "line": 937, "column": 26 },
        "end": { "line": 937, "column": 54 }
      },
      "362": {
        "start": { "line": 938, "column": 26 },
        "end": { "line": 938, "column": 45 }
      },
      "363": {
        "start": { "line": 939, "column": 26 },
        "end": { "line": 939, "column": 63 }
      },
      "364": {
        "start": { "line": 942, "column": 26 },
        "end": { "line": 942, "column": 56 }
      },
      "365": {
        "start": { "line": 943, "column": 26 },
        "end": { "line": 943, "column": 93 }
      },
      "366": {
        "start": { "line": 947, "column": 26 },
        "end": { "line": 947, "column": 50 }
      },
      "367": {
        "start": { "line": 954, "column": 18 },
        "end": { "line": 954, "column": 55 }
      },
      "368": {
        "start": { "line": 957, "column": 16 },
        "end": { "line": 957, "column": 39 }
      },
      "369": {
        "start": { "line": 973, "column": 29 },
        "end": { "line": 999, "column": 19 }
      },
      "370": {
        "start": { "line": 974, "column": 18 },
        "end": { "line": 998, "column": 37 }
      },
      "371": {
        "start": { "line": 975, "column": 20 },
        "end": { "line": 997, "column": 21 }
      },
      "372": {
        "start": { "line": 976, "column": 22 },
        "end": { "line": 996, "column": 23 }
      },
      "373": {
        "start": { "line": 978, "column": 26 },
        "end": { "line": 978, "column": 45 }
      },
      "374": {
        "start": { "line": 979, "column": 26 },
        "end": { "line": 979, "column": 59 }
      },
      "375": {
        "start": { "line": 982, "column": 26 },
        "end": { "line": 982, "column": 56 }
      },
      "376": {
        "start": { "line": 983, "column": 26 },
        "end": { "line": 983, "column": 45 }
      },
      "377": {
        "start": { "line": 984, "column": 26 },
        "end": { "line": 984, "column": 59 }
      },
      "378": {
        "start": { "line": 987, "column": 26 },
        "end": { "line": 987, "column": 56 }
      },
      "379": {
        "start": { "line": 988, "column": 26 },
        "end": { "line": 991, "column": 29 }
      },
      "380": {
        "start": { "line": 995, "column": 26 },
        "end": { "line": 995, "column": 50 }
      },
      "381": {
        "start": { "line": 1002, "column": 18 },
        "end": { "line": 1002, "column": 55 }
      },
      "382": {
        "start": { "line": 1005, "column": 16 },
        "end": { "line": 1005, "column": 36 }
      },
      "383": {
        "start": { "line": 1041, "column": 29 },
        "end": { "line": 1095, "column": 19 }
      },
      "384": {
        "start": { "line": 1042, "column": 27 },
        "end": { "line": 1042, "column": 111 }
      },
      "385": {
        "start": { "line": 1044, "column": 18 },
        "end": { "line": 1094, "column": 38 }
      },
      "386": {
        "start": { "line": 1045, "column": 20 },
        "end": { "line": 1093, "column": 21 }
      },
      "387": {
        "start": { "line": 1046, "column": 22 },
        "end": { "line": 1092, "column": 23 }
      },
      "388": {
        "start": { "line": 1048, "column": 26 },
        "end": { "line": 1048, "column": 47 }
      },
      "389": {
        "start": { "line": 1051, "column": 26 },
        "end": { "line": 1051, "column": 46 }
      },
      "390": {
        "start": { "line": 1052, "column": 26 },
        "end": { "line": 1052, "column": 66 }
      },
      "391": {
        "start": { "line": 1055, "column": 26 },
        "end": { "line": 1055, "column": 55 }
      },
      "392": {
        "start": { "line": 1057, "column": 26 },
        "end": { "line": 1060, "column": 27 }
      },
      "393": {
        "start": { "line": 1058, "column": 28 },
        "end": { "line": 1058, "column": 48 }
      },
      "394": {
        "start": { "line": 1059, "column": 28 },
        "end": { "line": 1059, "column": 34 }
      },
      "395": {
        "start": { "line": 1062, "column": 26 },
        "end": { "line": 1062, "column": 160 }
      },
      "396": {
        "start": { "line": 1065, "column": 26 },
        "end": { "line": 1065, "column": 48 }
      },
      "397": {
        "start": { "line": 1066, "column": 26 },
        "end": { "line": 1066, "column": 46 }
      },
      "398": {
        "start": { "line": 1067, "column": 26 },
        "end": { "line": 1067, "column": 70 }
      },
      "399": {
        "start": { "line": 1070, "column": 26 },
        "end": { "line": 1070, "column": 58 }
      },
      "400": {
        "start": { "line": 1071, "column": 26 },
        "end": { "line": 1071, "column": 53 }
      },
      "401": {
        "start": { "line": 1072, "column": 26 },
        "end": { "line": 1072, "column": 47 }
      },
      "402": {
        "start": { "line": 1073, "column": 26 },
        "end": { "line": 1073, "column": 110 }
      },
      "403": {
        "start": { "line": 1076, "column": 26 },
        "end": { "line": 1076, "column": 48 }
      },
      "404": {
        "start": { "line": 1077, "column": 26 },
        "end": { "line": 1077, "column": 47 }
      },
      "405": {
        "start": { "line": 1078, "column": 26 },
        "end": { "line": 1078, "column": 71 }
      },
      "406": {
        "start": { "line": 1081, "column": 26 },
        "end": { "line": 1081, "column": 58 }
      },
      "407": {
        "start": { "line": 1082, "column": 26 },
        "end": { "line": 1082, "column": 53 }
      },
      "408": {
        "start": { "line": 1083, "column": 26 },
        "end": { "line": 1083, "column": 47 }
      },
      "409": {
        "start": { "line": 1084, "column": 26 },
        "end": { "line": 1084, "column": 110 }
      },
      "410": {
        "start": { "line": 1087, "column": 26 },
        "end": { "line": 1087, "column": 78 }
      },
      "411": {
        "start": { "line": 1091, "column": 26 },
        "end": { "line": 1091, "column": 51 }
      },
      "412": {
        "start": { "line": 1098, "column": 18 },
        "end": { "line": 1098, "column": 55 }
      },
      "413": {
        "start": { "line": 1101, "column": 16 },
        "end": { "line": 1101, "column": 37 }
      },
      "414": {
        "start": { "line": 1116, "column": 29 },
        "end": { "line": 1135, "column": 19 }
      },
      "415": {
        "start": { "line": 1117, "column": 18 },
        "end": { "line": 1134, "column": 38 }
      },
      "416": {
        "start": { "line": 1118, "column": 20 },
        "end": { "line": 1133, "column": 21 }
      },
      "417": {
        "start": { "line": 1119, "column": 22 },
        "end": { "line": 1132, "column": 23 }
      },
      "418": {
        "start": { "line": 1121, "column": 26 },
        "end": { "line": 1121, "column": 55 }
      },
      "419": {
        "start": { "line": 1122, "column": 26 },
        "end": { "line": 1122, "column": 46 }
      },
      "420": {
        "start": { "line": 1123, "column": 26 },
        "end": { "line": 1123, "column": 69 }
      },
      "421": {
        "start": { "line": 1126, "column": 26 },
        "end": { "line": 1126, "column": 58 }
      },
      "422": {
        "start": { "line": 1127, "column": 26 },
        "end": { "line": 1127, "column": 96 }
      },
      "423": {
        "start": { "line": 1131, "column": 26 },
        "end": { "line": 1131, "column": 51 }
      },
      "424": {
        "start": { "line": 1138, "column": 18 },
        "end": { "line": 1138, "column": 55 }
      },
      "425": {
        "start": { "line": 1141, "column": 16 },
        "end": { "line": 1141, "column": 39 }
      },
      "426": {
        "start": { "line": 1156, "column": 29 },
        "end": { "line": 1175, "column": 19 }
      },
      "427": {
        "start": { "line": 1157, "column": 18 },
        "end": { "line": 1174, "column": 38 }
      },
      "428": {
        "start": { "line": 1158, "column": 20 },
        "end": { "line": 1173, "column": 21 }
      },
      "429": {
        "start": { "line": 1159, "column": 22 },
        "end": { "line": 1172, "column": 23 }
      },
      "430": {
        "start": { "line": 1161, "column": 26 },
        "end": { "line": 1161, "column": 55 }
      },
      "431": {
        "start": { "line": 1162, "column": 26 },
        "end": { "line": 1162, "column": 46 }
      },
      "432": {
        "start": { "line": 1163, "column": 26 },
        "end": { "line": 1163, "column": 67 }
      },
      "433": {
        "start": { "line": 1166, "column": 26 },
        "end": { "line": 1166, "column": 58 }
      },
      "434": {
        "start": { "line": 1167, "column": 26 },
        "end": { "line": 1167, "column": 96 }
      },
      "435": {
        "start": { "line": 1171, "column": 26 },
        "end": { "line": 1171, "column": 51 }
      },
      "436": {
        "start": { "line": 1178, "column": 18 },
        "end": { "line": 1178, "column": 55 }
      },
      "437": {
        "start": { "line": 1181, "column": 16 },
        "end": { "line": 1181, "column": 37 }
      },
      "438": {
        "start": { "line": 1197, "column": 29 },
        "end": { "line": 1216, "column": 19 }
      },
      "439": {
        "start": { "line": 1198, "column": 18 },
        "end": { "line": 1215, "column": 38 }
      },
      "440": {
        "start": { "line": 1199, "column": 20 },
        "end": { "line": 1214, "column": 21 }
      },
      "441": {
        "start": { "line": 1200, "column": 22 },
        "end": { "line": 1213, "column": 23 }
      },
      "442": {
        "start": { "line": 1202, "column": 26 },
        "end": { "line": 1202, "column": 55 }
      },
      "443": {
        "start": { "line": 1203, "column": 26 },
        "end": { "line": 1203, "column": 46 }
      },
      "444": {
        "start": { "line": 1204, "column": 26 },
        "end": { "line": 1204, "column": 76 }
      },
      "445": {
        "start": { "line": 1207, "column": 26 },
        "end": { "line": 1207, "column": 58 }
      },
      "446": {
        "start": { "line": 1208, "column": 26 },
        "end": { "line": 1208, "column": 96 }
      },
      "447": {
        "start": { "line": 1212, "column": 26 },
        "end": { "line": 1212, "column": 51 }
      },
      "448": {
        "start": { "line": 1219, "column": 18 },
        "end": { "line": 1219, "column": 55 }
      },
      "449": {
        "start": { "line": 1222, "column": 16 },
        "end": { "line": 1222, "column": 37 }
      },
      "450": {
        "start": { "line": 1242, "column": 29 },
        "end": { "line": 1274, "column": 19 }
      },
      "451": {
        "start": { "line": 1243, "column": 18 },
        "end": { "line": 1273, "column": 38 }
      },
      "452": {
        "start": { "line": 1244, "column": 20 },
        "end": { "line": 1272, "column": 21 }
      },
      "453": {
        "start": { "line": 1245, "column": 22 },
        "end": { "line": 1271, "column": 23 }
      },
      "454": {
        "start": { "line": 1247, "column": 26 },
        "end": { "line": 1247, "column": 46 }
      },
      "455": {
        "start": { "line": 1248, "column": 26 },
        "end": { "line": 1248, "column": 55 }
      },
      "456": {
        "start": { "line": 1251, "column": 26 },
        "end": { "line": 1251, "column": 58 }
      },
      "457": {
        "start": { "line": 1252, "column": 26 },
        "end": { "line": 1252, "column": 46 }
      },
      "458": {
        "start": { "line": 1253, "column": 26 },
        "end": { "line": 1253, "column": 53 }
      },
      "459": {
        "start": { "line": 1256, "column": 26 },
        "end": { "line": 1256, "column": 58 }
      },
      "460": {
        "start": { "line": 1257, "column": 26 },
        "end": { "line": 1257, "column": 46 }
      },
      "461": {
        "start": { "line": 1258, "column": 26 },
        "end": { "line": 1258, "column": 57 }
      },
      "462": {
        "start": { "line": 1261, "column": 26 },
        "end": { "line": 1261, "column": 58 }
      },
      "463": {
        "start": { "line": 1262, "column": 26 },
        "end": { "line": 1266, "column": 29 }
      },
      "464": {
        "start": { "line": 1270, "column": 26 },
        "end": { "line": 1270, "column": 51 }
      },
      "465": {
        "start": { "line": 1277, "column": 18 },
        "end": { "line": 1277, "column": 55 }
      },
      "466": {
        "start": { "line": 1280, "column": 16 },
        "end": { "line": 1280, "column": 37 }
      },
      "467": {
        "start": { "line": 1300, "column": 29 },
        "end": { "line": 1323, "column": 19 }
      },
      "468": {
        "start": { "line": 1302, "column": 18 },
        "end": { "line": 1322, "column": 38 }
      },
      "469": {
        "start": { "line": 1303, "column": 20 },
        "end": { "line": 1321, "column": 21 }
      },
      "470": {
        "start": { "line": 1304, "column": 22 },
        "end": { "line": 1320, "column": 23 }
      },
      "471": {
        "start": { "line": 1306, "column": 26 },
        "end": { "line": 1306, "column": 46 }
      },
      "472": {
        "start": { "line": 1307, "column": 26 },
        "end": { "line": 1307, "column": 64 }
      },
      "473": {
        "start": { "line": 1310, "column": 26 },
        "end": { "line": 1310, "column": 46 }
      },
      "474": {
        "start": { "line": 1311, "column": 26 },
        "end": { "line": 1315, "column": 29 }
      },
      "475": {
        "start": { "line": 1319, "column": 26 },
        "end": { "line": 1319, "column": 51 }
      },
      "476": {
        "start": { "line": 1326, "column": 18 },
        "end": { "line": 1326, "column": 55 }
      },
      "477": {
        "start": { "line": 1329, "column": 16 },
        "end": { "line": 1329, "column": 38 }
      },
      "478": {
        "start": { "line": 1345, "column": 29 },
        "end": { "line": 1366, "column": 19 }
      },
      "479": {
        "start": { "line": 1347, "column": 18 },
        "end": { "line": 1365, "column": 38 }
      },
      "480": {
        "start": { "line": 1348, "column": 20 },
        "end": { "line": 1364, "column": 21 }
      },
      "481": {
        "start": { "line": 1349, "column": 22 },
        "end": { "line": 1363, "column": 23 }
      },
      "482": {
        "start": { "line": 1351, "column": 26 },
        "end": { "line": 1351, "column": 55 }
      },
      "483": {
        "start": { "line": 1352, "column": 26 },
        "end": { "line": 1352, "column": 46 }
      },
      "484": {
        "start": { "line": 1353, "column": 26 },
        "end": { "line": 1353, "column": 70 }
      },
      "485": {
        "start": { "line": 1356, "column": 26 },
        "end": { "line": 1356, "column": 58 }
      },
      "486": {
        "start": { "line": 1357, "column": 26 },
        "end": { "line": 1357, "column": 69 }
      },
      "487": {
        "start": { "line": 1358, "column": 26 },
        "end": { "line": 1358, "column": 87 }
      },
      "488": {
        "start": { "line": 1362, "column": 26 },
        "end": { "line": 1362, "column": 51 }
      },
      "489": {
        "start": { "line": 1369, "column": 18 },
        "end": { "line": 1369, "column": 55 }
      },
      "490": {
        "start": { "line": 1372, "column": 16 },
        "end": { "line": 1372, "column": 42 }
      },
      "491": {
        "start": { "line": 1388, "column": 29 },
        "end": { "line": 1407, "column": 19 }
      },
      "492": {
        "start": { "line": 1389, "column": 18 },
        "end": { "line": 1406, "column": 38 }
      },
      "493": {
        "start": { "line": 1390, "column": 20 },
        "end": { "line": 1405, "column": 21 }
      },
      "494": {
        "start": { "line": 1391, "column": 22 },
        "end": { "line": 1404, "column": 23 }
      },
      "495": {
        "start": { "line": 1393, "column": 26 },
        "end": { "line": 1393, "column": 55 }
      },
      "496": {
        "start": { "line": 1394, "column": 26 },
        "end": { "line": 1394, "column": 46 }
      },
      "497": {
        "start": { "line": 1395, "column": 26 },
        "end": { "line": 1395, "column": 69 }
      },
      "498": {
        "start": { "line": 1398, "column": 26 },
        "end": { "line": 1398, "column": 58 }
      },
      "499": {
        "start": { "line": 1399, "column": 26 },
        "end": { "line": 1399, "column": 96 }
      },
      "500": {
        "start": { "line": 1403, "column": 26 },
        "end": { "line": 1403, "column": 51 }
      },
      "501": {
        "start": { "line": 1410, "column": 18 },
        "end": { "line": 1410, "column": 55 }
      },
      "502": {
        "start": { "line": 1413, "column": 16 },
        "end": { "line": 1413, "column": 41 }
      },
      "503": {
        "start": { "line": 1439, "column": 29 },
        "end": { "line": 1480, "column": 19 }
      },
      "504": {
        "start": { "line": 1441, "column": 18 },
        "end": { "line": 1479, "column": 38 }
      },
      "505": {
        "start": { "line": 1442, "column": 20 },
        "end": { "line": 1478, "column": 21 }
      },
      "506": {
        "start": { "line": 1443, "column": 22 },
        "end": { "line": 1477, "column": 23 }
      },
      "507": {
        "start": { "line": 1445, "column": 26 },
        "end": { "line": 1445, "column": 46 }
      },
      "508": {
        "start": { "line": 1446, "column": 26 },
        "end": { "line": 1446, "column": 62 }
      },
      "509": {
        "start": { "line": 1449, "column": 26 },
        "end": { "line": 1449, "column": 51 }
      },
      "510": {
        "start": { "line": 1450, "column": 26 },
        "end": { "line": 1450, "column": 46 }
      },
      "511": {
        "start": { "line": 1451, "column": 26 },
        "end": { "line": 1451, "column": 67 }
      },
      "512": {
        "start": { "line": 1454, "column": 26 },
        "end": { "line": 1454, "column": 46 }
      },
      "513": {
        "start": { "line": 1455, "column": 26 },
        "end": { "line": 1455, "column": 66 }
      },
      "514": {
        "start": { "line": 1456, "column": 26 },
        "end": { "line": 1456, "column": 50 }
      },
      "515": {
        "start": { "line": 1457, "column": 26 },
        "end": { "line": 1457, "column": 105 }
      },
      "516": {
        "start": { "line": 1458, "column": 26 },
        "end": { "line": 1458, "column": 72 }
      },
      "517": {
        "start": { "line": 1459, "column": 26 },
        "end": { "line": 1459, "column": 70 }
      },
      "518": {
        "start": { "line": 1460, "column": 26 },
        "end": { "line": 1460, "column": 62 }
      },
      "519": {
        "start": { "line": 1461, "column": 26 },
        "end": { "line": 1461, "column": 68 }
      },
      "520": {
        "start": { "line": 1462, "column": 26 },
        "end": { "line": 1472, "column": 29 }
      },
      "521": {
        "start": { "line": 1476, "column": 26 },
        "end": { "line": 1476, "column": 51 }
      },
      "522": {
        "start": { "line": 1483, "column": 18 },
        "end": { "line": 1483, "column": 55 }
      },
      "523": {
        "start": { "line": 1486, "column": 16 },
        "end": { "line": 1486, "column": 36 }
      },
      "524": {
        "start": { "line": 1502, "column": 29 },
        "end": { "line": 1528, "column": 19 }
      },
      "525": {
        "start": { "line": 1503, "column": 18 },
        "end": { "line": 1527, "column": 38 }
      },
      "526": {
        "start": { "line": 1504, "column": 20 },
        "end": { "line": 1526, "column": 21 }
      },
      "527": {
        "start": { "line": 1505, "column": 22 },
        "end": { "line": 1525, "column": 23 }
      },
      "528": {
        "start": { "line": 1507, "column": 26 },
        "end": { "line": 1507, "column": 53 }
      },
      "529": {
        "start": { "line": 1508, "column": 26 },
        "end": { "line": 1508, "column": 57 }
      },
      "530": {
        "start": { "line": 1509, "column": 26 },
        "end": { "line": 1509, "column": 47 }
      },
      "531": {
        "start": { "line": 1510, "column": 26 },
        "end": { "line": 1510, "column": 46 }
      },
      "532": {
        "start": { "line": 1511, "column": 26 },
        "end": { "line": 1511, "column": 55 }
      },
      "533": {
        "start": { "line": 1514, "column": 26 },
        "end": { "line": 1514, "column": 58 }
      },
      "534": {
        "start": { "line": 1515, "column": 26 },
        "end": { "line": 1515, "column": 46 }
      },
      "535": {
        "start": { "line": 1516, "column": 26 },
        "end": { "line": 1516, "column": 116 }
      },
      "536": {
        "start": { "line": 1519, "column": 26 },
        "end": { "line": 1519, "column": 58 }
      },
      "537": {
        "start": { "line": 1520, "column": 26 },
        "end": { "line": 1520, "column": 96 }
      },
      "538": {
        "start": { "line": 1524, "column": 26 },
        "end": { "line": 1524, "column": 51 }
      },
      "539": {
        "start": { "line": 1531, "column": 18 },
        "end": { "line": 1531, "column": 55 }
      },
      "540": {
        "start": { "line": 1534, "column": 16 },
        "end": { "line": 1534, "column": 45 }
      },
      "541": {
        "start": { "line": 1550, "column": 29 },
        "end": { "line": 1571, "column": 19 }
      },
      "542": {
        "start": { "line": 1552, "column": 18 },
        "end": { "line": 1570, "column": 38 }
      },
      "543": {
        "start": { "line": 1553, "column": 20 },
        "end": { "line": 1569, "column": 21 }
      },
      "544": {
        "start": { "line": 1554, "column": 22 },
        "end": { "line": 1568, "column": 23 }
      },
      "545": {
        "start": { "line": 1556, "column": 26 },
        "end": { "line": 1556, "column": 55 }
      },
      "546": {
        "start": { "line": 1557, "column": 26 },
        "end": { "line": 1557, "column": 46 }
      },
      "547": {
        "start": { "line": 1558, "column": 26 },
        "end": { "line": 1558, "column": 71 }
      },
      "548": {
        "start": { "line": 1561, "column": 26 },
        "end": { "line": 1561, "column": 58 }
      },
      "549": {
        "start": { "line": 1562, "column": 26 },
        "end": { "line": 1562, "column": 69 }
      },
      "550": {
        "start": { "line": 1563, "column": 26 },
        "end": { "line": 1563, "column": 88 }
      },
      "551": {
        "start": { "line": 1567, "column": 26 },
        "end": { "line": 1567, "column": 51 }
      },
      "552": {
        "start": { "line": 1574, "column": 18 },
        "end": { "line": 1574, "column": 55 }
      },
      "553": {
        "start": { "line": 1577, "column": 16 },
        "end": { "line": 1577, "column": 43 }
      },
      "554": {
        "start": { "line": 1593, "column": 29 },
        "end": { "line": 1612, "column": 19 }
      },
      "555": {
        "start": { "line": 1594, "column": 18 },
        "end": { "line": 1611, "column": 38 }
      },
      "556": {
        "start": { "line": 1595, "column": 20 },
        "end": { "line": 1610, "column": 21 }
      },
      "557": {
        "start": { "line": 1596, "column": 22 },
        "end": { "line": 1609, "column": 23 }
      },
      "558": {
        "start": { "line": 1598, "column": 26 },
        "end": { "line": 1598, "column": 55 }
      },
      "559": {
        "start": { "line": 1599, "column": 26 },
        "end": { "line": 1599, "column": 46 }
      },
      "560": {
        "start": { "line": 1600, "column": 26 },
        "end": { "line": 1600, "column": 75 }
      },
      "561": {
        "start": { "line": 1603, "column": 26 },
        "end": { "line": 1603, "column": 58 }
      },
      "562": {
        "start": { "line": 1604, "column": 26 },
        "end": { "line": 1604, "column": 96 }
      },
      "563": {
        "start": { "line": 1608, "column": 26 },
        "end": { "line": 1608, "column": 51 }
      },
      "564": {
        "start": { "line": 1615, "column": 18 },
        "end": { "line": 1615, "column": 55 }
      },
      "565": {
        "start": { "line": 1618, "column": 16 },
        "end": { "line": 1618, "column": 47 }
      },
      "566": {
        "start": { "line": 1646, "column": 29 },
        "end": { "line": 1699, "column": 19 }
      },
      "567": {
        "start": { "line": 1648, "column": 18 },
        "end": { "line": 1698, "column": 38 }
      },
      "568": {
        "start": { "line": 1649, "column": 20 },
        "end": { "line": 1697, "column": 21 }
      },
      "569": {
        "start": { "line": 1650, "column": 22 },
        "end": { "line": 1696, "column": 23 }
      },
      "570": {
        "start": { "line": 1652, "column": 26 },
        "end": { "line": 1652, "column": 46 }
      },
      "571": {
        "start": { "line": 1653, "column": 26 },
        "end": { "line": 1653, "column": 63 }
      },
      "572": {
        "start": { "line": 1656, "column": 26 },
        "end": { "line": 1656, "column": 51 }
      },
      "573": {
        "start": { "line": 1657, "column": 26 },
        "end": { "line": 1657, "column": 46 }
      },
      "574": {
        "start": { "line": 1658, "column": 26 },
        "end": { "line": 1658, "column": 65 }
      },
      "575": {
        "start": { "line": 1661, "column": 26 },
        "end": { "line": 1661, "column": 51 }
      },
      "576": {
        "start": { "line": 1662, "column": 26 },
        "end": { "line": 1662, "column": 46 }
      },
      "577": {
        "start": { "line": 1663, "column": 26 },
        "end": { "line": 1663, "column": 67 }
      },
      "578": {
        "start": { "line": 1666, "column": 26 },
        "end": { "line": 1666, "column": 55 }
      },
      "579": {
        "start": { "line": 1667, "column": 26 },
        "end": { "line": 1667, "column": 47 }
      },
      "580": {
        "start": { "line": 1668, "column": 26 },
        "end": { "line": 1668, "column": 68 }
      },
      "581": {
        "start": { "line": 1671, "column": 26 },
        "end": { "line": 1671, "column": 46 }
      },
      "582": {
        "start": { "line": 1672, "column": 26 },
        "end": { "line": 1672, "column": 58 }
      },
      "583": {
        "start": { "line": 1673, "column": 26 },
        "end": { "line": 1673, "column": 72 }
      },
      "584": {
        "start": { "line": 1674, "column": 26 },
        "end": { "line": 1674, "column": 72 }
      },
      "585": {
        "start": { "line": 1675, "column": 26 },
        "end": { "line": 1675, "column": 86 }
      },
      "586": {
        "start": { "line": 1676, "column": 26 },
        "end": { "line": 1676, "column": 74 }
      },
      "587": {
        "start": { "line": 1677, "column": 26 },
        "end": { "line": 1677, "column": 72 }
      },
      "588": {
        "start": { "line": 1678, "column": 26 },
        "end": { "line": 1678, "column": 60 }
      },
      "589": {
        "start": { "line": 1679, "column": 26 },
        "end": { "line": 1691, "column": 29 }
      },
      "590": {
        "start": { "line": 1695, "column": 26 },
        "end": { "line": 1695, "column": 51 }
      },
      "591": {
        "start": { "line": 1702, "column": 18 },
        "end": { "line": 1702, "column": 55 }
      },
      "592": {
        "start": { "line": 1705, "column": 16 },
        "end": { "line": 1705, "column": 37 }
      },
      "593": {
        "start": { "line": 1720, "column": 29 },
        "end": { "line": 1767, "column": 19 }
      },
      "594": {
        "start": { "line": 1722, "column": 18 },
        "end": { "line": 1766, "column": 38 }
      },
      "595": {
        "start": { "line": 1723, "column": 20 },
        "end": { "line": 1765, "column": 21 }
      },
      "596": {
        "start": { "line": 1724, "column": 22 },
        "end": { "line": 1764, "column": 23 }
      },
      "597": {
        "start": { "line": 1726, "column": 26 },
        "end": { "line": 1726, "column": 43 }
      },
      "598": {
        "start": { "line": 1727, "column": 26 },
        "end": { "line": 1727, "column": 55 }
      },
      "599": {
        "start": { "line": 1728, "column": 26 },
        "end": { "line": 1728, "column": 46 }
      },
      "600": {
        "start": { "line": 1729, "column": 26 },
        "end": { "line": 1729, "column": 75 }
      },
      "601": {
        "start": { "line": 1732, "column": 26 },
        "end": { "line": 1732, "column": 58 }
      },
      "602": {
        "start": { "line": 1733, "column": 26 },
        "end": { "line": 1733, "column": 67 }
      },
      "603": {
        "start": { "line": 1736, "column": 26 },
        "end": { "line": 1739, "column": 27 }
      },
      "604": {
        "start": { "line": 1737, "column": 28 },
        "end": { "line": 1737, "column": 49 }
      },
      "605": {
        "start": { "line": 1738, "column": 28 },
        "end": { "line": 1738, "column": 34 }
      },
      "606": {
        "start": { "line": 1741, "column": 26 },
        "end": { "line": 1741, "column": 46 }
      },
      "607": {
        "start": { "line": 1742, "column": 26 },
        "end": { "line": 1742, "column": 57 }
      },
      "608": {
        "start": { "line": 1745, "column": 26 },
        "end": { "line": 1745, "column": 55 }
      },
      "609": {
        "start": { "line": 1747, "column": 26 },
        "end": { "line": 1747, "column": 55 }
      },
      "610": {
        "start": { "line": 1748, "column": 26 },
        "end": { "line": 1748, "column": 55 }
      },
      "611": {
        "start": { "line": 1749, "column": 26 },
        "end": { "line": 1749, "column": 47 }
      },
      "612": {
        "start": { "line": 1750, "column": 26 },
        "end": { "line": 1750, "column": 78 }
      },
      "613": {
        "start": { "line": 1753, "column": 26 },
        "end": { "line": 1753, "column": 58 }
      },
      "614": {
        "start": { "line": 1754, "column": 26 },
        "end": { "line": 1754, "column": 67 }
      },
      "615": {
        "start": { "line": 1755, "column": 26 },
        "end": { "line": 1755, "column": 46 }
      },
      "616": {
        "start": { "line": 1756, "column": 26 },
        "end": { "line": 1756, "column": 32 }
      },
      "617": {
        "start": { "line": 1759, "column": 26 },
        "end": { "line": 1759, "column": 74 }
      },
      "618": {
        "start": { "line": 1763, "column": 26 },
        "end": { "line": 1763, "column": 51 }
      },
      "619": {
        "start": { "line": 1770, "column": 18 },
        "end": { "line": 1770, "column": 55 }
      },
      "620": {
        "start": { "line": 1773, "column": 16 },
        "end": { "line": 1773, "column": 38 }
      },
      "621": {
        "start": { "line": 1788, "column": 29 },
        "end": { "line": 1807, "column": 19 }
      },
      "622": {
        "start": { "line": 1789, "column": 18 },
        "end": { "line": 1806, "column": 38 }
      },
      "623": {
        "start": { "line": 1790, "column": 20 },
        "end": { "line": 1805, "column": 21 }
      },
      "624": {
        "start": { "line": 1791, "column": 22 },
        "end": { "line": 1804, "column": 23 }
      },
      "625": {
        "start": { "line": 1793, "column": 26 },
        "end": { "line": 1793, "column": 55 }
      },
      "626": {
        "start": { "line": 1794, "column": 26 },
        "end": { "line": 1794, "column": 46 }
      },
      "627": {
        "start": { "line": 1795, "column": 26 },
        "end": { "line": 1795, "column": 61 }
      },
      "628": {
        "start": { "line": 1798, "column": 26 },
        "end": { "line": 1798, "column": 58 }
      },
      "629": {
        "start": { "line": 1799, "column": 26 },
        "end": { "line": 1799, "column": 96 }
      },
      "630": {
        "start": { "line": 1803, "column": 26 },
        "end": { "line": 1803, "column": 51 }
      },
      "631": {
        "start": { "line": 1810, "column": 18 },
        "end": { "line": 1810, "column": 55 }
      },
      "632": {
        "start": { "line": 1813, "column": 16 },
        "end": { "line": 1813, "column": 38 }
      },
      "633": {
        "start": { "line": 1828, "column": 29 },
        "end": { "line": 1847, "column": 19 }
      },
      "634": {
        "start": { "line": 1829, "column": 18 },
        "end": { "line": 1846, "column": 38 }
      },
      "635": {
        "start": { "line": 1830, "column": 20 },
        "end": { "line": 1845, "column": 21 }
      },
      "636": {
        "start": { "line": 1831, "column": 22 },
        "end": { "line": 1844, "column": 23 }
      },
      "637": {
        "start": { "line": 1833, "column": 26 },
        "end": { "line": 1833, "column": 55 }
      },
      "638": {
        "start": { "line": 1834, "column": 26 },
        "end": { "line": 1834, "column": 46 }
      },
      "639": {
        "start": { "line": 1835, "column": 26 },
        "end": { "line": 1835, "column": 63 }
      },
      "640": {
        "start": { "line": 1838, "column": 26 },
        "end": { "line": 1838, "column": 58 }
      },
      "641": {
        "start": { "line": 1839, "column": 26 },
        "end": { "line": 1839, "column": 96 }
      },
      "642": {
        "start": { "line": 1843, "column": 26 },
        "end": { "line": 1843, "column": 51 }
      },
      "643": {
        "start": { "line": 1850, "column": 18 },
        "end": { "line": 1850, "column": 55 }
      },
      "644": {
        "start": { "line": 1853, "column": 16 },
        "end": { "line": 1853, "column": 40 }
      },
      "645": {
        "start": { "line": 1868, "column": 29 },
        "end": { "line": 1887, "column": 19 }
      },
      "646": {
        "start": { "line": 1869, "column": 18 },
        "end": { "line": 1886, "column": 38 }
      },
      "647": {
        "start": { "line": 1870, "column": 20 },
        "end": { "line": 1885, "column": 21 }
      },
      "648": {
        "start": { "line": 1871, "column": 22 },
        "end": { "line": 1884, "column": 23 }
      },
      "649": {
        "start": { "line": 1873, "column": 26 },
        "end": { "line": 1873, "column": 55 }
      },
      "650": {
        "start": { "line": 1874, "column": 26 },
        "end": { "line": 1874, "column": 46 }
      },
      "651": {
        "start": { "line": 1875, "column": 26 },
        "end": { "line": 1875, "column": 62 }
      },
      "652": {
        "start": { "line": 1878, "column": 26 },
        "end": { "line": 1878, "column": 58 }
      },
      "653": {
        "start": { "line": 1879, "column": 26 },
        "end": { "line": 1879, "column": 96 }
      },
      "654": {
        "start": { "line": 1883, "column": 26 },
        "end": { "line": 1883, "column": 51 }
      },
      "655": {
        "start": { "line": 1890, "column": 18 },
        "end": { "line": 1890, "column": 55 }
      },
      "656": {
        "start": { "line": 1893, "column": 16 },
        "end": { "line": 1893, "column": 39 }
      },
      "657": {
        "start": { "line": 1908, "column": 29 },
        "end": { "line": 1927, "column": 19 }
      },
      "658": {
        "start": { "line": 1909, "column": 18 },
        "end": { "line": 1926, "column": 38 }
      },
      "659": {
        "start": { "line": 1910, "column": 20 },
        "end": { "line": 1925, "column": 21 }
      },
      "660": {
        "start": { "line": 1911, "column": 22 },
        "end": { "line": 1924, "column": 23 }
      },
      "661": {
        "start": { "line": 1913, "column": 26 },
        "end": { "line": 1913, "column": 53 }
      },
      "662": {
        "start": { "line": 1914, "column": 26 },
        "end": { "line": 1914, "column": 46 }
      },
      "663": {
        "start": { "line": 1915, "column": 26 },
        "end": { "line": 1915, "column": 73 }
      },
      "664": {
        "start": { "line": 1918, "column": 26 },
        "end": { "line": 1918, "column": 58 }
      },
      "665": {
        "start": { "line": 1919, "column": 26 },
        "end": { "line": 1919, "column": 96 }
      },
      "666": {
        "start": { "line": 1923, "column": 26 },
        "end": { "line": 1923, "column": 51 }
      },
      "667": {
        "start": { "line": 1930, "column": 18 },
        "end": { "line": 1930, "column": 55 }
      },
      "668": {
        "start": { "line": 1933, "column": 16 },
        "end": { "line": 1933, "column": 52 }
      },
      "669": {
        "start": { "line": 1948, "column": 29 },
        "end": { "line": 1967, "column": 19 }
      },
      "670": {
        "start": { "line": 1949, "column": 18 },
        "end": { "line": 1966, "column": 38 }
      },
      "671": {
        "start": { "line": 1950, "column": 20 },
        "end": { "line": 1965, "column": 21 }
      },
      "672": {
        "start": { "line": 1951, "column": 22 },
        "end": { "line": 1964, "column": 23 }
      },
      "673": {
        "start": { "line": 1953, "column": 26 },
        "end": { "line": 1953, "column": 55 }
      },
      "674": {
        "start": { "line": 1954, "column": 26 },
        "end": { "line": 1954, "column": 46 }
      },
      "675": {
        "start": { "line": 1955, "column": 26 },
        "end": { "line": 1955, "column": 72 }
      },
      "676": {
        "start": { "line": 1958, "column": 26 },
        "end": { "line": 1958, "column": 58 }
      },
      "677": {
        "start": { "line": 1959, "column": 26 },
        "end": { "line": 1959, "column": 96 }
      },
      "678": {
        "start": { "line": 1963, "column": 26 },
        "end": { "line": 1963, "column": 51 }
      },
      "679": {
        "start": { "line": 1970, "column": 18 },
[...]
      "254": 2488,
      "255": 2488,
      "256": 0,
      "257": 2488,
      "258": 1228,
      "259": 2488,
      "260": 14697,
      "261": 14697,
      "262": 2,
      "263": 2,
      "264": 0,
      "265": 1,
      "266": 6,
      "267": 6,
      "268": 6,
      "269": 6,
      "270": 5,
      "271": 1,
      "272": 1,
      "273": 0,
      "274": 0,
      "275": 0,
      "276": 1,
      "277": 1228,
      "278": 1228,
      "279": 1228,
      "280": 1,
      "281": 1,
      "282": 0,
      "283": 1,
      "284": 4,
      "285": 8,
      "286": 4,
      "287": 4,
      "288": 1250,
      "289": 1,
      "290": 3,
      "291": 22,
      "292": 1,
      "293": 2,
      "294": 1,
      "295": 1264,
      "296": 1,
      "297": 0,
      "298": 1,
      "299": 1,
      "300": 1,
      "301": 1,
      "302": 0,
      "303": 1,
      "304": 0,
      "305": 0,
      "306": 0,
      "307": 0,
      "308": 0,
      "309": 0,
      "310": 0,
      "311": 0,
      "312": 0,
      "313": 0,
      "314": 0,
      "315": 18,
      "316": 18,
      "317": 18,
      "318": 18,
      "319": 18,
      "320": 1,
      "321": 1,
      "322": 2,
      "323": 6,
      "324": 6,
      "325": 2,
      "326": 2,
      "327": 2,
      "328": 2,
      "329": 2,
      "330": 2,
      "331": 2,
      "332": 2,
      "333": 2,
      "334": 1,
      "335": 3,
      "336": 3,
      "337": 1,
      "338": 1,
      "339": 1,
      "340": 1,
      "341": 1,
      "342": 1,
      "343": 1,
      "344": 2,
      "345": 2,
      "346": 2,
      "347": 6,
      "348": 6,
      "349": 2,
      "350": 2,
      "351": 2,
      "352": 2,
      "353": 2,
      "354": 2,
      "355": 2,
      "356": 2,
      "357": 2,
      "358": 2,
      "359": 6,
      "360": 6,
      "361": 2,
      "362": 2,
      "363": 2,
      "364": 2,
      "365": 2,
      "366": 2,
      "367": 2,
      "368": 2,
      "369": 2,
      "370": 1,
      "371": 4,
      "372": 4,
      "373": 1,
      "374": 1,
      "375": 1,
      "376": 1,
      "377": 1,
      "378": 1,
      "379": 1,
      "380": 1,
      "381": 1,
      "382": 2,
      "383": 2,
      "384": 0,
      "385": 0,
      "386": 0,
      "387": 0,
      "388": 0,
      "389": 0,
      "390": 0,
      "391": 0,
      "392": 0,
      "393": 0,
      "394": 0,
      "395": 0,
      "396": 0,
      "397": 0,
      "398": 0,
      "399": 0,
      "400": 0,
      "401": 0,
      "402": 0,
      "403": 0,
      "404": 0,
      "405": 0,
      "406": 0,
      "407": 0,
      "408": 0,
      "409": 0,
      "410": 0,
      "411": 0,
      "412": 0,
      "413": 2,
      "414": 2,
      "415": 1,
      "416": 3,
      "417": 3,
      "418": 1,
      "419": 1,
      "420": 1,
      "421": 1,
      "422": 1,
      "423": 1,
      "424": 1,
      "425": 2,
      "426": 2,
      "427": 1,
      "428": 3,
      "429": 3,
      "430": 1,
      "431": 1,
      "432": 1,
      "433": 1,
      "434": 1,
      "435": 1,
      "436": 1,
      "437": 2,
      "438": 2,
      "439": 1,
      "440": 3,
      "441": 3,
      "442": 1,
      "443": 1,
      "444": 1,
      "445": 1,
      "446": 1,
      "447": 1,
      "448": 1,
      "449": 2,
      "450": 2,
      "451": 1,
      "452": 5,
      "453": 5,
      "454": 1,
      "455": 1,
      "456": 1,
      "457": 1,
      "458": 1,
      "459": 1,
      "460": 1,
      "461": 1,
      "462": 1,
      "463": 1,
      "464": 1,
      "465": 1,
      "466": 2,
      "467": 2,
      "468": 1,
      "469": 3,
      "470": 3,
      "471": 1,
      "472": 1,
      "473": 1,
      "474": 1,
      "475": 1,
      "476": 1,
      "477": 2,
      "478": 2,
      "479": 1,
      "480": 3,
      "481": 3,
      "482": 1,
      "483": 1,
      "484": 1,
      "485": 1,
      "486": 1,
      "487": 1,
      "488": 1,
      "489": 1,
      "490": 2,
      "491": 2,
      "492": 0,
      "493": 0,
      "494": 0,
      "495": 0,
      "496": 0,
      "497": 0,
      "498": 0,
      "499": 0,
      "500": 0,
      "501": 0,
      "502": 2,
      "503": 2,
      "504": 1,
      "505": 4,
      "506": 4,
      "507": 1,
      "508": 1,
      "509": 1,
      "510": 1,
      "511": 1,
      "512": 1,
      "513": 1,
      "514": 1,
      "515": 1,
      "516": 1,
      "517": 1,
      "518": 1,
      "519": 1,
      "520": 1,
      "521": 1,
      "522": 1,
      "523": 2,
      "524": 2,
      "525": 1,
      "526": 4,
      "527": 4,
      "528": 1,
      "529": 1,
      "530": 1,
      "531": 1,
      "532": 1,
      "533": 1,
      "534": 1,
      "535": 1,
      "536": 1,
      "537": 1,
      "538": 1,
      "539": 1,
      "540": 2,
      "541": 2,
      "542": 1,
      "543": 3,
      "544": 3,
      "545": 1,
      "546": 1,
      "547": 1,
      "548": 1,
      "549": 1,
      "550": 1,
      "551": 1,
      "552": 1,
      "553": 2,
      "554": 2,
      "555": 1,
      "556": 3,
      "557": 3,
      "558": 1,
      "559": 1,
      "560": 1,
      "561": 1,
      "562": 1,
      "563": 1,
      "564": 1,
      "565": 2,
      "566": 2,
      "567": 1,
      "568": 6,
      "569": 6,
      "570": 1,
      "571": 1,
      "572": 1,
      "573": 1,
      "574": 1,
      "575": 1,
      "576": 1,
      "577": 1,
      "578": 1,
      "579": 1,
      "580": 1,
      "581": 1,
      "582": 1,
      "583": 1,
      "584": 1,
      "585": 1,
      "586": 1,
      "587": 1,
      "588": 1,
      "589": 1,
      "590": 1,
      "591": 1,
      "592": 2,
      "593": 2,
      "594": 0,
      "595": 0,
      "596": 0,
      "597": 0,
      "598": 0,
      "599": 0,
      "600": 0,
      "601": 0,
      "602": 0,
      "603": 0,
      "604": 0,
      "605": 0,
      "606": 0,
      "607": 0,
      "608": 0,
      "609": 0,
      "610": 0,
      "611": 0,
      "612": 0,
      "613": 0,
      "614": 0,
      "615": 0,
      "616": 0,
      "617": 0,
      "618": 0,
      "619": 0,
      "620": 2,
      "621": 2,
      "622": 1,
      "623": 3,
      "624": 3,
      "625": 1,
      "626": 1,
      "627": 1,
      "628": 1,
      "629": 1,
      "630": 1,
      "631": 1,
      "632": 2,
      "633": 2,
      "634": 0,
      "635": 0,
      "636": 0,
      "637": 0,
      "638": 0,
      "639": 0,
      "640": 0,
      "641": 0,
      "642": 0,
      "643": 0,
      "644": 2,
      "645": 2,
      "646": 2,
      "647": 6,
      "648": 6,
      "649": 2,
      "650": 2,
      "651": 2,
      "652": 2,
      "653": 2,
      "654": 2,
      "655": 2,
      "656": 2,
      "657": 2,
      "658": 1,
      "659": 3,
      "660": 3,
      "661": 1,
      "662": 1,
      "663": 1,
      "664": 1,
      "665": 1,
      "666": 1,
      "667": 1,
      "668": 2,
      "669": 2,
      "670": 1,
      "671": 3,
      "672": 3,
      "673": 1,
      "674": 1,
      "675": 1,
      "676": 1,
      "677": 1,
      "678": 1,
      "679": 1,
      "680": 2,
      "681": 2,
      "682": 1,
      "683": 3,
      "684": 3,
      "685": 1,
      "686": 1,
      "687": 1,
      "688": 1,
      "689": 1,
      "690": 1,
      "691": 1,
      "692": 2,
      "693": 2,
      "694": 1,
      "695": 7,
      "696": 7,
      "697": 1,
      "698": 1,
      "699": 1,
      "700": 1,
      "701": 1,
      "702": 1,
      "703": 1,
      "704": 1,
      "705": 1,
      "706": 1,
      "707": 1,
      "708": 1,
      "709": 1,
      "710": 1,
      "711": 1,
      "712": 1,
      "713": 1,
      "714": 1,
      "715": 2,
      "716": 2,
      "717": 1,
      "718": 3,
      "719": 3,
      "720": 1,
      "721": 1,
      "722": 1,
      "723": 1,
      "724": 1,
      "725": 1,
      "726": 1,
      "727": 2,
      "728": 2,
      "729": 1,
      "730": 3,
      "731": 3,
      "732": 1,
      "733": 1,
      "734": 1,
      "735": 1,
      "736": 1,
      "737": 1,
      "738": 1,
      "739": 2,
      "740": 2,
      "741": 1,
      "742": 3,
      "743": 3,
      "744": 1,
      "745": 1,
      "746": 1,
      "747": 1,
      "748": 1,
      "749": 1,
      "750": 1,
      "751": 2,
      "752": 2,
      "753": 1,
      "754": 3,
      "755": 3,
      "756": 1,
      "757": 1,
      "758": 1,
      "759": 1,
      "760": 1,
      "761": 1,
      "762": 1,
      "763": 2,
      "764": 2,
      "765": 1,
      "766": 3,
      "767": 3,
      "768": 1,
      "769": 1,
      "770": 1,
      "771": 1,
      "772": 1,
      "773": 1,
      "774": 1,
      "775": 2,
      "776": 2,
      "777": 1,
      "778": 7,
      "779": 7,
      "780": 1,
      "781": 1,
      "782": 1,
      "783": 1,
      "784": 1,
      "785": 1,
      "786": 1,
      "787": 1,
      "788": 1,
      "789": 1,
      "790": 1,
      "791": 1,
      "792": 1,
      "793": 1,
      "794": 1,
      "795": 1,
      "796": 1,
      "797": 1,
      "798": 2,
      "799": 2,
      "800": 0,
      "801": 0,
      "802": 0,
      "803": 0,
      "804": 0,
      "805": 0,
      "806": 0,
      "807": 0,
      "808": 0,
      "809": 2,
      "810": 2,
      "811": 1,
      "812": 1,
      "813": 1,
      "814": 1,
      "815": 1,
      "816": 1,
      "817": 1,
      "818": 4,
      "819": 4,
      "820": 1,
      "821": 1,
      "822": 1,
      "823": 1,
      "824": 1,
      "825": 1,
      "826": 1,
      "827": 1,
      "828": 1,
      "829": 1,
      "830": 1,
      "831": 1228,
      "832": 1,
      "833": 1,
      "834": 1,
      "835": 1,
      "836": 2,
      "837": 2,
      "838": 0,
      "839": 0,
      "840": 0,
      "841": 0,
      "842": 0,
      "843": 0,
      "844": 0,
      "845": 0,
      "846": 0,
      "847": 0,
      "848": 0,
      "849": 0,
      "850": 0,
      "851": 0,
      "852": 2,
      "853": 2,
      "854": 0,
      "855": 0,
      "856": 0,
      "857": 0,
      "858": 0,
      "859": 0,
      "860": 0,
      "861": 0,
      "862": 0,
      "863": 0,
      "864": 0,
      "865": 0,
      "866": 0,
      "867": 0,
      "868": 0,
      "869": 0,
      "870": 0,
      "871": 0,
      "872": 0,
      "873": 2,
      "874": 2,
      "875": 0,
      "876": 0,
      "877": 0,
      "878": 0,
      "879": 0,
      "880": 0,
      "881": 0,
      "882": 0,
      "883": 0,
      "884": 0,
      "885": 0,
      "886": 0,
      "887": 0,
      "888": 0,
      "889": 2,
      "890": 2,
      "891": 0,
      "892": 0,
      "893": 0,
      "894": 0,
      "895": 0,
      "896": 0,
      "897": 0,
      "898": 0,
      "899": 0,
      "900": 0,
      "901": 0,
      "902": 0,
      "903": 0,
      "904": 0,
      "905": 2,
      "906": 2,
      "907": 0,
      "908": 0,
      "909": 0,
      "910": 0,
      "911": 0,
      "912": 0,
      "913": 0,
      "914": 0,
      "915": 0,
      "916": 0,
      "917": 0,
      "918": 0,
      "919": 0,
      "920": 0,
      "921": 0,
      "922": 2,
      "923": 2,
      "924": 0,
      "925": 0,
      "926": 0,
      "927": 0,
      "928": 0,
      "929": 0,
      "930": 0,
      "931": 0,
      "932": 0,
      "933": 0,
      "934": 0,
      "935": 0,
      "936": 0,
      "937": 0,
      "938": 0,
      "939": 0,
      "940": 0,
      "941": 0,
      "942": 0,
      "943": 0,
      "944": 0,
      "945": 0,
      "946": 2,
      "947": 2,
      "948": 0,
      "949": 0,
      "950": 0,
      "951": 0,
      "952": 0,
      "953": 0,
      "954": 0,
      "955": 0,
      "956": 0,
      "957": 0,
      "958": 0,
      "959": 0,
      "960": 0,
      "961": 0,
      "962": 2,
      "963": 2,
      "964": 0,
      "965": 0,
      "966": 0,
      "967": 0,
      "968": 0,
      "969": 0,
      "970": 0,
      "971": 0,
      "972": 0,
      "973": 0,
      "974": 0,
      "975": 0,
      "976": 0,
      "977": 0,
      "978": 0,
      "979": 0,
      "980": 0,
      "981": 0,
      "982": 0,
      "983": 0,
      "984": 0,
      "985": 0,
      "986": 0,
      "987": 0,
      "988": 2,
      "989": 2,
      "990": 0,
      "991": 0,
      "992": 0,
      "993": 0,
      "994": 0,
      "995": 0,
      "996": 0,
      "997": 0,
      "998": 0,
      "999": 0,
      "1000": 0,
      "1001": 0,
      "1002": 0,
      "1003": 0,
      "1004": 2,
      "1005": 2,
      "1006": 0,
      "1007": 0,
      "1008": 0,
      "1009": 0,
      "1010": 0,
      "1011": 0,
      "1012": 0,
      "1013": 0,
      "1014": 0,
      "1015": 0,
      "1016": 0,
      "1017": 0,
      "1018": 0,
      "1019": 0,
      "1020": 2,
      "1021": 2,
      "1022": 0,
      "1023": 0,
      "1024": 0,
      "1025": 0,
      "1026": 0,
      "1027": 0,
      "1028": 0,
      "1029": 0,
      "1030": 0,
      "1031": 0,
      "1032": 0,
      "1033": 0,
      "1034": 0,
      "1035": 0,
      "1036": 2,
      "1037": 2,
      "1038": 0,
      "1039": 0,
      "1040": 0,
      "1041": 0,
      "1042": 0,
      "1043": 0,
      "1044": 0,
      "1045": 0,
      "1046": 0,
      "1047": 0,
      "1048": 0,
      "1049": 0,
      "1050": 0,
      "1051": 0,
      "1052": 0,
      "1053": 0,
      "1054": 2,
      "1055": 2,
      "1056": 2,
      "1057": 2,
      "1058": 1
    },
    "f": {
      "0": 1,
      "1": 0,
      "2": 0,
      "3": 0,
      "4": 1,
      "5": 3,
      "6": 9,
      "7": 0,
      "8": 0,
      "9": 0,
      "10": 0,
      "11": 0,
      "12": 3,
      "13": 1,
      "14": 3,
      "15": 48,
      "16": 18,
      "17": 18,
      "18": 18,
      "19": 504,
      "20": 108,
      "21": 18,
      "22": 108,
      "23": 3,
      "24": 23,
      "25": 1,
      "26": 0,
      "27": 0,
      "28": 0,
      "29": 0,
      "30": 0,
      "31": 0,
      "32": 0,
      "33": 0,
      "34": 1228,
      "35": 11052,
      "36": 2488,
      "37": 14697,
      "38": 2,
      "39": 2,
      "40": 0,
      "41": 1,
      "42": 6,
      "43": 1,
      "44": 1228,
      "45": 0,
      "46": 4,
      "47": 4,
      "48": 1250,
      "49": 3,
      "50": 22,
      "51": 2,
      "52": 1264,
      "53": 0,
      "54": 0,
      "55": 0,
      "56": 18,
      "57": 1,
      "58": 2,
      "59": 6,
      "60": 2,
      "61": 1,
      "62": 3,
      "63": 1,
      "64": 2,
      "65": 2,
      "66": 6,
      "67": 2,
      "68": 2,
      "69": 2,
      "70": 6,
      "71": 2,
      "72": 2,
      "73": 1,
      "74": 4,
      "75": 1,
      "76": 2,
      "77": 0,
      "78": 0,
      "79": 0,
      "80": 2,
      "81": 1,
      "82": 3,
      "83": 1,
      "84": 2,
      "85": 1,
      "86": 3,
      "87": 1,
      "88": 2,
      "89": 1,
      "90": 3,
      "91": 1,
      "92": 2,
      "93": 1,
      "94": 5,
      "95": 1,
      "96": 2,
      "97": 1,
      "98": 3,
      "99": 1,
      "100": 2,
      "101": 1,
      "102": 3,
      "103": 1,
      "104": 2,
      "105": 0,
      "106": 0,
      "107": 0,
      "108": 2,
      "109": 1,
      "110": 4,
      "111": 1,
      "112": 2,
      "113": 1,
      "114": 4,
      "115": 1,
      "116": 2,
      "117": 1,
      "118": 3,
      "119": 1,
      "120": 2,
      "121": 1,
      "122": 3,
      "123": 1,
      "124": 2,
      "125": 1,
      "126": 6,
      "127": 1,
      "128": 2,
      "129": 0,
      "130": 0,
      "131": 0,
      "132": 2,
      "133": 1,
      "134": 3,
      "135": 1,
      "136": 2,
      "137": 0,
      "138": 0,
      "139": 0,
      "140": 2,
      "141": 2,
      "142": 6,
      "143": 2,
      "144": 2,
      "145": 1,
      "146": 3,
      "147": 1,
      "148": 2,
      "149": 1,
      "150": 3,
      "151": 1,
      "152": 2,
      "153": 1,
      "154": 3,
      "155": 1,
      "156": 2,
      "157": 1,
      "158": 7,
      "159": 1,
      "160": 2,
      "161": 1,
      "162": 3,
      "163": 1,
      "164": 2,
      "165": 1,
      "166": 3,
      "167": 1,
      "168": 2,
      "169": 1,
      "170": 3,
      "171": 1,
      "172": 2,
      "173": 1,
      "174": 3,
      "175": 1,
      "176": 2,
      "177": 1,
      "178": 3,
      "179": 1,
      "180": 2,
      "181": 1,
      "182": 7,
      "183": 1,
      "184": 2,
      "185": 0,
      "186": 0,
      "187": 0,
      "188": 2,
      "189": 1,
      "190": 4,
      "191": 1228,
      "192": 1,
      "193": 2,
      "194": 0,
      "195": 0,
      "196": 0,
      "197": 2,
      "198": 0,
      "199": 0,
      "200": 0,
      "201": 2,
      "202": 0,
      "203": 0,
      "204": 0,
      "205": 2,
      "206": 0,
      "207": 0,
      "208": 0,
      "209": 2,
      "210": 0,
      "211": 0,
      "212": 0,
      "213": 2,
      "214": 0,
      "215": 0,
      "216": 0,
      "217": 2,
      "218": 0,
      "219": 0,
      "220": 0,
      "221": 2,
      "222": 0,
      "223": 0,
      "224": 0,
      "225": 2,
      "226": 0,
      "227": 0,
      "228": 0,
      "229": 2,
      "230": 0,
      "231": 0,
      "232": 0,
      "233": 2,
      "234": 0,
      "235": 0,
      "236": 0,
      "237": 2,
      "238": 0,
      "239": 0,
      "240": 0,
      "241": 2
    },
    "b": {
      "0": [0, 0, 0, 0, 0],
      "1": [3, 3, 3, 3, 0, 3],
      "2": [0, 3],
      "3": [3, 0],
      "4": [0, 3],
      "5": [0, 3],
      "6": [3, 0],
      "7": [3, 0],
      "8": [0, 3],
      "9": [3, 3],
      "10": [0, 3],
      "11": [3, 2],
      "12": [3, 3, 3, 18, 15, 15, 15, 3, 0, 3, 3, 3, 3, 3, 0, 3],
      "13": [3, 0],
      "14": [3, 0],
      "15": [3, 0],
      "16": [3, 0],
      "17": [3, 0],
      "18": [3, 0],
      "19": [3, 15],
      "20": [0, 3],
      "21": [3, 0],
      "22": [3, 0],
      "23": [14, 9],
      "24": [23, 23],
      "25": [0, 0, 0, 0],
      "26": [0, 0, 0, 0, 0, 0, 0, 0, 0],
      "27": [0, 0],
      "28": [0, 0],
      "29": [0, 2488],
      "30": [1, 1],
      "31": [5, 1],
      "32": [1, 0],
      "33": [0, 0],
      "34": [0, 0],
      "35": [0, 0],
      "36": [0, 0],
      "37": [0, 0],
      "38": [0, 0],
      "39": [2, 2, 0, 2],
      "40": [1, 1, 0, 1],
      "41": [2, 2, 0, 2],
      "42": [2, 2, 0, 2],
      "43": [1, 1, 1, 0, 1],
      "44": [0, 0],
      "45": [0, 0],
      "46": [0, 0, 0, 0, 0, 0, 0, 0, 0],
      "47": [0, 0],
      "48": [1, 1, 0, 1],
      "49": [1, 1, 0, 1],
      "50": [1, 1, 0, 1],
      "51": [1, 1, 1, 1, 0, 1],
      "52": [1, 1, 0, 1],
      "53": [1, 1, 0, 1],
      "54": [0, 0, 0, 0],
      "55": [1, 1, 1, 0, 1],
      "56": [1, 0],
      "57": [1, 1, 1, 0, 1],
      "58": [1, 1, 0, 1],
      "59": [1, 1, 0, 1],
      "60": [1, 1, 1, 1, 1, 0, 1],
      "61": [0, 0, 0, 0, 0, 0, 0, 0],
      "62": [0, 0],
      "63": [1, 1, 0, 1],
      "64": [0, 0, 0, 0],
      "65": [2, 2, 0, 2],
      "66": [1, 1, 0, 1],
      "67": [1, 1, 0, 1],
      "68": [1, 1, 0, 1],
      "69": [1, 1, 1, 1, 1, 1, 0, 1],
      "70": [1, 1, 0, 1],
      "71": [1, 1, 0, 1],
      "72": [1, 1, 0, 1],
      "73": [1, 1, 0, 1],
      "74": [1, 1, 0, 1],
      "75": [1, 1, 1, 1, 1, 1, 0, 1],
      "76": [0, 0, 0, 0],
      "77": [0, 1],
      "78": [1, 0],
      "79": [1, 0],
      "80": [1, 1, 1, 0, 1],
      "81": [1, 1],
      "82": [1, 1],
      "83": [0, 0],
      "84": [0, 0],
      "85": [0, 0, 0, 0, 0],
      "86": [0, 0],
      "87": [0, 0],
      "88": [0, 0, 0, 0, 0, 0],
      "89": [0, 0],
      "90": [0, 0],
      "91": [0, 0, 0, 0, 0],
      "92": [0, 0],
      "93": [0, 0],
      "94": [0, 0, 0, 0],
      "95": [0, 0],
      "96": [0, 0],
      "97": [0, 0, 0, 0, 0],
      "98": [0, 0],
      "99": [0, 0],
      "100": [0, 0, 0, 0, 0, 0, 0],
      "101": [0, 0],
      "102": [0, 0],
      "103": [0, 0],
      "104": [0, 0, 0, 0, 0],
      "105": [0, 0],
      "106": [0, 0],
      "107": [0, 0, 0, 0, 0, 0, 0],
      "108": [0, 0],
      "109": [0, 0],
      "110": [0, 0],
      "111": [0, 0, 0, 0, 0],
      "112": [0, 0],
      "113": [0, 0],
      "114": [0, 0, 0, 0, 0],
      "115": [0, 0],
      "116": [0, 0],
      "117": [0, 0, 0, 0, 0],
      "118": [0, 0],
      "119": [0, 0],
      "120": [0, 0],
      "121": [0, 0],
      "122": [0, 0, 0, 0, 0]
    },
    "_coverageSchema": "332fd63041d2c1bcb487cc26dd0d5f7d97098a6c",
    "hash": "1072c2f43de3155f17a5ea4c3d1fbb5abf6ab807",
    "contentHash": "ad5ec4ec353ed70c0acfab24a1f80568_11.6.0"
  }
}
