TN:
SF:/Users/josiahsavary/livepeerjs/packages/graphql-sdk/src/mock-sdk.js
FN:25,(anonymous_1)
FN:25,_callee
FN:25,_callee$
FN:26,(anonymous_5)
FN:26,_callee2
FN:26,_callee2$
FN:27,(anonymous_9)
FN:27,_callee3
FN:27,_callee3$
FN:28,(anonymous_13)
FN:28,_callee4
FN:29,(anonymous_17)
FN:29,_callee5
FN:29,_callee5$
FN:30,(anonymous_21)
FN:30,_callee6
FN:30,_callee6$
FN:31,(anonymous_25)
FN:31,_callee7
FN:33,(anonymous_28)
FN:35,(anonymous_30)
FN:35,_callee8
FN:35,_callee8$
FN:36,(anonymous_34)
FN:36,_callee9
FNF:25
FNH:10
FNDA:1,(anonymous_1)
FNDA:0,_callee
FNDA:0,_callee$
FNDA:1,(anonymous_5)
FNDA:0,_callee2
FNDA:0,_callee2$
FNDA:1,(anonymous_9)
FNDA:0,_callee3
FNDA:0,_callee3$
FNDA:2,(anonymous_13)
FNDA:3,_callee4
FNDA:1,(anonymous_17)
FNDA:0,_callee5
FNDA:0,_callee5$
FNDA:1,(anonymous_21)
FNDA:0,_callee6
FNDA:0,_callee6$
FNDA:1,(anonymous_25)
FNDA:0,_callee7
FNDA:0,(anonymous_28)
FNDA:1,(anonymous_30)
FNDA:0,_callee8
FNDA:0,_callee8$
FNDA:1,(anonymous_34)
FNDA:0,_callee9
DA:1,1
DA:15,1
DA:25,2
DA:26,2
DA:27,2
DA:28,7
DA:29,2
DA:30,2
DA:31,2
DA:33,0
DA:35,2
DA:36,2
DA:45,1
DA:50,1
DA:55,1
DA:68,1
DA:93,1
DA:127,1
DA:137,1
LF:19
LH:18
BRDA:25,0,0,0
BRDA:25,0,1,0
BRDA:25,0,2,0
BRDA:26,1,0,0
BRDA:26,1,1,0
BRDA:26,1,2,0
BRDA:27,2,0,0
BRDA:27,2,1,0
BRDA:27,2,2,0
BRDA:28,3,0,1
BRDA:28,3,1,0
BRDA:28,3,2,1
BRDA:29,4,0,0
BRDA:29,4,1,0
BRDA:29,4,2,0
BRDA:30,5,0,0
BRDA:30,5,1,0
BRDA:30,5,2,0
BRDA:31,6,0,0
BRDA:31,6,1,0
BRDA:31,7,0,0
BRDA:31,7,1,0
BRDA:31,8,0,0
BRDA:31,8,1,0
BRDA:31,8,2,0
BRDA:33,9,0,0
BRDA:33,9,1,0
BRDA:35,10,0,0
BRDA:35,10,1,0
BRDA:35,10,2,0
BRDA:36,11,0,0
BRDA:36,11,1,0
BRDA:36,11,2,0
BRF:33
BRH:2
end_of_record
TN:
SF:/Users/josiahsavary/livepeerjs/packages/graphql-sdk/src/queries.js
FNF:0
FNH:0
DA:1,1
DA:2,1
DA:3,1
DA:4,1
DA:5,1
DA:6,1
DA:8,1
DA:20,1
DA:33,1
DA:42,1
DA:51,1
DA:60,1
DA:69,1
DA:81,1
DA:90,1
LF:15
LH:15
BRF:0
BRH:0
end_of_record
TN:
SF:/Users/josiahsavary/livepeerjs/packages/graphql-sdk/src/schema.js
FNF:0
FNH:0
DA:1,1
DA:2,1
DA:3,1
DA:5,1
LF:4
LH:4
BRF:0
BRH:0
end_of_record
TN:
SF:/Users/josiahsavary/livepeerjs/packages/graphql-sdk/src/utils.js
FN:1,transformJob
FN:11,(anonymous_2)
FNF:2
FNH:2
FNDA:18,transformJob
FNDA:18,(anonymous_2)
DA:6,72
DA:7,18
DA:11,36
LF:3
LH:3
BRF:0
BRH:0
end_of_record
TN:
SF:/Users/josiahsavary/livepeerjs/packages/graphql-sdk/src/resolvers/Account.js
FN:36,_callee$
FN:47,_callee2$
FN:26,id
FN:60,broadcaster
FN:76,delegator
FN:92,transcoder
FNF:6
FNH:6
FNDA:3,_callee$
FNDA:3,_callee2$
FNDA:1,id
FNDA:1,broadcaster
FNDA:1,delegator
FNDA:1,transcoder
DA:1,2
DA:27,1
DA:36,11
DA:37,1
DA:47,11
DA:48,1
DA:65,1
DA:81,1
DA:97,1
LF:9
LH:9
BRDA:36,0,0,1
BRDA:36,0,1,1
BRDA:36,0,2,0
BRDA:36,0,3,1
BRDA:47,1,0,1
BRDA:47,1,1,1
BRDA:47,1,2,0
BRDA:47,1,3,1
BRF:8
BRH:6
end_of_record
TN:
SF:/Users/josiahsavary/livepeerjs/packages/graphql-sdk/src/resolvers/Broadcaster.js
FN:27,id
FN:37,deposit
FN:47,withdrawBlock
FN:61,jobs
FNF:4
FNH:3
FNDA:1,id
FNDA:1,deposit
FNDA:1,withdrawBlock
FNDA:0,jobs
DA:1,2
DA:28,1
DA:38,1
DA:48,1
DA:66,0
DA:67,0
DA:71,0
LF:7
LH:4
BRF:0
BRH:0
end_of_record
TN:
SF:/Users/josiahsavary/livepeerjs/packages/graphql-sdk/src/resolvers/Delegator.js
FN:20,id
FN:30,status
FN:40,bondedAmount
FN:50,fees
FN:60,delegateAddress
FN:70,delegatedAmount
FN:80,lastClaimRound
FN:90,startRound
FN:100,withdrawRound
FNF:9
FNH:9
FNDA:1,id
FNDA:1,status
FNDA:1,bondedAmount
FNDA:1,fees
FNDA:1,delegateAddress
FNDA:1,delegatedAmount
FNDA:1,lastClaimRound
FNDA:1,startRound
FNDA:1,withdrawRound
DA:21,1
DA:31,1
DA:41,1
DA:51,1
DA:61,1
DA:71,1
DA:81,1
DA:91,1
DA:101,1
LF:9
LH:9
BRF:0
BRH:0
end_of_record
TN:
SF:/Users/josiahsavary/livepeerjs/packages/graphql-sdk/src/resolvers/Job.js
FN:20,id
FN:30,broadcaster
FN:40,profiles
FN:50,streamId
FNF:4
FNH:4
FNDA:1,id
FNDA:1,broadcaster
FNDA:1,profiles
FNDA:1,streamId
DA:21,1
DA:31,1
DA:41,1
DA:51,1
LF:4
LH:4
BRF:0
BRH:0
end_of_record
TN:
SF:/Users/josiahsavary/livepeerjs/packages/graphql-sdk/src/resolvers/JobProfile.js
FN:22,id
FN:32,name
FN:42,bitrate
FN:52,framerate
FN:62,resolution
FNF:5
FNH:5
FNDA:1,id
FNDA:1,name
FNDA:1,bitrate
FNDA:1,framerate
FNDA:1,resolution
DA:23,1
DA:33,1
DA:43,1
DA:53,1
DA:63,1
LF:5
LH:5
BRF:0
BRH:0
end_of_record
TN:
SF:/Users/josiahsavary/livepeerjs/packages/graphql-sdk/src/resolvers/Mutation.js
FN:19,_callee$
FN:41,_callee2$
FN:56,_callee3$
FN:70,_callee4$
FNF:4
FNH:0
FNDA:0,_callee$
FNDA:0,_callee2$
FNDA:0,_callee3$
FNDA:0,_callee4$
DA:19,0
DA:24,0
DA:41,0
DA:46,0
DA:56,0
DA:61,0
DA:70,0
LF:7
LH:0
BRDA:19,0,0,0
BRDA:19,0,1,0
BRDA:19,0,2,0
BRDA:19,0,3,0
BRDA:19,0,4,0
BRDA:19,0,5,0
BRDA:19,1,0,0
BRDA:19,1,1,0
BRDA:41,2,0,0
BRDA:41,2,1,0
BRDA:41,2,2,0
BRDA:41,2,3,0
BRDA:56,3,0,0
BRDA:56,3,1,0
BRDA:56,3,2,0
BRDA:56,3,3,0
BRDA:70,4,0,0
BRDA:70,4,1,0
BRDA:70,4,2,0
BRDA:70,4,3,0
BRF:20
BRH:0
end_of_record
TN:
SF:/Users/josiahsavary/livepeerjs/packages/graphql-sdk/src/resolvers/Query.js
FN:50,_callee$
FN:63,_callee2$
FN:82,_callee3$
FN:101,_callee4$
FN:122,_callee5$
FN:144,_callee6$
FN:158,_callee7$
FN:175,_callee8$
FN:200,_callee9$
FN:209,(anonymous_35)
FNF:10
FNH:8
FNDA:2,_callee$
FNDA:6,_callee2$
FNDA:6,_callee3$
FNDA:3,_callee4$
FNDA:15,_callee5$
FNDA:2,_callee6$
FNDA:6,_callee7$
FNDA:6,_callee8$
FNDA:0,_callee9$
FNDA:0,(anonymous_35)
DA:1,4
DA:50,7
DA:63,24
DA:68,2
DA:69,2
DA:70,2
DA:82,24
DA:87,2
DA:88,2
DA:89,2
DA:101,11
DA:106,1
DA:107,1
DA:108,1
DA:122,60
DA:128,5
DA:132,5
DA:144,11
DA:146,1
DA:158,22
DA:163,2
DA:175,24
DA:180,2
DA:181,2
DA:182,2
DA:200,0
DA:206,0
DA:207,0
DA:209,0
LF:29
LH:25
BRDA:50,0,0,1
BRDA:50,0,1,0
BRDA:50,0,2,1
BRDA:63,1,0,2
BRDA:63,1,1,2
BRDA:63,1,2,0
BRDA:63,1,3,2
BRDA:82,2,0,2
BRDA:82,2,1,2
BRDA:82,2,2,0
BRDA:82,2,3,2
BRDA:101,3,0,1
BRDA:101,3,1,1
BRDA:101,3,2,0
BRDA:101,3,3,1
BRDA:122,4,0,5
BRDA:122,4,1,5
BRDA:122,4,2,0
BRDA:122,4,3,5
BRDA:127,5,0,3
BRDA:127,5,1,2
BRDA:127,6,0,3
BRDA:127,6,1,2
BRDA:127,7,0,4
BRDA:127,7,1,1
BRDA:144,8,0,1
BRDA:144,8,1,1
BRDA:144,8,2,0
BRDA:144,8,3,1
BRDA:144,9,0,1
BRDA:144,9,1,0
BRDA:158,10,0,2
BRDA:158,10,1,2
BRDA:158,10,2,0
BRDA:158,10,3,2
BRDA:175,11,0,2
BRDA:175,11,1,2
BRDA:175,11,2,0
BRDA:175,11,3,2
BRDA:200,12,0,0
BRDA:200,12,1,0
BRDA:200,12,2,0
BRDA:200,12,3,0
BRDA:205,13,0,0
BRDA:205,13,1,0
BRDA:205,14,0,0
BRDA:205,14,1,0
BRF:47
BRH:30
end_of_record
TN:
SF:/Users/josiahsavary/livepeerjs/packages/graphql-sdk/src/resolvers/Round.js
FN:18,id
FN:28,initialized
FN:38,lastInitializedRound
FN:48,length
FN:58,startBlock
FNF:5
FNH:5
FNDA:1,id
FNDA:1,initialized
FNDA:1,lastInitializedRound
FNDA:1,length
FNDA:1,startBlock
DA:19,1
DA:29,1
DA:39,1
DA:49,1
DA:59,1
LF:5
LH:5
BRF:0
BRH:0
end_of_record
TN:
SF:/Users/josiahsavary/livepeerjs/packages/graphql-sdk/src/resolvers/Transcoder.js
FN:20,id
FN:30,status
FN:40,active
FN:50,lastRewardRound
FN:60,rewardCut
FN:70,feeShare
FN:80,pricePerSegment
FN:90,pendingRewardCut
FN:100,pendingFeeShare
FN:110,pendingPricePerSegment
FN:120,totalStake
FNF:11
FNH:11
FNDA:1,id
FNDA:1,status
FNDA:1,active
FNDA:1,lastRewardRound
FNDA:1,rewardCut
FNDA:1,feeShare
FNDA:1,pricePerSegment
FNDA:1,pendingRewardCut
FNDA:1,pendingFeeShare
FNDA:1,pendingPricePerSegment
FNDA:1,totalStake
DA:21,1
DA:31,1
DA:41,1
DA:51,1
DA:61,1
DA:71,1
DA:81,1
DA:91,1
DA:101,1
DA:111,1
DA:121,1
LF:11
LH:11
BRF:0
BRH:0
end_of_record
TN:
SF:/Users/josiahsavary/livepeerjs/packages/graphql-sdk/src/resolvers/index.js
FNF:0
FNH:0
DA:1,1
DA:2,1
DA:3,1
DA:4,1
DA:5,1
DA:6,1
DA:7,1
DA:8,1
LF:8
LH:8
BRF:0
BRH:0
end_of_record
TN:
SF:/Users/josiahsavary/livepeerjs/packages/graphql-sdk/src/types/Account.js
FNF:0
FNH:0
DA:1,1
DA:2,1
DA:3,1
DA:5,1
DA:30,1
LF:5
LH:5
BRF:0
BRH:0
end_of_record
TN:
SF:/Users/josiahsavary/livepeerjs/packages/graphql-sdk/src/types/Broadcaster.js
FNF:0
FNH:0
DA:1,1
DA:3,1
DA:22,1
LF:3
LH:3
BRF:0
BRH:0
end_of_record
TN:
SF:/Users/josiahsavary/livepeerjs/packages/graphql-sdk/src/types/Delegator.js
FNF:0
FNH:0
DA:1,1
DA:3,1
DA:37,1
LF:3
LH:3
BRF:0
BRH:0
end_of_record
TN:
SF:/Users/josiahsavary/livepeerjs/packages/graphql-sdk/src/types/DelegatorStatus.js
FNF:0
FNH:0
DA:1,1
DA:11,1
LF:2
LH:2
BRF:0
BRH:0
end_of_record
TN:
SF:/Users/josiahsavary/livepeerjs/packages/graphql-sdk/src/types/Job.js
FNF:0
FNH:0
DA:1,1
DA:3,1
DA:23,1
LF:3
LH:3
BRF:0
BRH:0
end_of_record
TN:
SF:/Users/josiahsavary/livepeerjs/packages/graphql-sdk/src/types/JobProfile.js
FNF:0
FNH:0
DA:1,1
DA:23,1
LF:2
LH:2
BRF:0
BRH:0
end_of_record
TN:
SF:/Users/josiahsavary/livepeerjs/packages/graphql-sdk/src/types/Mutation.js
FNF:0
FNH:0
DA:1,1
DA:20,1
LF:2
LH:2
BRF:0
BRH:0
end_of_record
TN:
SF:/Users/josiahsavary/livepeerjs/packages/graphql-sdk/src/types/Query.js
FNF:0
FNH:0
DA:1,1
DA:2,1
DA:3,1
DA:4,1
DA:5,1
DA:6,1
DA:8,1
DA:42,1
LF:8
LH:8
BRF:0
BRH:0
end_of_record
TN:
SF:/Users/josiahsavary/livepeerjs/packages/graphql-sdk/src/types/Round.js
FNF:0
FNH:0
DA:1,1
DA:23,1
LF:2
LH:2
BRF:0
BRH:0
end_of_record
TN:
SF:/Users/josiahsavary/livepeerjs/packages/graphql-sdk/src/types/Transcoder.js
FNF:0
FNH:0
DA:1,1
DA:3,1
DA:46,1
LF:3
LH:3
BRF:0
BRH:0
end_of_record
TN:
SF:/Users/josiahsavary/livepeerjs/packages/graphql-sdk/src/types/TranscoderStatus.js
FNF:0
FNH:0
DA:1,1
DA:10,1
LF:2
LH:2
BRF:0
BRH:0
end_of_record
TN:
SF:/Users/josiahsavary/livepeerjs/packages/graphql-sdk/src/types/index.js
FNF:0
FNH:0
DA:1,1
DA:2,1
LF:2
LH:2
BRF:0
BRH:0
end_of_record
