{
  "/Users/josiahsavary/livepeerjs/packages/graphql-sdk/src/schema.js": {
    "path": "/Users/josiahsavary/livepeerjs/packages/graphql-sdk/src/schema.js",
    "statementMap": {
      "0": {
        "start": { "line": 3, "column": 0 },
        "end": { "line": 5, "column": 3 }
      },
      "1": {
        "start": { "line": 7, "column": 26 },
        "end": { "line": 7, "column": 76 }
      },
      "2": {
        "start": { "line": 9, "column": 26 },
        "end": { "line": 9, "column": 69 }
      },
      "3": {
        "start": { "line": 11, "column": 20 },
        "end": { "line": 11, "column": 44 }
      },
      "4": {
        "start": { "line": 13, "column": 13 },
        "end": { "line": 13, "column": 31 }
      },
      "5": {
        "start": { "line": 15, "column": 14 },
        "end": { "line": 15, "column": 44 }
      },
      "6": {
        "start": { "line": 17, "column": 17 },
        "end": { "line": 17, "column": 39 }
      },
      "7": {
        "start": { "line": 19, "column": 18 },
        "end": { "line": 19, "column": 52 }
      },
      "8": {
        "start": { "line": 21, "column": 39 },
        "end": { "line": 21, "column": 93 }
      },
      "9": {
        "start": { "line": 23, "column": 16 },
        "end": { "line": 23, "column": 71 }
      },
      "10": {
        "start": { "line": 25, "column": 0 },
        "end": { "line": 28, "column": 3 }
      }
    },
    "fnMap": {
      "0": {
        "name": "_interopRequireDefault",
        "decl": {
          "start": { "line": 21, "column": 9 },
          "end": { "line": 21, "column": 31 }
        },
        "loc": {
          "start": { "line": 21, "column": 37 },
          "end": { "line": 21, "column": 95 }
        },
        "line": 21
      }
    },
    "branchMap": {
      "0": {
        "loc": {
          "start": { "line": 21, "column": 46 },
          "end": { "line": 21, "column": 92 }
        },
        "type": "cond-expr",
        "locations": [
          {
            "start": { "line": 21, "column": 70 },
            "end": { "line": 21, "column": 73 }
          },
          {
            "start": { "line": 21, "column": 76 },
            "end": { "line": 21, "column": 92 }
          }
        ],
        "line": 21
      },
      "1": {
        "loc": {
          "start": { "line": 21, "column": 46 },
          "end": { "line": 21, "column": 67 }
        },
        "type": "binary-expr",
        "locations": [
          {
            "start": { "line": 21, "column": 46 },
            "end": { "line": 21, "column": 49 }
          },
          {
            "start": { "line": 21, "column": 53 },
            "end": { "line": 21, "column": 67 }
          }
        ],
        "line": 21
      }
    },
    "s": {
      "0": 1,
      "1": 1,
      "2": 1,
      "3": 1,
      "4": 1,
      "5": 1,
      "6": 1,
      "7": 1,
      "8": 3,
      "9": 1,
      "10": 1
    },
    "f": { "0": 3 },
    "b": { "0": [3, 0], "1": [3, 3] },
    "_coverageSchema": "332fd63041d2c1bcb487cc26dd0d5f7d97098a6c",
    "hash": "09de24914276eea2257d32f04a9137226a097943",
    "contentHash": "ad55dcad23eba31c01395b2b4d187c32_11.6.0"
  },
  "/Users/josiahsavary/livepeerjs/packages/graphql-sdk/src/types/index.js": {
    "path":
      "/Users/josiahsavary/livepeerjs/packages/graphql-sdk/src/types/index.js",
    "statementMap": {
      "0": {
        "start": { "line": 3, "column": 0 },
        "end": { "line": 5, "column": 3 }
      },
      "1": {
        "start": { "line": 7, "column": 13 },
        "end": { "line": 7, "column": 31 }
      },
      "2": {
        "start": { "line": 9, "column": 14 },
        "end": { "line": 9, "column": 44 }
      },
      "3": {
        "start": { "line": 11, "column": 16 },
        "end": { "line": 11, "column": 37 }
      },
      "4": {
        "start": { "line": 13, "column": 17 },
        "end": { "line": 13, "column": 50 }
      },
      "5": {
        "start": { "line": 15, "column": 39 },
        "end": { "line": 15, "column": 93 }
      },
      "6": {
        "start": { "line": 17, "column": 0 },
        "end": { "line": 17, "column": 56 }
      }
    },
    "fnMap": {
      "0": {
        "name": "_interopRequireDefault",
        "decl": {
          "start": { "line": 15, "column": 9 },
          "end": { "line": 15, "column": 31 }
        },
        "loc": {
          "start": { "line": 15, "column": 37 },
          "end": { "line": 15, "column": 95 }
        },
        "line": 15
      }
    },
    "branchMap": {
      "0": {
        "loc": {
          "start": { "line": 15, "column": 46 },
          "end": { "line": 15, "column": 92 }
        },
        "type": "cond-expr",
        "locations": [
          {
            "start": { "line": 15, "column": 70 },
            "end": { "line": 15, "column": 73 }
          },
          {
            "start": { "line": 15, "column": 76 },
            "end": { "line": 15, "column": 92 }
          }
        ],
        "line": 15
      },
      "1": {
        "loc": {
          "start": { "line": 15, "column": 46 },
          "end": { "line": 15, "column": 67 }
        },
        "type": "binary-expr",
        "locations": [
          {
            "start": { "line": 15, "column": 46 },
            "end": { "line": 15, "column": 49 }
          },
          {
            "start": { "line": 15, "column": 53 },
            "end": { "line": 15, "column": 67 }
          }
        ],
        "line": 15
      }
    },
    "s": { "0": 1, "1": 1, "2": 1, "3": 1, "4": 1, "5": 2, "6": 1 },
    "f": { "0": 2 },
    "b": { "0": [2, 0], "1": [2, 2] },
    "_coverageSchema": "332fd63041d2c1bcb487cc26dd0d5f7d97098a6c",
    "hash": "55741092e891a2f153646cdd63b1c50b6d86e1d0",
    "contentHash": "f85777865950d967c744ea783bf114a4_11.6.0"
  },
  "/Users/josiahsavary/livepeerjs/packages/graphql-sdk/src/types/Query.js": {
    "path":
      "/Users/josiahsavary/livepeerjs/packages/graphql-sdk/src/types/Query.js",
    "statementMap": {
      "0": {
        "start": { "line": 3, "column": 0 },
        "end": { "line": 5, "column": 3 }
      },
      "1": {
        "start": { "line": 7, "column": 15 },
        "end": { "line": 7, "column": 35 }
      },
      "2": {
        "start": { "line": 9, "column": 16 },
        "end": { "line": 9, "column": 48 }
      },
      "3": {
        "start": { "line": 11, "column": 19 },
        "end": { "line": 11, "column": 43 }
      },
      "4": {
        "start": { "line": 13, "column": 20 },
        "end": { "line": 13, "column": 56 }
      },
      "5": {
        "start": { "line": 15, "column": 17 },
        "end": { "line": 15, "column": 39 }
      },
      "6": {
        "start": { "line": 17, "column": 18 },
        "end": { "line": 17, "column": 52 }
      },
      "7": {
        "start": { "line": 19, "column": 11 },
        "end": { "line": 19, "column": 27 }
      },
      "8": {
        "start": { "line": 21, "column": 12 },
        "end": { "line": 21, "column": 40 }
      },
      "9": {
        "start": { "line": 23, "column": 13 },
        "end": { "line": 23, "column": 31 }
      },
      "10": {
        "start": { "line": 25, "column": 14 },
        "end": { "line": 25, "column": 44 }
      },
      "11": {
        "start": { "line": 27, "column": 18 },
        "end": { "line": 27, "column": 41 }
      },
      "12": {
        "start": { "line": 29, "column": 19 },
        "end": { "line": 29, "column": 54 }
      },
      "13": {
        "start": { "line": 31, "column": 39 },
        "end": { "line": 31, "column": 93 }
      },
      "14": {
        "start": { "line": 33, "column": 12 },
        "end": { "line": 33, "column": 727 }
      },
      "15": {
        "start": { "line": 35, "column": 0 },
        "end": { "line": 37, "column": 2 }
      },
      "16": {
        "start": { "line": 36, "column": 2 },
        "end": { "line": 36, "column": 134 }
      }
    },
    "fnMap": {
      "0": {
        "name": "_interopRequireDefault",
        "decl": {
          "start": { "line": 31, "column": 9 },
          "end": { "line": 31, "column": 31 }
        },
        "loc": {
          "start": { "line": 31, "column": 37 },
          "end": { "line": 31, "column": 95 }
        },
        "line": 31
      },
      "1": {
        "name": "(anonymous_1)",
        "decl": {
          "start": { "line": 35, "column": 18 },
          "end": { "line": 35, "column": 19 }
        },
        "loc": {
          "start": { "line": 35, "column": 30 },
          "end": { "line": 37, "column": 1 }
        },
        "line": 35
      }
    },
    "branchMap": {
      "0": {
        "loc": {
          "start": { "line": 31, "column": 46 },
          "end": { "line": 31, "column": 92 }
        },
        "type": "cond-expr",
        "locations": [
          {
            "start": { "line": 31, "column": 70 },
            "end": { "line": 31, "column": 73 }
          },
          {
            "start": { "line": 31, "column": 76 },
            "end": { "line": 31, "column": 92 }
          }
        ],
        "line": 31
      },
      "1": {
        "loc": {
          "start": { "line": 31, "column": 46 },
          "end": { "line": 31, "column": 67 }
        },
        "type": "binary-expr",
        "locations": [
          {
            "start": { "line": 31, "column": 46 },
            "end": { "line": 31, "column": 49 }
          },
          {
            "start": { "line": 31, "column": 53 },
            "end": { "line": 31, "column": 67 }
          }
        ],
        "line": 31
      }
    },
    "s": {
      "0": 1,
      "1": 1,
      "2": 1,
      "3": 1,
      "4": 1,
      "5": 1,
      "6": 1,
      "7": 1,
      "8": 1,
      "9": 1,
      "10": 1,
      "11": 1,
      "12": 1,
      "13": 6,
      "14": 1,
      "15": 1,
      "16": 1
    },
    "f": { "0": 6, "1": 1 },
    "b": { "0": [6, 0], "1": [6, 6] },
    "_coverageSchema": "332fd63041d2c1bcb487cc26dd0d5f7d97098a6c",
    "hash": "7b79782cbea4a94a9a7d6c23c365a4b510e8dded",
    "contentHash": "1cb952639cfb4f5ee91b077caac913c7_11.6.0"
  },
  "/Users/josiahsavary/livepeerjs/packages/graphql-sdk/src/types/Account.js": {
    "path":
      "/Users/josiahsavary/livepeerjs/packages/graphql-sdk/src/types/Account.js",
    "statementMap": {
      "0": {
        "start": { "line": 3, "column": 0 },
        "end": { "line": 5, "column": 3 }
      },
      "1": {
        "start": { "line": 7, "column": 19 },
        "end": { "line": 7, "column": 43 }
      },
      "2": {
        "start": { "line": 9, "column": 20 },
        "end": { "line": 9, "column": 56 }
      },
      "3": {
        "start": { "line": 11, "column": 17 },
        "end": { "line": 11, "column": 39 }
      },
      "4": {
        "start": { "line": 13, "column": 18 },
        "end": { "line": 13, "column": 52 }
      },
      "5": {
        "start": { "line": 15, "column": 18 },
        "end": { "line": 15, "column": 41 }
      },
      "6": {
        "start": { "line": 17, "column": 19 },
        "end": { "line": 17, "column": 54 }
      },
      "7": {
        "start": { "line": 19, "column": 39 },
        "end": { "line": 19, "column": 93 }
      },
      "8": {
        "start": { "line": 21, "column": 14 },
        "end": { "line": 21, "column": 485 }
      },
      "9": {
        "start": { "line": 23, "column": 0 },
        "end": { "line": 25, "column": 2 }
      },
      "10": {
        "start": { "line": 24, "column": 2 },
        "end": { "line": 24, "column": 85 }
      }
    },
    "fnMap": {
      "0": {
        "name": "_interopRequireDefault",
        "decl": {
          "start": { "line": 19, "column": 9 },
          "end": { "line": 19, "column": 31 }
        },
        "loc": {
          "start": { "line": 19, "column": 37 },
          "end": { "line": 19, "column": 95 }
        },
        "line": 19
      },
      "1": {
        "name": "(anonymous_1)",
        "decl": {
          "start": { "line": 23, "column": 18 },
          "end": { "line": 23, "column": 19 }
        },
        "loc": {
          "start": { "line": 23, "column": 30 },
          "end": { "line": 25, "column": 1 }
        },
        "line": 23
      }
    },
    "branchMap": {
      "0": {
        "loc": {
          "start": { "line": 19, "column": 46 },
          "end": { "line": 19, "column": 92 }
        },
        "type": "cond-expr",
        "locations": [
          {
            "start": { "line": 19, "column": 70 },
            "end": { "line": 19, "column": 73 }
          },
          {
            "start": { "line": 19, "column": 76 },
            "end": { "line": 19, "column": 92 }
          }
        ],
        "line": 19
      },
      "1": {
        "loc": {
          "start": { "line": 19, "column": 46 },
          "end": { "line": 19, "column": 67 }
        },
        "type": "binary-expr",
        "locations": [
          {
            "start": { "line": 19, "column": 46 },
            "end": { "line": 19, "column": 49 }
          },
          {
            "start": { "line": 19, "column": 53 },
            "end": { "line": 19, "column": 67 }
          }
        ],
        "line": 19
      }
    },
    "s": {
      "0": 1,
      "1": 1,
      "2": 1,
      "3": 1,
      "4": 1,
      "5": 1,
      "6": 1,
      "7": 3,
      "8": 1,
      "9": 1,
      "10": 1
    },
    "f": { "0": 3, "1": 1 },
    "b": { "0": [3, 0], "1": [3, 3] },
    "_coverageSchema": "332fd63041d2c1bcb487cc26dd0d5f7d97098a6c",
    "hash": "5c0b0a7394f407fc1cfd8f8599c9ae611681f874",
    "contentHash": "89495bc3af320377473c00553311914e_11.6.0"
  },
  "/Users/josiahsavary/livepeerjs/packages/graphql-sdk/src/types/Broadcaster.js": {
    "path":
      "/Users/josiahsavary/livepeerjs/packages/graphql-sdk/src/types/Broadcaster.js",
    "statementMap": {
      "0": {
        "start": { "line": 3, "column": 0 },
        "end": { "line": 5, "column": 3 }
      },
      "1": {
        "start": { "line": 7, "column": 11 },
        "end": { "line": 7, "column": 27 }
      },
      "2": {
        "start": { "line": 9, "column": 12 },
        "end": { "line": 9, "column": 40 }
      },
      "3": {
        "start": { "line": 11, "column": 39 },
        "end": { "line": 11, "column": 93 }
      },
      "4": {
        "start": { "line": 13, "column": 18 },
        "end": { "line": 13, "column": 440 }
      },
      "5": {
        "start": { "line": 15, "column": 0 },
        "end": { "line": 17, "column": 2 }
      },
      "6": {
        "start": { "line": 16, "column": 2 },
        "end": { "line": 16, "column": 38 }
      }
    },
    "fnMap": {
      "0": {
        "name": "_interopRequireDefault",
        "decl": {
          "start": { "line": 11, "column": 9 },
          "end": { "line": 11, "column": 31 }
        },
        "loc": {
          "start": { "line": 11, "column": 37 },
          "end": { "line": 11, "column": 95 }
        },
        "line": 11
      },
      "1": {
        "name": "(anonymous_1)",
        "decl": {
          "start": { "line": 15, "column": 18 },
          "end": { "line": 15, "column": 19 }
        },
        "loc": {
          "start": { "line": 15, "column": 30 },
          "end": { "line": 17, "column": 1 }
        },
        "line": 15
      }
    },
    "branchMap": {
      "0": {
        "loc": {
          "start": { "line": 11, "column": 46 },
          "end": { "line": 11, "column": 92 }
        },
        "type": "cond-expr",
        "locations": [
          {
            "start": { "line": 11, "column": 70 },
            "end": { "line": 11, "column": 73 }
          },
          {
            "start": { "line": 11, "column": 76 },
            "end": { "line": 11, "column": 92 }
          }
        ],
        "line": 11
      },
      "1": {
        "loc": {
          "start": { "line": 11, "column": 46 },
          "end": { "line": 11, "column": 67 }
        },
        "type": "binary-expr",
        "locations": [
          {
            "start": { "line": 11, "column": 46 },
            "end": { "line": 11, "column": 49 }
          },
          {
            "start": { "line": 11, "column": 53 },
            "end": { "line": 11, "column": 67 }
          }
        ],
        "line": 11
      }
    },
    "s": { "0": 1, "1": 1, "2": 1, "3": 1, "4": 1, "5": 1, "6": 1 },
    "f": { "0": 1, "1": 1 },
    "b": { "0": [1, 0], "1": [1, 1] },
    "_coverageSchema": "332fd63041d2c1bcb487cc26dd0d5f7d97098a6c",
    "hash": "00e8316148020c0d12833ccb9f75e536bbaa9a15",
    "contentHash": "e198988720e7e10e3b878dc11a19e43e_11.6.0"
  },
  "/Users/josiahsavary/livepeerjs/packages/graphql-sdk/src/types/Job.js": {
    "path":
      "/Users/josiahsavary/livepeerjs/packages/graphql-sdk/src/types/Job.js",
    "statementMap": {
      "0": {
        "start": { "line": 3, "column": 0 },
        "end": { "line": 5, "column": 3 }
      },
      "1": {
        "start": { "line": 7, "column": 18 },
        "end": { "line": 7, "column": 41 }
      },
      "2": {
        "start": { "line": 9, "column": 19 },
        "end": { "line": 9, "column": 54 }
      },
      "3": {
        "start": { "line": 11, "column": 39 },
        "end": { "line": 11, "column": 93 }
      },
      "4": {
        "start": { "line": 13, "column": 10 },
        "end": { "line": 13, "column": 355 }
      },
      "5": {
        "start": { "line": 15, "column": 0 },
        "end": { "line": 17, "column": 2 }
      },
      "6": {
        "start": { "line": 16, "column": 2 },
        "end": { "line": 16, "column": 37 }
      }
    },
    "fnMap": {
      "0": {
        "name": "_interopRequireDefault",
        "decl": {
          "start": { "line": 11, "column": 9 },
          "end": { "line": 11, "column": 31 }
        },
        "loc": {
          "start": { "line": 11, "column": 37 },
          "end": { "line": 11, "column": 95 }
        },
        "line": 11
      },
      "1": {
        "name": "(anonymous_1)",
        "decl": {
          "start": { "line": 15, "column": 18 },
          "end": { "line": 15, "column": 19 }
        },
        "loc": {
          "start": { "line": 15, "column": 30 },
          "end": { "line": 17, "column": 1 }
        },
        "line": 15
      }
    },
    "branchMap": {
      "0": {
        "loc": {
          "start": { "line": 11, "column": 46 },
          "end": { "line": 11, "column": 92 }
        },
        "type": "cond-expr",
        "locations": [
          {
            "start": { "line": 11, "column": 70 },
            "end": { "line": 11, "column": 73 }
          },
          {
            "start": { "line": 11, "column": 76 },
            "end": { "line": 11, "column": 92 }
          }
        ],
        "line": 11
      },
      "1": {
        "loc": {
          "start": { "line": 11, "column": 46 },
          "end": { "line": 11, "column": 67 }
        },
        "type": "binary-expr",
        "locations": [
          {
            "start": { "line": 11, "column": 46 },
            "end": { "line": 11, "column": 49 }
          },
          {
            "start": { "line": 11, "column": 53 },
            "end": { "line": 11, "column": 67 }
          }
        ],
        "line": 11
      }
    },
    "s": { "0": 1, "1": 1, "2": 1, "3": 1, "4": 1, "5": 1, "6": 1 },
    "f": { "0": 1, "1": 1 },
    "b": { "0": [1, 0], "1": [1, 1] },
    "_coverageSchema": "332fd63041d2c1bcb487cc26dd0d5f7d97098a6c",
    "hash": "7ad05dae99a375cb1e5f5ee8f8a5d231aa646dde",
    "contentHash": "ccd811c1c2200480601a6605cccf1323_11.6.0"
  },
  "/Users/josiahsavary/livepeerjs/packages/graphql-sdk/src/types/JobProfile.js": {
    "path":
      "/Users/josiahsavary/livepeerjs/packages/graphql-sdk/src/types/JobProfile.js",
    "statementMap": {
      "0": {
        "start": { "line": 3, "column": 0 },
        "end": { "line": 5, "column": 3 }
      },
      "1": {
        "start": { "line": 6, "column": 17 },
        "end": { "line": 6, "column": 361 }
      },
      "2": {
        "start": { "line": 8, "column": 0 },
        "end": { "line": 10, "column": 2 }
      },
      "3": {
        "start": { "line": 9, "column": 2 },
        "end": { "line": 9, "column": 22 }
      }
    },
    "fnMap": {
      "0": {
        "name": "(anonymous_0)",
        "decl": {
          "start": { "line": 8, "column": 18 },
          "end": { "line": 8, "column": 19 }
        },
        "loc": {
          "start": { "line": 8, "column": 30 },
          "end": { "line": 10, "column": 1 }
        },
        "line": 8
      }
    },
    "branchMap": {},
    "s": { "0": 1, "1": 1, "2": 1, "3": 1 },
    "f": { "0": 1 },
    "b": {},
    "_coverageSchema": "332fd63041d2c1bcb487cc26dd0d5f7d97098a6c",
    "hash": "f1b2de227dd22bb4950dcbb20bfa789d35d254ed",
    "contentHash": "ec206892de0cf79555626f831b551729_11.6.0"
  },
  "/Users/josiahsavary/livepeerjs/packages/graphql-sdk/src/types/Delegator.js": {
    "path":
      "/Users/josiahsavary/livepeerjs/packages/graphql-sdk/src/types/Delegator.js",
    "statementMap": {
      "0": {
        "start": { "line": 3, "column": 0 },
        "end": { "line": 5, "column": 3 }
      },
      "1": {
        "start": { "line": 7, "column": 23 },
        "end": { "line": 7, "column": 51 }
      },
      "2": {
        "start": { "line": 9, "column": 24 },
        "end": { "line": 9, "column": 64 }
      },
      "3": {
        "start": { "line": 11, "column": 39 },
        "end": { "line": 11, "column": 93 }
      },
      "4": {
        "start": { "line": 13, "column": 16 },
        "end": { "line": 13, "column": 941 }
      },
      "5": {
        "start": { "line": 15, "column": 0 },
        "end": { "line": 17, "column": 2 }
      },
      "6": {
        "start": { "line": 16, "column": 2 },
        "end": { "line": 16, "column": 48 }
      }
    },
    "fnMap": {
      "0": {
        "name": "_interopRequireDefault",
        "decl": {
          "start": { "line": 11, "column": 9 },
          "end": { "line": 11, "column": 31 }
        },
        "loc": {
          "start": { "line": 11, "column": 37 },
          "end": { "line": 11, "column": 95 }
        },
        "line": 11
      },
      "1": {
        "name": "(anonymous_1)",
        "decl": {
          "start": { "line": 15, "column": 18 },
          "end": { "line": 15, "column": 19 }
        },
        "loc": {
          "start": { "line": 15, "column": 30 },
          "end": { "line": 17, "column": 1 }
        },
        "line": 15
      }
    },
    "branchMap": {
      "0": {
        "loc": {
          "start": { "line": 11, "column": 46 },
          "end": { "line": 11, "column": 92 }
        },
        "type": "cond-expr",
        "locations": [
          {
            "start": { "line": 11, "column": 70 },
            "end": { "line": 11, "column": 73 }
          },
          {
            "start": { "line": 11, "column": 76 },
            "end": { "line": 11, "column": 92 }
          }
        ],
        "line": 11
      },
      "1": {
        "loc": {
          "start": { "line": 11, "column": 46 },
          "end": { "line": 11, "column": 67 }
        },
        "type": "binary-expr",
        "locations": [
          {
            "start": { "line": 11, "column": 46 },
            "end": { "line": 11, "column": 49 }
          },
          {
            "start": { "line": 11, "column": 53 },
            "end": { "line": 11, "column": 67 }
          }
        ],
        "line": 11
      }
    },
    "s": { "0": 1, "1": 1, "2": 1, "3": 1, "4": 1, "5": 1, "6": 1 },
    "f": { "0": 1, "1": 1 },
    "b": { "0": [1, 0], "1": [1, 1] },
    "_coverageSchema": "332fd63041d2c1bcb487cc26dd0d5f7d97098a6c",
    "hash": "a563ab57fc60fcfc05d1e0b521545f4190204307",
    "contentHash": "2c16a23755e271b2a7ad96bc5f7863f7_11.6.0"
  },
  "/Users/josiahsavary/livepeerjs/packages/graphql-sdk/src/types/DelegatorStatus.js": {
    "path":
      "/Users/josiahsavary/livepeerjs/packages/graphql-sdk/src/types/DelegatorStatus.js",
    "statementMap": {
      "0": {
        "start": { "line": 3, "column": 0 },
        "end": { "line": 5, "column": 3 }
      },
      "1": {
        "start": { "line": 6, "column": 22 },
        "end": { "line": 6, "column": 141 }
      },
      "2": {
        "start": { "line": 8, "column": 0 },
        "end": { "line": 10, "column": 2 }
      },
      "3": {
        "start": { "line": 9, "column": 2 },
        "end": { "line": 9, "column": 27 }
      }
    },
    "fnMap": {
      "0": {
        "name": "(anonymous_0)",
        "decl": {
          "start": { "line": 8, "column": 18 },
          "end": { "line": 8, "column": 19 }
        },
        "loc": {
          "start": { "line": 8, "column": 30 },
          "end": { "line": 10, "column": 1 }
        },
        "line": 8
      }
    },
    "branchMap": {},
    "s": { "0": 1, "1": 1, "2": 1, "3": 1 },
    "f": { "0": 1 },
    "b": {},
    "_coverageSchema": "332fd63041d2c1bcb487cc26dd0d5f7d97098a6c",
    "hash": "5817c9f1b9d264242be67d0894342a6b56d413d3",
    "contentHash": "99385efb42296f6ce0e498977fcc6d7e_11.6.0"
  },
  "/Users/josiahsavary/livepeerjs/packages/graphql-sdk/src/types/Transcoder.js": {
    "path":
      "/Users/josiahsavary/livepeerjs/packages/graphql-sdk/src/types/Transcoder.js",
    "statementMap": {
      "0": {
        "start": { "line": 3, "column": 0 },
        "end": { "line": 5, "column": 3 }
      },
      "1": {
        "start": { "line": 7, "column": 24 },
        "end": { "line": 7, "column": 53 }
      },
      "2": {
        "start": { "line": 9, "column": 25 },
        "end": { "line": 9, "column": 66 }
      },
      "3": {
        "start": { "line": 11, "column": 39 },
        "end": { "line": 11, "column": 93 }
      },
      "4": {
        "start": { "line": 13, "column": 17 },
        "end": { "line": 13, "column": 1187 }
      },
      "5": {
        "start": { "line": 15, "column": 0 },
        "end": { "line": 17, "column": 2 }
      },
      "6": {
        "start": { "line": 16, "column": 2 },
        "end": { "line": 16, "column": 50 }
      }
    },
    "fnMap": {
      "0": {
        "name": "_interopRequireDefault",
        "decl": {
          "start": { "line": 11, "column": 9 },
          "end": { "line": 11, "column": 31 }
        },
        "loc": {
          "start": { "line": 11, "column": 37 },
          "end": { "line": 11, "column": 95 }
        },
        "line": 11
      },
      "1": {
        "name": "(anonymous_1)",
        "decl": {
          "start": { "line": 15, "column": 18 },
          "end": { "line": 15, "column": 19 }
        },
        "loc": {
          "start": { "line": 15, "column": 30 },
          "end": { "line": 17, "column": 1 }
        },
        "line": 15
      }
    },
    "branchMap": {
      "0": {
        "loc": {
          "start": { "line": 11, "column": 46 },
          "end": { "line": 11, "column": 92 }
        },
        "type": "cond-expr",
        "locations": [
          {
            "start": { "line": 11, "column": 70 },
            "end": { "line": 11, "column": 73 }
          },
          {
            "start": { "line": 11, "column": 76 },
            "end": { "line": 11, "column": 92 }
          }
        ],
        "line": 11
      },
      "1": {
        "loc": {
          "start": { "line": 11, "column": 46 },
          "end": { "line": 11, "column": 67 }
        },
        "type": "binary-expr",
        "locations": [
          {
            "start": { "line": 11, "column": 46 },
            "end": { "line": 11, "column": 49 }
          },
          {
            "start": { "line": 11, "column": 53 },
            "end": { "line": 11, "column": 67 }
          }
        ],
        "line": 11
      }
    },
    "s": { "0": 1, "1": 1, "2": 1, "3": 1, "4": 1, "5": 1, "6": 1 },
    "f": { "0": 1, "1": 1 },
    "b": { "0": [1, 0], "1": [1, 1] },
    "_coverageSchema": "332fd63041d2c1bcb487cc26dd0d5f7d97098a6c",
    "hash": "1e9bae727794a0b5f79066fde7caec0074703b6d",
    "contentHash": "a33c4e0389ecc114df6d0cfb744d772e_11.6.0"
  },
  "/Users/josiahsavary/livepeerjs/packages/graphql-sdk/src/types/TranscoderStatus.js": {
    "path":
      "/Users/josiahsavary/livepeerjs/packages/graphql-sdk/src/types/TranscoderStatus.js",
    "statementMap": {
      "0": {
        "start": { "line": 3, "column": 0 },
        "end": { "line": 5, "column": 3 }
      },
      "1": {
        "start": { "line": 6, "column": 23 },
        "end": { "line": 6, "column": 141 }
      },
      "2": {
        "start": { "line": 8, "column": 0 },
        "end": { "line": 10, "column": 2 }
      },
      "3": {
        "start": { "line": 9, "column": 2 },
        "end": { "line": 9, "column": 28 }
      }
    },
    "fnMap": {
      "0": {
        "name": "(anonymous_0)",
        "decl": {
          "start": { "line": 8, "column": 18 },
          "end": { "line": 8, "column": 19 }
        },
        "loc": {
          "start": { "line": 8, "column": 30 },
          "end": { "line": 10, "column": 1 }
        },
        "line": 8
      }
    },
    "branchMap": {},
    "s": { "0": 1, "1": 1, "2": 1, "3": 1 },
    "f": { "0": 1 },
    "b": {},
    "_coverageSchema": "332fd63041d2c1bcb487cc26dd0d5f7d97098a6c",
    "hash": "842f7b28751f4e18c4e155997a41c09cddc11272",
    "contentHash": "0d65a31a2eb60ec61816a76d9f97c0d5_11.6.0"
  },
  "/Users/josiahsavary/livepeerjs/packages/graphql-sdk/src/types/Round.js": {
    "path":
      "/Users/josiahsavary/livepeerjs/packages/graphql-sdk/src/types/Round.js",
    "statementMap": {
      "0": {
        "start": { "line": 3, "column": 0 },
        "end": { "line": 5, "column": 3 }
      },
      "1": {
        "start": { "line": 6, "column": 12 },
        "end": { "line": 6, "column": 403 }
      },
      "2": {
        "start": { "line": 8, "column": 0 },
        "end": { "line": 10, "column": 2 }
      },
      "3": {
        "start": { "line": 9, "column": 2 },
        "end": { "line": 9, "column": 17 }
      }
    },
    "fnMap": {
      "0": {
        "name": "(anonymous_0)",
        "decl": {
          "start": { "line": 8, "column": 18 },
          "end": { "line": 8, "column": 19 }
        },
        "loc": {
          "start": { "line": 8, "column": 30 },
          "end": { "line": 10, "column": 1 }
        },
        "line": 8
      }
    },
    "branchMap": {},
    "s": { "0": 1, "1": 1, "2": 1, "3": 1 },
    "f": { "0": 1 },
    "b": {},
    "_coverageSchema": "332fd63041d2c1bcb487cc26dd0d5f7d97098a6c",
    "hash": "f49b77ef8e82397173f9c855e31e5a209370cea2",
    "contentHash": "a5652fb4e3ea0bfe57504d258728f300_11.6.0"
  },
  "/Users/josiahsavary/livepeerjs/packages/graphql-sdk/src/types/Mutation.js": {
    "path":
      "/Users/josiahsavary/livepeerjs/packages/graphql-sdk/src/types/Mutation.js",
    "statementMap": {
      "0": {
        "start": { "line": 3, "column": 0 },
        "end": { "line": 5, "column": 3 }
      },
      "1": {
        "start": { "line": 6, "column": 15 },
        "end": { "line": 6, "column": 520 }
      },
      "2": {
        "start": { "line": 8, "column": 0 },
        "end": { "line": 10, "column": 2 }
      },
      "3": {
        "start": { "line": 9, "column": 2 },
        "end": { "line": 9, "column": 20 }
      }
    },
    "fnMap": {
      "0": {
        "name": "(anonymous_0)",
        "decl": {
          "start": { "line": 8, "column": 18 },
          "end": { "line": 8, "column": 19 }
        },
        "loc": {
          "start": { "line": 8, "column": 30 },
          "end": { "line": 10, "column": 1 }
        },
        "line": 8
      }
    },
    "branchMap": {},
    "s": { "0": 1, "1": 1, "2": 1, "3": 1 },
    "f": { "0": 1 },
    "b": {},
    "_coverageSchema": "332fd63041d2c1bcb487cc26dd0d5f7d97098a6c",
    "hash": "8c718570dcf6c9b2aecb981691c2fddfc5f4a36e",
    "contentHash": "6b30ecb62a18efc8f1928a8f9ebe817f_11.6.0"
  },
  "/Users/josiahsavary/livepeerjs/packages/graphql-sdk/src/resolvers/index.js": {
    "path":
      "/Users/josiahsavary/livepeerjs/packages/graphql-sdk/src/resolvers/index.js",
    "statementMap": {
      "0": {
        "start": { "line": 3, "column": 0 },
        "end": { "line": 5, "column": 3 }
      },
      "1": {
        "start": { "line": 7, "column": 15 },
        "end": { "line": 7, "column": 35 }
      },
      "2": {
        "start": { "line": 9, "column": 14 },
        "end": { "line": 9, "column": 47 }
      },
      "3": {
        "start": { "line": 11, "column": 19 },
        "end": { "line": 11, "column": 43 }
      },
      "4": {
        "start": { "line": 13, "column": 18 },
        "end": { "line": 13, "column": 55 }
      },
      "5": {
        "start": { "line": 15, "column": 17 },
        "end": { "line": 15, "column": 39 }
      },
      "6": {
        "start": { "line": 17, "column": 16 },
        "end": { "line": 17, "column": 51 }
      },
      "7": {
        "start": { "line": 19, "column": 11 },
        "end": { "line": 19, "column": 27 }
      },
      "8": {
        "start": { "line": 21, "column": 10 },
        "end": { "line": 21, "column": 39 }
      },
      "9": {
        "start": { "line": 23, "column": 18 },
        "end": { "line": 23, "column": 41 }
      },
      "10": {
        "start": { "line": 25, "column": 17 },
        "end": { "line": 25, "column": 53 }
      },
      "11": {
        "start": { "line": 27, "column": 16 },
        "end": { "line": 27, "column": 37 }
      },
      "12": {
        "start": { "line": 29, "column": 15 },
        "end": { "line": 29, "column": 49 }
      },
      "13": {
        "start": { "line": 31, "column": 13 },
        "end": { "line": 31, "column": 31 }
      },
      "14": {
        "start": { "line": 33, "column": 12 },
        "end": { "line": 33, "column": 43 }
      },
      "15": {
        "start": { "line": 35, "column": 18 },
        "end": { "line": 35, "column": 41 }
      },
      "16": {
        "start": { "line": 37, "column": 17 },
        "end": { "line": 37, "column": 53 }
      },
      "17": {
        "start": { "line": 39, "column": 40 },
        "end": { "line": 39, "column": 267 }
      },
      "18": {
        "start": { "line": 39, "column": 69 },
        "end": { "line": 39, "column": 80 }
      },
      "19": {
        "start": { "line": 39, "column": 103 },
        "end": { "line": 39, "column": 105 }
      },
      "20": {
        "start": { "line": 39, "column": 107 },
        "end": { "line": 39, "column": 228 }
      },
      "21": {
        "start": { "line": 39, "column": 126 },
        "end": { "line": 39, "column": 226 }
      },
      "22": {
        "start": { "line": 39, "column": 149 },
        "end": { "line": 39, "column": 224 }
      },
      "23": {
        "start": { "line": 39, "column": 201 },
        "end": { "line": 39, "column": 224 }
      },
      "24": {
        "start": { "line": 39, "column": 229 },
        "end": { "line": 39, "column": 250 }
      },
      "25": {
        "start": { "line": 39, "column": 251 },
        "end": { "line": 39, "column": 265 }
      },
      "26": {
        "start": { "line": 41, "column": 0 },
        "end": { "line": 50, "column": 2 }
      }
    },
    "fnMap": {
      "0": {
        "name": "_interopRequireWildcard",
        "decl": {
          "start": { "line": 39, "column": 9 },
          "end": { "line": 39, "column": 32 }
        },
        "loc": {
          "start": { "line": 39, "column": 38 },
          "end": { "line": 39, "column": 269 }
        },
        "line": 39
      }
    },
    "branchMap": {
      "0": {
        "loc": {
          "start": { "line": 39, "column": 40 },
          "end": { "line": 39, "column": 267 }
        },
        "type": "if",
        "locations": [
          {
            "start": { "line": 39, "column": 40 },
            "end": { "line": 39, "column": 267 }
          },
          {
            "start": { "line": 39, "column": 40 },
            "end": { "line": 39, "column": 267 }
          }
        ],
        "line": 39
      },
      "1": {
        "loc": {
          "start": { "line": 39, "column": 44 },
          "end": { "line": 39, "column": 65 }
        },
        "type": "binary-expr",
        "locations": [
          {
            "start": { "line": 39, "column": 44 },
            "end": { "line": 39, "column": 47 }
          },
          {
            "start": { "line": 39, "column": 51 },
            "end": { "line": 39, "column": 65 }
          }
        ],
        "line": 39
      },
      "2": {
        "loc": {
          "start": { "line": 39, "column": 107 },
          "end": { "line": 39, "column": 228 }
        },
        "type": "if",
        "locations": [
          {
            "start": { "line": 39, "column": 107 },
            "end": { "line": 39, "column": 228 }
          },
          {
            "start": { "line": 39, "column": 107 },
            "end": { "line": 39, "column": 228 }
          }
        ],
        "line": 39
      },
      "3": {
        "loc": {
          "start": { "line": 39, "column": 149 },
          "end": { "line": 39, "column": 224 }
        },
        "type": "if",
        "locations": [
          {
            "start": { "line": 39, "column": 149 },
            "end": { "line": 39, "column": 224 }
          },
          {
            "start": { "line": 39, "column": 149 },
            "end": { "line": 39, "column": 224 }
          }
        ],
        "line": 39
      }
    },
    "s": {
      "0": 1,
      "1": 1,
      "2": 1,
      "3": 1,
      "4": 1,
      "5": 1,
      "6": 1,
      "7": 1,
      "8": 1,
      "9": 1,
      "10": 1,
      "11": 1,
      "12": 1,
      "13": 1,
      "14": 1,
      "15": 1,
      "16": 1,
      "17": 8,
      "18": 8,
      "19": 0,
      "20": 0,
      "21": 0,
      "22": 0,
      "23": 0,
      "24": 0,
      "25": 0,
      "26": 1
    },
    "f": { "0": 8 },
    "b": { "0": [8, 0], "1": [8, 8], "2": [0, 0], "3": [0, 0] },
    "_coverageSchema": "332fd63041d2c1bcb487cc26dd0d5f7d97098a6c",
    "hash": "2a0afd200721e9168a008f42d45d244ac02e764d",
    "contentHash": "704e1410bb1d23c8ad54bb80b60fcbd1_11.6.0"
  },
  "/Users/josiahsavary/livepeerjs/packages/graphql-sdk/src/resolvers/Account.js": {
    "path":
      "/Users/josiahsavary/livepeerjs/packages/graphql-sdk/src/resolvers/Account.js",
    "statementMap": {
      "0": {
        "start": { "line": 3, "column": 0 },
        "end": { "line": 5, "column": 3 }
      },
      "1": {
        "start": { "line": 6, "column": 0 },
        "end": { "line": 6, "column": 54 }
      },
      "2": {
        "start": { "line": 8, "column": 19 },
        "end": { "line": 8, "column": 55 }
      },
      "3": {
        "start": { "line": 10, "column": 20 },
        "end": { "line": 10, "column": 56 }
      },
      "4": {
        "start": { "line": 12, "column": 25 },
        "end": { "line": 12, "column": 74 }
      },
      "5": {
        "start": { "line": 14, "column": 25 },
        "end": { "line": 14, "column": 67 }
      },
      "6": {
        "start": { "line": 22, "column": 17 },
        "end": { "line": 47, "column": 3 }
      },
      "7": {
        "start": { "line": 23, "column": 13 },
        "end": { "line": 42, "column": 5 }
      },
      "8": {
        "start": { "line": 25, "column": 4 },
        "end": { "line": 41, "column": 22 }
      },
      "9": {
        "start": { "line": 26, "column": 6 },
        "end": { "line": 40, "column": 7 }
      },
      "10": {
        "start": { "line": 27, "column": 8 },
        "end": { "line": 39, "column": 9 }
      },
      "11": {
        "start": { "line": 29, "column": 12 },
        "end": { "line": 29, "column": 24 }
      },
      "12": {
        "start": { "line": 30, "column": 12 },
        "end": { "line": 30, "column": 30 }
      },
      "13": {
        "start": { "line": 31, "column": 12 },
        "end": { "line": 31, "column": 54 }
      },
      "14": {
        "start": { "line": 34, "column": 12 },
        "end": { "line": 34, "column": 60 }
      },
      "15": {
        "start": { "line": 38, "column": 12 },
        "end": { "line": 38, "column": 35 }
      },
      "16": {
        "start": { "line": 44, "column": 2 },
        "end": { "line": 46, "column": 4 }
      },
      "17": {
        "start": { "line": 45, "column": 4 },
        "end": { "line": 45, "column": 39 }
      },
      "18": {
        "start": { "line": 57, "column": 19 },
        "end": { "line": 82, "column": 3 }
      },
      "19": {
        "start": { "line": 58, "column": 14 },
        "end": { "line": 77, "column": 5 }
      },
      "20": {
        "start": { "line": 60, "column": 4 },
        "end": { "line": 76, "column": 23 }
      },
      "21": {
        "start": { "line": 61, "column": 6 },
        "end": { "line": 75, "column": 7 }
      },
      "22": {
        "start": { "line": 62, "column": 8 },
        "end": { "line": 74, "column": 9 }
      },
      "23": {
        "start": { "line": 64, "column": 12 },
        "end": { "line": 64, "column": 24 }
      },
      "24": {
        "start": { "line": 65, "column": 12 },
        "end": { "line": 65, "column": 31 }
      },
      "25": {
        "start": { "line": 66, "column": 12 },
        "end": { "line": 66, "column": 56 }
      },
      "26": {
        "start": { "line": 69, "column": 12 },
        "end": { "line": 69, "column": 62 }
      },
      "27": {
        "start": { "line": 73, "column": 12 },
        "end": { "line": 73, "column": 36 }
      },
      "28": {
        "start": { "line": 79, "column": 2 },
        "end": { "line": 81, "column": 4 }
      },
      "29": {
        "start": { "line": 80, "column": 4 },
        "end": { "line": 80, "column": 40 }
      },
      "30": {
        "start": { "line": 94, "column": 0 },
        "end": { "line": 94, "column": 16 }
      },
      "31": {
        "start": { "line": 95, "column": 0 },
        "end": { "line": 95, "column": 34 }
      },
      "32": {
        "start": { "line": 96, "column": 0 },
        "end": { "line": 96, "column": 30 }
      },
      "33": {
        "start": { "line": 97, "column": 0 },
        "end": { "line": 97, "column": 32 }
      },
      "34": {
        "start": { "line": 99, "column": 13 },
        "end": { "line": 99, "column": 31 }
      },
      "35": {
        "start": { "line": 101, "column": 39 },
        "end": { "line": 101, "column": 93 }
      },
      "36": {
        "start": { "line": 116, "column": 2 },
        "end": { "line": 116, "column": 16 }
      },
      "37": {
        "start": { "line": 118, "column": 2 },
        "end": { "line": 118, "column": 58 }
      },
      "38": {
        "start": { "line": 130, "column": 2 },
        "end": { "line": 130, "column": 56 }
      },
      "39": {
        "start": { "line": 142, "column": 2 },
        "end": { "line": 142, "column": 57 }
      }
    },
    "fnMap": {
      "0": {
        "name": "(anonymous_0)",
        "decl": {
          "start": { "line": 22, "column": 38 },
          "end": { "line": 22, "column": 39 }
        },
        "loc": {
          "start": { "line": 22, "column": 50 },
          "end": { "line": 47, "column": 1 }
        },
        "line": 22
      },
      "1": {
        "name": "_callee",
        "decl": {
          "start": { "line": 23, "column": 95 },
          "end": { "line": 23, "column": 102 }
        },
        "loc": {
          "start": { "line": 23, "column": 119 },
          "end": { "line": 42, "column": 3 }
        },
        "line": 23
      },
      "2": {
        "name": "_callee$",
        "decl": {
          "start": { "line": 25, "column": 47 },
          "end": { "line": 25, "column": 55 }
        },
        "loc": {
          "start": { "line": 25, "column": 66 },
          "end": { "line": 41, "column": 5 }
        },
        "line": 25
      },
      "3": {
        "name": "ethBalance",
        "decl": {
          "start": { "line": 44, "column": 18 },
          "end": { "line": 44, "column": 28 }
        },
        "loc": {
          "start": { "line": 44, "column": 43 },
          "end": { "line": 46, "column": 3 }
        },
        "line": 44
      },
      "4": {
        "name": "(anonymous_4)",
        "decl": {
          "start": { "line": 57, "column": 42 },
          "end": { "line": 57, "column": 43 }
        },
        "loc": {
          "start": { "line": 57, "column": 54 },
          "end": { "line": 82, "column": 1 }
        },
        "line": 57
      },
      "5": {
        "name": "_callee2",
        "decl": {
          "start": { "line": 58, "column": 96 },
          "end": { "line": 58, "column": 104 }
        },
        "loc": {
          "start": { "line": 58, "column": 121 },
          "end": { "line": 77, "column": 3 }
        },
        "line": 58
      },
      "6": {
        "name": "_callee2$",
        "decl": {
          "start": { "line": 60, "column": 47 },
          "end": { "line": 60, "column": 56 }
        },
        "loc": {
          "start": { "line": 60, "column": 68 },
          "end": { "line": 76, "column": 5 }
        },
        "line": 60
      },
      "7": {
        "name": "tokenBalance",
        "decl": {
          "start": { "line": 79, "column": 18 },
          "end": { "line": 79, "column": 30 }
        },
        "loc": {
          "start": { "line": 79, "column": 46 },
          "end": { "line": 81, "column": 3 }
        },
        "line": 79
      },
      "8": {
        "name": "_interopRequireDefault",
        "decl": {
          "start": { "line": 101, "column": 9 },
          "end": { "line": 101, "column": 31 }
        },
        "loc": {
          "start": { "line": 101, "column": 37 },
          "end": { "line": 101, "column": 95 }
        },
        "line": 101
      },
      "9": {
        "name": "id",
        "decl": {
          "start": { "line": 115, "column": 9 },
          "end": { "line": 115, "column": 11 }
        },
        "loc": {
          "start": { "line": 115, "column": 17 },
          "end": { "line": 117, "column": 1 }
        },
        "line": 115
      },
      "10": {
        "name": "broadcaster",
        "decl": {
          "start": { "line": 117, "column": 10 },
          "end": { "line": 117, "column": 21 }
        },
        "loc": {
          "start": { "line": 117, "column": 38 },
          "end": { "line": 119, "column": 1 }
        },
        "line": 117
      },
      "11": {
        "name": "delegator",
        "decl": {
          "start": { "line": 129, "column": 9 },
          "end": { "line": 129, "column": 18 }
        },
        "loc": {
          "start": { "line": 129, "column": 35 },
          "end": { "line": 131, "column": 1 }
        },
        "line": 129
      },
      "12": {
        "name": "transcoder",
        "decl": {
          "start": { "line": 141, "column": 9 },
          "end": { "line": 141, "column": 19 }
        },
        "loc": {
          "start": { "line": 141, "column": 36 },
          "end": { "line": 143, "column": 1 }
        },
        "line": 141
      }
    },
    "branchMap": {
      "0": {
        "loc": {
          "start": { "line": 27, "column": 8 },
          "end": { "line": 39, "column": 9 }
        },
        "type": "switch",
        "locations": [
          {
            "start": { "line": 28, "column": 10 },
            "end": { "line": 31, "column": 54 }
          },
          {
            "start": { "line": 33, "column": 10 },
            "end": { "line": 34, "column": 60 }
          },
          {
            "start": { "line": 36, "column": 10 },
            "end": { "line": 36, "column": 17 }
          },
          {
            "start": { "line": 37, "column": 10 },
            "end": { "line": 38, "column": 35 }
          }
        ],
        "line": 27
      },
      "1": {
        "loc": {
          "start": { "line": 62, "column": 8 },
          "end": { "line": 74, "column": 9 }
        },
        "type": "switch",
        "locations": [
          {
            "start": { "line": 63, "column": 10 },
            "end": { "line": 66, "column": 56 }
          },
          {
            "start": { "line": 68, "column": 10 },
            "end": { "line": 69, "column": 62 }
          },
          {
            "start": { "line": 71, "column": 10 },
            "end": { "line": 71, "column": 17 }
          },
          {
            "start": { "line": 72, "column": 10 },
            "end": { "line": 73, "column": 36 }
          }
        ],
        "line": 62
      },
      "2": {
        "loc": {
          "start": { "line": 101, "column": 46 },
          "end": { "line": 101, "column": 92 }
        },
        "type": "cond-expr",
        "locations": [
          {
            "start": { "line": 101, "column": 70 },
            "end": { "line": 101, "column": 73 }
          },
          {
            "start": { "line": 101, "column": 76 },
            "end": { "line": 101, "column": 92 }
          }
        ],
        "line": 101
      },
      "3": {
        "loc": {
          "start": { "line": 101, "column": 46 },
          "end": { "line": 101, "column": 67 }
        },
        "type": "binary-expr",
        "locations": [
          {
            "start": { "line": 101, "column": 46 },
            "end": { "line": 101, "column": 49 }
          },
          {
            "start": { "line": 101, "column": 53 },
            "end": { "line": 101, "column": 67 }
          }
        ],
        "line": 101
      }
    },
    "s": {
      "0": 1,
      "1": 1,
      "2": 1,
      "3": 1,
      "4": 1,
      "5": 1,
      "6": 1,
      "7": 1,
      "8": 0,
      "9": 0,
      "10": 0,
      "11": 0,
      "12": 0,
      "13": 0,
      "14": 0,
      "15": 0,
      "16": 1,
      "17": 0,
      "18": 1,
      "19": 1,
      "20": 0,
      "21": 0,
      "22": 0,
      "23": 0,
      "24": 0,
      "25": 0,
      "26": 0,
      "27": 0,
      "28": 1,
      "29": 0,
      "30": 1,
      "31": 1,
      "32": 1,
      "33": 1,
      "34": 1,
      "35": 2,
      "36": 0,
      "37": 0,
      "38": 0,
      "39": 0
    },
    "f": {
      "0": 1,
      "1": 0,
      "2": 0,
      "3": 0,
      "4": 1,
      "5": 0,
      "6": 0,
      "7": 0,
      "8": 2,
      "9": 0,
      "10": 0,
      "11": 0,
      "12": 0
    },
    "b": { "0": [0, 0, 0, 0], "1": [0, 0, 0, 0], "2": [1, 1], "3": [2, 2] },
    "_coverageSchema": "332fd63041d2c1bcb487cc26dd0d5f7d97098a6c",
    "hash": "c07c083b2f75bf08ba8484b0778001228049055d",
    "contentHash": "92f1aa709346db92fd077930660d7ae5_11.6.0"
  },
  "/Users/josiahsavary/livepeerjs/packages/graphql-sdk/src/resolvers/Query.js": {
    "path":
      "/Users/josiahsavary/livepeerjs/packages/graphql-sdk/src/resolvers/Query.js",
    "statementMap": {
      "0": {
        "start": { "line": 3, "column": 0 },
        "end": { "line": 5, "column": 3 }
      },
      "1": {
        "start": { "line": 6, "column": 0 },
        "end": { "line": 6, "column": 178 }
      },
      "2": {
        "start": { "line": 8, "column": 16 },
        "end": { "line": 8, "column": 56 }
      },
      "3": {
        "start": { "line": 10, "column": 16 },
        "end": { "line": 10, "column": 49 }
      },
      "4": {
        "start": { "line": 12, "column": 32 },
        "end": { "line": 12, "column": 88 }
      },
      "5": {
        "start": { "line": 14, "column": 32 },
        "end": { "line": 14, "column": 81 }
      },
      "6": {
        "start": { "line": 16, "column": 19 },
        "end": { "line": 16, "column": 55 }
      },
      "7": {
        "start": { "line": 18, "column": 20 },
        "end": { "line": 18, "column": 56 }
      },
      "8": {
        "start": { "line": 20, "column": 25 },
        "end": { "line": 20, "column": 74 }
      },
      "9": {
        "start": { "line": 22, "column": 25 },
        "end": { "line": 22, "column": 67 }
      },
      "10": {
        "start": { "line": 38, "column": 14 },
        "end": { "line": 57, "column": 3 }
      },
      "11": {
        "start": { "line": 39, "column": 13 },
        "end": { "line": 52, "column": 5 }
      },
      "12": {
        "start": { "line": 40, "column": 4 },
        "end": { "line": 51, "column": 22 }
      },
      "13": {
        "start": { "line": 41, "column": 6 },
        "end": { "line": 50, "column": 7 }
      },
      "14": {
        "start": { "line": 42, "column": 8 },
        "end": { "line": 49, "column": 9 }
      },
      "15": {
        "start": { "line": 44, "column": 12 },
        "end": { "line": 44, "column": 62 }
      },
      "16": {
        "start": { "line": 48, "column": 12 },
        "end": { "line": 48, "column": 35 }
      },
      "17": {
        "start": { "line": 54, "column": 2 },
        "end": { "line": 56, "column": 4 }
      },
      "18": {
        "start": { "line": 55, "column": 4 },
        "end": { "line": 55, "column": 39 }
      },
      "19": {
        "start": { "line": 69, "column": 18 },
        "end": { "line": 99, "column": 3 }
      },
      "20": {
        "start": { "line": 70, "column": 14 },
        "end": { "line": 94, "column": 5 }
      },
      "21": {
        "start": { "line": 73, "column": 4 },
        "end": { "line": 93, "column": 23 }
      },
      "22": {
        "start": { "line": 74, "column": 6 },
        "end": { "line": 92, "column": 7 }
      },
      "23": {
        "start": { "line": 75, "column": 8 },
        "end": { "line": 91, "column": 9 }
      },
      "24": {
        "start": { "line": 77, "column": 12 },
        "end": { "line": 77, "column": 25 }
      },
      "25": {
        "start": { "line": 78, "column": 12 },
        "end": { "line": 78, "column": 31 }
      },
      "26": {
        "start": { "line": 79, "column": 12 },
        "end": { "line": 79, "column": 55 }
      },
      "27": {
        "start": { "line": 82, "column": 12 },
        "end": { "line": 82, "column": 35 }
      },
      "28": {
        "start": { "line": 83, "column": 12 },
        "end": { "line": 83, "column": 36 }
      },
      "29": {
        "start": { "line": 84, "column": 12 },
        "end": { "line": 84, "column": 78 }
      },
      "30": {
        "start": { "line": 85, "column": 12 },
        "end": { "line": 85, "column": 71 }
      },
      "31": {
        "start": { "line": 86, "column": 12 },
        "end": { "line": 86, "column": 59 }
      },
      "32": {
        "start": { "line": 90, "column": 12 },
        "end": { "line": 90, "column": 36 }
      },
      "33": {
        "start": { "line": 96, "column": 2 },
        "end": { "line": 98, "column": 4 }
      },
      "34": {
        "start": { "line": 97, "column": 4 },
        "end": { "line": 97, "column": 40 }
      },
      "35": {
        "start": { "line": 111, "column": 16 },
        "end": { "line": 141, "column": 3 }
      },
      "36": {
        "start": { "line": 112, "column": 14 },
        "end": { "line": 136, "column": 5 }
      },
      "37": {
        "start": { "line": 115, "column": 4 },
        "end": { "line": 135, "column": 23 }
      },
      "38": {
        "start": { "line": 116, "column": 6 },
        "end": { "line": 134, "column": 7 }
      },
      "39": {
        "start": { "line": 117, "column": 8 },
        "end": { "line": 133, "column": 9 }
      },
      "40": {
        "start": { "line": 119, "column": 12 },
        "end": { "line": 119, "column": 25 }
      },
      "41": {
        "start": { "line": 120, "column": 12 },
        "end": { "line": 120, "column": 31 }
      },
      "42": {
        "start": { "line": 121, "column": 12 },
        "end": { "line": 121, "column": 53 }
      },
      "43": {
        "start": { "line": 124, "column": 12 },
        "end": { "line": 124, "column": 35 }
      },
      "44": {
        "start": { "line": 125, "column": 12 },
        "end": { "line": 125, "column": 36 }
      },
      "45": {
        "start": { "line": 126, "column": 12 },
        "end": { "line": 126, "column": 78 }
      },
      "46": {
        "start": { "line": 127, "column": 12 },
        "end": { "line": 127, "column": 69 }
      },
      "47": {
        "start": { "line": 128, "column": 12 },
        "end": { "line": 128, "column": 57 }
      },
      "48": {
        "start": { "line": 132, "column": 12 },
        "end": { "line": 132, "column": 36 }
      },
      "49": {
        "start": { "line": 138, "column": 2 },
        "end": { "line": 140, "column": 4 }
      },
      "50": {
        "start": { "line": 139, "column": 4 },
        "end": { "line": 139, "column": 40 }
      },
      "51": {
        "start": { "line": 153, "column": 10 },
        "end": { "line": 180, "column": 3 }
      },
      "52": {
        "start": { "line": 154, "column": 14 },
        "end": { "line": 175, "column": 5 }
      },
      "53": {
        "start": { "line": 156, "column": 4 },
        "end": { "line": 174, "column": 23 }
      },
      "54": {
        "start": { "line": 157, "column": 6 },
        "end": { "line": 173, "column": 7 }
      },
      "55": {
        "start": { "line": 158, "column": 8 },
        "end": { "line": 172, "column": 9 }
      },
      "56": {
        "start": { "line": 160, "column": 12 },
        "end": { "line": 160, "column": 25 }
      },
      "57": {
        "start": { "line": 161, "column": 12 },
        "end": { "line": 161, "column": 31 }
      },
      "58": {
        "start": { "line": 162, "column": 12 },
        "end": { "line": 162, "column": 47 }
      },
      "59": {
        "start": { "line": 165, "column": 12 },
        "end": { "line": 165, "column": 36 }
      },
      "60": {
        "start": { "line": 166, "column": 12 },
        "end": { "line": 166, "column": 51 }
      },
      "61": {
        "start": { "line": 167, "column": 12 },
        "end": { "line": 167, "column": 51 }
      },
      "62": {
        "start": { "line": 171, "column": 12 },
        "end": { "line": 171, "column": 36 }
      },
      "63": {
        "start": { "line": 177, "column": 2 },
        "end": { "line": 179, "column": 4 }
      },
      "64": {
        "start": { "line": 178, "column": 4 },
        "end": { "line": 178, "column": 40 }
      },
      "65": {
        "start": { "line": 194, "column": 11 },
        "end": { "line": 224, "column": 3 }
      },
      "66": {
        "start": { "line": 195, "column": 14 },
        "end": { "line": 219, "column": 5 }
      },
      "67": {
        "start": { "line": 198, "column": 4 },
        "end": { "line": 218, "column": 23 }
      },
      "68": {
        "start": { "line": 199, "column": 6 },
        "end": { "line": 217, "column": 7 }
      },
      "69": {
        "start": { "line": 200, "column": 8 },
        "end": { "line": 216, "column": 9 }
      },
      "70": {
        "start": { "line": 202, "column": 12 },
        "end": { "line": 202, "column": 373 }
      },
      "71": {
        "start": { "line": 203, "column": 12 },
        "end": { "line": 203, "column": 31 }
      },
      "72": {
        "start": { "line": 204, "column": 12 },
        "end": { "line": 206, "column": 23 }
      },
      "73": {
        "start": { "line": 209, "column": 12 },
        "end": { "line": 209, "column": 36 }
      },
      "74": {
        "start": { "line": 210, "column": 12 },
        "end": { "line": 210, "column": 77 }
      },
      "75": {
        "start": { "line": 211, "column": 12 },
        "end": { "line": 211, "column": 52 }
      },
      "76": {
        "start": { "line": 215, "column": 12 },
        "end": { "line": 215, "column": 36 }
      },
      "77": {
        "start": { "line": 221, "column": 2 },
        "end": { "line": 223, "column": 4 }
      },
      "78": {
        "start": { "line": 222, "column": 4 },
        "end": { "line": 222, "column": 40 }
      },
      "79": {
        "start": { "line": 236, "column": 9 },
        "end": { "line": 267, "column": 3 }
      },
      "80": {
        "start": { "line": 237, "column": 14 },
        "end": { "line": 262, "column": 5 }
      },
      "81": {
        "start": { "line": 239, "column": 4 },
        "end": { "line": 261, "column": 23 }
      },
      "82": {
        "start": { "line": 240, "column": 6 },
        "end": { "line": 260, "column": 7 }
      },
      "83": {
        "start": { "line": 241, "column": 8 },
        "end": { "line": 259, "column": 9 }
      },
      "84": {
        "start": { "line": 244, "column": 12 },
        "end": { "line": 244, "column": 29 }
      },
      "85": {
        "start": { "line": 246, "column": 12 },
        "end": { "line": 249, "column": 13 }
      },
      "86": {
        "start": { "line": 247, "column": 14 },
        "end": { "line": 247, "column": 33 }
      },
      "87": {
        "start": { "line": 248, "column": 14 },
        "end": { "line": 248, "column": 20 }
      },
      "88": {
        "start": { "line": 251, "column": 12 },
        "end": { "line": 251, "column": 64 }
      },
      "89": {
        "start": { "line": 254, "column": 12 },
        "end": { "line": 254, "column": 58 }
      },
      "90": {
        "start": { "line": 258, "column": 12 },
        "end": { "line": 258, "column": 36 }
      },
      "91": {
        "start": { "line": 264, "column": 2 },
        "end": { "line": 266, "column": 4 }
      },
      "92": {
        "start": { "line": 265, "column": 4 },
        "end": { "line": 265, "column": 40 }
      },
      "93": {
        "start": { "line": 278, "column": 19 },
        "end": { "line": 303, "column": 3 }
      },
      "94": {
        "start": { "line": 279, "column": 14 },
        "end": { "line": 298, "column": 5 }
      },
      "95": {
        "start": { "line": 281, "column": 4 },
        "end": { "line": 297, "column": 23 }
      },
      "96": {
        "start": { "line": 282, "column": 6 },
        "end": { "line": 296, "column": 7 }
      },
      "97": {
        "start": { "line": 283, "column": 8 },
        "end": { "line": 295, "column": 9 }
      },
      "98": {
        "start": { "line": 285, "column": 12 },
        "end": { "line": 285, "column": 31 }
      },
      "99": {
        "start": { "line": 286, "column": 12 },
        "end": { "line": 286, "column": 58 }
      },
      "100": {
        "start": { "line": 289, "column": 12 },
        "end": { "line": 289, "column": 36 }
      },
      "101": {
        "start": { "line": 290, "column": 12 },
        "end": { "line": 290, "column": 54 }
      },
      "102": {
        "start": { "line": 294, "column": 12 },
        "end": { "line": 294, "column": 36 }
      },
      "103": {
        "start": { "line": 300, "column": 2 },
        "end": { "line": 302, "column": 4 }
      },
      "104": {
        "start": { "line": 301, "column": 4 },
        "end": { "line": 301, "column": 40 }
      },
      "105": {
        "start": { "line": 315, "column": 17 },
        "end": { "line": 347, "column": 3 }
      },
      "106": {
        "start": { "line": 316, "column": 15 },
        "end": { "line": 342, "column": 5 }
      },
      "107": {
        "start": { "line": 319, "column": 4 },
        "end": { "line": 341, "column": 23 }
      },
      "108": {
        "start": { "line": 320, "column": 6 },
        "end": { "line": 340, "column": 7 }
      },
      "109": {
        "start": { "line": 321, "column": 8 },
        "end": { "line": 339, "column": 9 }
      },
      "110": {
        "start": { "line": 323, "column": 12 },
        "end": { "line": 323, "column": 25 }
      },
      "111": {
        "start": { "line": 324, "column": 12 },
        "end": { "line": 324, "column": 31 }
      },
      "112": {
        "start": { "line": 325, "column": 12 },
        "end": { "line": 325, "column": 54 }
      },
      "113": {
        "start": { "line": 328, "column": 12 },
        "end": { "line": 328, "column": 36 }
      },
      "114": {
        "start": { "line": 329, "column": 12 },
        "end": { "line": 329, "column": 37 }
      },
      "115": {
        "start": { "line": 330, "column": 12 },
        "end": { "line": 330, "column": 79 }
      },
      "116": {
        "start": { "line": 331, "column": 12 },
        "end": { "line": 333, "column": 15 }
      },
      "117": {
        "start": { "line": 334, "column": 12 },
        "end": { "line": 334, "column": 58 }
      },
      "118": {
        "start": { "line": 338, "column": 12 },
        "end": { "line": 338, "column": 36 }
      },
      "119": {
        "start": { "line": 344, "column": 2 },
        "end": { "line": 346, "column": 4 }
      },
      "120": {
        "start": { "line": 345, "column": 4 },
        "end": { "line": 345, "column": 41 }
      },
      "121": {
        "start": { "line": 361, "column": 18 },
        "end": { "line": 393, "column": 3 }
      },
      "122": {
        "start": { "line": 362, "column": 15 },
        "end": { "line": 388, "column": 5 }
      },
      "123": {
        "start": { "line": 365, "column": 4 },
        "end": { "line": 387, "column": 23 }
      },
      "124": {
        "start": { "line": 366, "column": 6 },
        "end": { "line": 386, "column": 7 }
      },
      "125": {
        "start": { "line": 367, "column": 8 },
        "end": { "line": 385, "column": 9 }
      },
      "126": {
        "start": { "line": 369, "column": 12 },
        "end": { "line": 369, "column": 245 }
      },
      "127": {
        "start": { "line": 370, "column": 12 },
        "end": { "line": 370, "column": 31 }
      },
      "128": {
        "start": { "line": 371, "column": 12 },
        "end": { "line": 371, "column": 53 }
      },
      "129": {
        "start": { "line": 374, "column": 12 },
        "end": { "line": 374, "column": 36 }
      },
      "130": {
        "start": { "line": 375, "column": 12 },
        "end": { "line": 379, "column": 15 }
      },
      "131": {
        "start": { "line": 376, "column": 23 },
        "end": { "line": 376, "column": 37 }
      },
      "132": {
        "start": { "line": 377, "column": 22 },
        "end": { "line": 377, "column": 81 }
      },
      "133": {
        "start": { "line": 378, "column": 14 },
        "end": { "line": 378, "column": 63 }
      },
      "134": {
        "start": { "line": 380, "column": 12 },
        "end": { "line": 380, "column": 59 }
      },
      "135": {
        "start": { "line": 384, "column": 12 },
        "end": { "line": 384, "column": 36 }
      },
      "136": {
        "start": { "line": 390, "column": 2 },
        "end": { "line": 392, "column": 4 }
      },
      "137": {
        "start": { "line": 391, "column": 4 },
        "end": { "line": 391, "column": 41 }
      },
      "138": {
        "start": { "line": 395, "column": 13 },
        "end": { "line": 395, "column": 32 }
      },
      "139": {
        "start": { "line": 397, "column": 39 },
        "end": { "line": 397, "column": 93 }
      }
    },
    "fnMap": {
      "0": {
        "name": "(anonymous_0)",
        "decl": {
          "start": { "line": 38, "column": 32 },
          "end": { "line": 38, "column": 33 }
        },
        "loc": {
          "start": { "line": 38, "column": 44 },
          "end": { "line": 57, "column": 1 }
        },
        "line": 38
      },
      "1": {
        "name": "_callee",
        "decl": {
          "start": { "line": 39, "column": 95 },
          "end": { "line": 39, "column": 102 }
        },
        "loc": {
          "start": { "line": 39, "column": 119 },
          "end": { "line": 52, "column": 3 }
        },
        "line": 39
      },
      "2": {
        "name": "_callee$",
        "decl": {
          "start": { "line": 40, "column": 47 },
          "end": { "line": 40, "column": 55 }
        },
        "loc": {
          "start": { "line": 40, "column": 66 },
          "end": { "line": 51, "column": 5 }
        },
        "line": 40
      },
      "3": {
        "name": "account",
        "decl": {
          "start": { "line": 54, "column": 18 },
          "end": { "line": 54, "column": 25 }
        },
        "loc": {
          "start": { "line": 54, "column": 40 },
          "end": { "line": 56, "column": 3 }
        },
        "line": 54
      },
      "4": {
        "name": "(anonymous_4)",
        "decl": {
          "start": { "line": 69, "column": 40 },
          "end": { "line": 69, "column": 41 }
        },
        "loc": {
          "start": { "line": 69, "column": 52 },
          "end": { "line": 99, "column": 1 }
        },
        "line": 69
      },
      "5": {
        "name": "_callee2",
        "decl": {
          "start": { "line": 70, "column": 96 },
          "end": { "line": 70, "column": 104 }
        },
        "loc": {
          "start": { "line": 70, "column": 121 },
          "end": { "line": 94, "column": 3 }
        },
        "line": 70
      },
      "6": {
        "name": "_callee2$",
        "decl": {
          "start": { "line": 73, "column": 47 },
          "end": { "line": 73, "column": 56 }
        },
        "loc": {
          "start": { "line": 73, "column": 68 },
          "end": { "line": 93, "column": 5 }
        },
        "line": 73
      },
      "7": {
        "name": "broadcaster",
        "decl": {
          "start": { "line": 96, "column": 18 },
          "end": { "line": 96, "column": 29 }
        },
        "loc": {
          "start": { "line": 96, "column": 45 },
          "end": { "line": 98, "column": 3 }
        },
        "line": 96
      },
      "8": {
        "name": "(anonymous_8)",
        "decl": {
          "start": { "line": 111, "column": 36 },
          "end": { "line": 111, "column": 37 }
        },
        "loc": {
          "start": { "line": 111, "column": 48 },
          "end": { "line": 141, "column": 1 }
        },
        "line": 111
      },
      "9": {
        "name": "_callee3",
        "decl": {
          "start": { "line": 112, "column": 96 },
          "end": { "line": 112, "column": 104 }
        },
        "loc": {
          "start": { "line": 112, "column": 121 },
          "end": { "line": 136, "column": 3 }
        },
        "line": 112
      },
      "10": {
        "name": "_callee3$",
        "decl": {
          "start": { "line": 115, "column": 47 },
          "end": { "line": 115, "column": 56 }
        },
        "loc": {
          "start": { "line": 115, "column": 68 },
          "end": { "line": 135, "column": 5 }
        },
        "line": 115
      },
      "11": {
        "name": "delegator",
        "decl": {
          "start": { "line": 138, "column": 18 },
          "end": { "line": 138, "column": 27 }
        },
        "loc": {
          "start": { "line": 138, "column": 43 },
          "end": { "line": 140, "column": 3 }
        },
        "line": 138
      },
      "12": {
        "name": "(anonymous_12)",
        "decl": {
          "start": { "line": 153, "column": 24 },
          "end": { "line": 153, "column": 25 }
        },
        "loc": {
          "start": { "line": 153, "column": 36 },
          "end": { "line": 180, "column": 1 }
        },
        "line": 153
      },
      "13": {
        "name": "_callee4",
        "decl": {
          "start": { "line": 154, "column": 96 },
          "end": { "line": 154, "column": 104 }
        },
        "loc": {
          "start": { "line": 154, "column": 121 },
          "end": { "line": 175, "column": 3 }
        },
        "line": 154
      },
      "14": {
        "name": "_callee4$",
        "decl": {
          "start": { "line": 156, "column": 47 },
          "end": { "line": 156, "column": 56 }
        },
        "loc": {
          "start": { "line": 156, "column": 68 },
          "end": { "line": 174, "column": 5 }
        },
        "line": 156
      },
      "15": {
        "name": "job",
        "decl": {
          "start": { "line": 177, "column": 18 },
          "end": { "line": 177, "column": 21 }
        },
        "loc": {
          "start": { "line": 177, "column": 40 },
          "end": { "line": 179, "column": 3 }
        },
        "line": 177
      },
      "16": {
        "name": "(anonymous_16)",
        "decl": {
          "start": { "line": 194, "column": 26 },
          "end": { "line": 194, "column": 27 }
        },
        "loc": {
          "start": { "line": 194, "column": 38 },
          "end": { "line": 224, "column": 1 }
        },
        "line": 194
      },
      "17": {
        "name": "_callee5",
        "decl": {
          "start": { "line": 195, "column": 96 },
          "end": { "line": 195, "column": 104 }
        },
        "loc": {
          "start": { "line": 195, "column": 121 },
          "end": { "line": 219, "column": 3 }
        },
        "line": 195
      },
      "18": {
        "name": "_callee5$",
        "decl": {
          "start": { "line": 198, "column": 47 },
          "end": { "line": 198, "column": 56 }
        },
        "loc": {
          "start": { "line": 198, "column": 68 },
          "end": { "line": 218, "column": 5 }
        },
        "line": 198
      },
      "19": {
        "name": "jobs",
        "decl": {
          "start": { "line": 221, "column": 18 },
          "end": { "line": 221, "column": 22 }
        },
        "loc": {
          "start": { "line": 221, "column": 41 },
          "end": { "line": 223, "column": 3 }
        },
        "line": 221
      },
      "20": {
        "name": "(anonymous_20)",
        "decl": {
          "start": { "line": 236, "column": 22 },
          "end": { "line": 236, "column": 23 }
        },
        "loc": {
          "start": { "line": 236, "column": 34 },
          "end": { "line": 267, "column": 1 }
        },
        "line": 236
      },
      "21": {
        "name": "_callee6",
        "decl": {
          "start": { "line": 237, "column": 96 },
          "end": { "line": 237, "column": 104 }
        },
        "loc": {
          "start": { "line": 237, "column": 121 },
          "end": { "line": 262, "column": 3 }
        },
        "line": 237
      },
      "22": {
        "name": "_callee6$",
        "decl": {
          "start": { "line": 239, "column": 47 },
          "end": { "line": 239, "column": 56 }
        },
        "loc": {
          "start": { "line": 239, "column": 68 },
          "end": { "line": 261, "column": 5 }
        },
        "line": 239
      },
      "23": {
        "name": "me",
        "decl": {
          "start": { "line": 264, "column": 18 },
          "end": { "line": 264, "column": 20 }
        },
        "loc": {
          "start": { "line": 264, "column": 39 },
          "end": { "line": 266, "column": 3 }
        },
        "line": 264
      },
      "24": {
        "name": "(anonymous_24)",
        "decl": {
          "start": { "line": 278, "column": 42 },
          "end": { "line": 278, "column": 43 }
        },
        "loc": {
          "start": { "line": 278, "column": 54 },
          "end": { "line": 303, "column": 1 }
        },
        "line": 278
      },
      "25": {
        "name": "_callee7",
        "decl": {
          "start": { "line": 279, "column": 96 },
          "end": { "line": 279, "column": 104 }
        },
        "loc": {
          "start": { "line": 279, "column": 121 },
          "end": { "line": 298, "column": 3 }
        },
        "line": 279
      },
      "26": {
        "name": "_callee7$",
        "decl": {
          "start": { "line": 281, "column": 47 },
          "end": { "line": 281, "column": 56 }
        },
        "loc": {
          "start": { "line": 281, "column": 68 },
          "end": { "line": 297, "column": 5 }
        },
        "line": 281
      },
      "27": {
        "name": "currentRound",
        "decl": {
          "start": { "line": 300, "column": 18 },
          "end": { "line": 300, "column": 30 }
        },
        "loc": {
          "start": { "line": 300, "column": 49 },
          "end": { "line": 302, "column": 3 }
        },
        "line": 300
      },
      "28": {
        "name": "(anonymous_28)",
        "decl": {
          "start": { "line": 315, "column": 38 },
          "end": { "line": 315, "column": 39 }
        },
        "loc": {
          "start": { "line": 315, "column": 50 },
          "end": { "line": 347, "column": 1 }
        },
        "line": 315
      },
      "29": {
        "name": "_callee8",
        "decl": {
          "start": { "line": 316, "column": 97 },
          "end": { "line": 316, "column": 105 }
        },
        "loc": {
          "start": { "line": 316, "column": 122 },
          "end": { "line": 342, "column": 3 }
        },
        "line": 316
      },
      "30": {
        "name": "_callee8$",
        "decl": {
          "start": { "line": 319, "column": 47 },
          "end": { "line": 319, "column": 56 }
        },
        "loc": {
          "start": { "line": 319, "column": 68 },
          "end": { "line": 341, "column": 5 }
        },
        "line": 319
      },
      "31": {
        "name": "transcoder",
        "decl": {
          "start": { "line": 344, "column": 18 },
          "end": { "line": 344, "column": 28 }
        },
        "loc": {
          "start": { "line": 344, "column": 47 },
          "end": { "line": 346, "column": 3 }
        },
        "line": 344
      },
      "32": {
        "name": "(anonymous_32)",
        "decl": {
          "start": { "line": 361, "column": 40 },
          "end": { "line": 361, "column": 41 }
        },
        "loc": {
          "start": { "line": 361, "column": 52 },
          "end": { "line": 393, "column": 1 }
        },
        "line": 361
      },
      "33": {
        "name": "_callee9",
        "decl": {
          "start": { "line": 362, "column": 97 },
          "end": { "line": 362, "column": 105 }
        },
        "loc": {
          "start": { "line": 362, "column": 122 },
          "end": { "line": 388, "column": 3 }
        },
        "line": 362
      },
      "34": {
        "name": "_callee9$",
        "decl": {
          "start": { "line": 365, "column": 47 },
          "end": { "line": 365, "column": 56 }
        },
        "loc": {
          "start": { "line": 365, "column": 68 },
          "end": { "line": 387, "column": 5 }
        },
        "line": 365
      },
      "35": {
        "name": "(anonymous_35)",
        "decl": {
          "start": { "line": 375, "column": 63 },
          "end": { "line": 375, "column": 64 }
        },
        "loc": {
          "start": { "line": 375, "column": 81 },
          "end": { "line": 379, "column": 13 }
        },
        "line": 375
      },
      "36": {
        "name": "transcoders",
        "decl": {
          "start": { "line": 390, "column": 18 },
          "end": { "line": 390, "column": 29 }
        },
        "loc": {
          "start": { "line": 390, "column": 48 },
          "end": { "line": 392, "column": 3 }
        },
        "line": 390
      },
      "37": {
        "name": "_interopRequireDefault",
        "decl": {
          "start": { "line": 397, "column": 9 },
          "end": { "line": 397, "column": 31 }
        },
        "loc": {
          "start": { "line": 397, "column": 37 },
          "end": { "line": 397, "column": 95 }
        },
        "line": 397
      }
    },
    "branchMap": {
      "0": {
        "loc": {
          "start": { "line": 42, "column": 8 },
          "end": { "line": 49, "column": 9 }
        },
        "type": "switch",
        "locations": [
          {
            "start": { "line": 43, "column": 10 },
            "end": { "line": 44, "column": 62 }
          },
          {
            "start": { "line": 46, "column": 10 },
            "end": { "line": 46, "column": 17 }
          },
          {
            "start": { "line": 47, "column": 10 },
            "end": { "line": 48, "column": 35 }
          }
        ],
        "line": 42
      },
      "1": {
        "loc": {
          "start": { "line": 75, "column": 8 },
          "end": { "line": 91, "column": 9 }
        },
        "type": "switch",
        "locations": [
          {
            "start": { "line": 76, "column": 10 },
            "end": { "line": 79, "column": 55 }
          },
          {
            "start": { "line": 81, "column": 10 },
[...]
          "end": { "line": 81, "column": 30 }
        },
        "loc": {
          "start": { "line": 81, "column": 36 },
          "end": { "line": 83, "column": 7 }
        },
        "line": 81
      },
      "9": {
        "name": "(anonymous_9)",
        "decl": {
          "start": { "line": 87, "column": 20 },
          "end": { "line": 87, "column": 21 }
        },
        "loc": {
          "start": { "line": 87, "column": 32 },
          "end": { "line": 108, "column": 5 }
        },
        "line": 87
      },
      "10": {
        "name": "_callee3",
        "decl": {
          "start": { "line": 88, "column": 100 },
          "end": { "line": 88, "column": 108 }
        },
        "loc": {
          "start": { "line": 88, "column": 113 },
          "end": { "line": 101, "column": 7 }
        },
        "line": 88
      },
      "11": {
        "name": "_callee3$",
        "decl": {
          "start": { "line": 89, "column": 51 },
          "end": { "line": 89, "column": 60 }
        },
        "loc": {
          "start": { "line": 89, "column": 72 },
          "end": { "line": 100, "column": 9 }
        },
        "line": 89
      },
      "12": {
        "name": "getBroadcaster",
        "decl": {
          "start": { "line": 103, "column": 15 },
          "end": { "line": 103, "column": 29 }
        },
        "loc": {
          "start": { "line": 103, "column": 35 },
          "end": { "line": 105, "column": 7 }
        },
        "line": 103
      },
      "13": {
        "name": "(anonymous_13)",
        "decl": {
          "start": { "line": 109, "column": 25 },
          "end": { "line": 109, "column": 26 }
        },
        "loc": {
          "start": { "line": 109, "column": 37 },
          "end": { "line": 130, "column": 5 }
        },
        "line": 109
      },
      "14": {
        "name": "_callee4",
        "decl": {
          "start": { "line": 110, "column": 100 },
          "end": { "line": 110, "column": 108 }
        },
        "loc": {
          "start": { "line": 110, "column": 111 },
          "end": { "line": 123, "column": 7 }
        },
        "line": 110
      },
      "15": {
        "name": "_callee4$",
        "decl": {
          "start": { "line": 111, "column": 51 },
          "end": { "line": 111, "column": 60 }
        },
        "loc": {
          "start": { "line": 111, "column": 72 },
          "end": { "line": 122, "column": 9 }
        },
        "line": 111
      },
      "16": {
        "name": "getCurrentRoundInfo",
        "decl": {
          "start": { "line": 125, "column": 15 },
          "end": { "line": 125, "column": 34 }
        },
        "loc": {
          "start": { "line": 125, "column": 37 },
          "end": { "line": 127, "column": 7 }
        },
        "line": 125
      },
      "17": {
        "name": "(anonymous_17)",
        "decl": {
          "start": { "line": 131, "column": 18 },
          "end": { "line": 131, "column": 19 }
        },
        "loc": {
          "start": { "line": 131, "column": 30 },
          "end": { "line": 152, "column": 5 }
        },
        "line": 131
      },
      "18": {
        "name": "_callee5",
        "decl": {
          "start": { "line": 132, "column": 100 },
          "end": { "line": 132, "column": 108 }
        },
        "loc": {
          "start": { "line": 132, "column": 113 },
          "end": { "line": 145, "column": 7 }
        },
        "line": 132
      },
      "19": {
        "name": "_callee5$",
        "decl": {
          "start": { "line": 133, "column": 51 },
          "end": { "line": 133, "column": 60 }
        },
        "loc": {
          "start": { "line": 133, "column": 72 },
          "end": { "line": 144, "column": 9 }
        },
        "line": 133
      },
      "20": {
        "name": "getDelegator",
        "decl": {
          "start": { "line": 147, "column": 15 },
          "end": { "line": 147, "column": 27 }
        },
        "loc": {
          "start": { "line": 147, "column": 33 },
          "end": { "line": 149, "column": 7 }
        },
        "line": 147
      },
      "21": {
        "name": "(anonymous_21)",
        "decl": {
          "start": { "line": 153, "column": 12 },
          "end": { "line": 153, "column": 13 }
        },
        "loc": {
          "start": { "line": 153, "column": 24 },
          "end": { "line": 174, "column": 5 }
        },
        "line": 153
      },
      "22": {
        "name": "_callee6",
        "decl": {
          "start": { "line": 154, "column": 100 },
          "end": { "line": 154, "column": 108 }
        },
        "loc": {
          "start": { "line": 154, "column": 113 },
          "end": { "line": 167, "column": 7 }
        },
        "line": 154
      },
      "23": {
        "name": "_callee6$",
        "decl": {
          "start": { "line": 155, "column": 51 },
          "end": { "line": 155, "column": 60 }
        },
        "loc": {
          "start": { "line": 155, "column": 72 },
          "end": { "line": 166, "column": 9 }
        },
        "line": 155
      },
      "24": {
        "name": "getJob",
        "decl": {
          "start": { "line": 169, "column": 15 },
          "end": { "line": 169, "column": 21 }
        },
        "loc": {
          "start": { "line": 169, "column": 27 },
          "end": { "line": 171, "column": 7 }
        },
        "line": 169
      },
      "25": {
        "name": "(anonymous_25)",
        "decl": {
          "start": { "line": 175, "column": 13 },
          "end": { "line": 175, "column": 14 }
        },
        "loc": {
          "start": { "line": 175, "column": 25 },
          "end": { "line": 201, "column": 5 }
        },
        "line": 175
      },
      "26": {
        "name": "_callee7",
        "decl": {
          "start": { "line": 176, "column": 100 },
          "end": { "line": 176, "column": 108 }
        },
        "loc": {
          "start": { "line": 176, "column": 111 },
          "end": { "line": 194, "column": 7 }
        },
        "line": 176
      },
      "27": {
        "name": "_callee7$",
        "decl": {
          "start": { "line": 180, "column": 51 },
          "end": { "line": 180, "column": 60 }
        },
        "loc": {
          "start": { "line": 180, "column": 72 },
          "end": { "line": 193, "column": 9 }
        },
        "line": 180
      },
      "28": {
        "name": "(anonymous_28)",
        "decl": {
          "start": { "line": 184, "column": 80 },
          "end": { "line": 184, "column": 81 }
        },
        "loc": {
          "start": { "line": 184, "column": 93 },
          "end": { "line": 186, "column": 17 }
        },
        "line": 184
      },
      "29": {
        "name": "getJobs",
        "decl": {
          "start": { "line": 196, "column": 15 },
          "end": { "line": 196, "column": 22 }
        },
        "loc": {
          "start": { "line": 196, "column": 25 },
          "end": { "line": 198, "column": 7 }
        },
        "line": 196
      },
      "30": {
        "name": "(anonymous_30)",
        "decl": {
          "start": { "line": 202, "column": 19 },
          "end": { "line": 202, "column": 20 }
        },
        "loc": {
          "start": { "line": 202, "column": 31 },
          "end": { "line": 223, "column": 5 }
        },
        "line": 202
      },
      "31": {
        "name": "_callee8",
        "decl": {
          "start": { "line": 203, "column": 100 },
          "end": { "line": 203, "column": 108 }
        },
        "loc": {
          "start": { "line": 203, "column": 113 },
          "end": { "line": 216, "column": 7 }
        },
        "line": 203
      },
      "32": {
        "name": "_callee8$",
        "decl": {
          "start": { "line": 204, "column": 51 },
          "end": { "line": 204, "column": 60 }
        },
        "loc": {
          "start": { "line": 204, "column": 72 },
          "end": { "line": 215, "column": 9 }
        },
        "line": 204
      },
      "33": {
        "name": "getTranscoder",
        "decl": {
          "start": { "line": 218, "column": 15 },
          "end": { "line": 218, "column": 28 }
        },
        "loc": {
          "start": { "line": 218, "column": 34 },
          "end": { "line": 220, "column": 7 }
        },
        "line": 218
      },
      "34": {
        "name": "(anonymous_34)",
        "decl": {
          "start": { "line": 224, "column": 20 },
          "end": { "line": 224, "column": 21 }
        },
        "loc": {
          "start": { "line": 224, "column": 32 },
          "end": { "line": 245, "column": 5 }
        },
        "line": 224
      },
      "35": {
        "name": "_callee9",
        "decl": {
          "start": { "line": 225, "column": 101 },
          "end": { "line": 225, "column": 109 }
        },
        "loc": {
          "start": { "line": 225, "column": 112 },
          "end": { "line": 238, "column": 7 }
        },
        "line": 225
      },
      "36": {
        "name": "_callee9$",
        "decl": {
          "start": { "line": 226, "column": 51 },
          "end": { "line": 226, "column": 60 }
        },
        "loc": {
          "start": { "line": 226, "column": 72 },
          "end": { "line": 237, "column": 9 }
        },
        "line": 226
      },
      "37": {
        "name": "getTranscoders",
        "decl": {
          "start": { "line": 240, "column": 15 },
          "end": { "line": 240, "column": 29 }
        },
        "loc": {
          "start": { "line": 240, "column": 32 },
          "end": { "line": 242, "column": 7 }
        },
        "line": 240
      }
    },
    "branchMap": {
      "0": {
        "loc": {
          "start": { "line": 27, "column": 46 },
          "end": { "line": 27, "column": 92 }
        },
        "type": "cond-expr",
        "locations": [
          {
            "start": { "line": 27, "column": 70 },
            "end": { "line": 27, "column": 73 }
          },
          {
            "start": { "line": 27, "column": 76 },
            "end": { "line": 27, "column": 92 }
          }
        ],
        "line": 27
      },
      "1": {
        "loc": {
          "start": { "line": 27, "column": 46 },
          "end": { "line": 27, "column": 67 }
        },
        "type": "binary-expr",
        "locations": [
          {
            "start": { "line": 27, "column": 46 },
            "end": { "line": 27, "column": 49 }
          },
          {
            "start": { "line": 27, "column": 53 },
            "end": { "line": 27, "column": 67 }
          }
        ],
        "line": 27
      },
      "2": {
        "loc": {
          "start": { "line": 47, "column": 12 },
          "end": { "line": 54, "column": 13 }
        },
        "type": "switch",
        "locations": [
          {
            "start": { "line": 48, "column": 14 },
            "end": { "line": 49, "column": 71 }
          },
          {
            "start": { "line": 51, "column": 14 },
            "end": { "line": 51, "column": 21 }
          },
          {
            "start": { "line": 52, "column": 14 },
            "end": { "line": 53, "column": 39 }
          }
        ],
        "line": 47
      },
      "3": {
        "loc": {
          "start": { "line": 69, "column": 12 },
          "end": { "line": 76, "column": 13 }
        },
        "type": "switch",
        "locations": [
          {
            "start": { "line": 70, "column": 14 },
            "end": { "line": 71, "column": 74 }
          },
          {
            "start": { "line": 73, "column": 14 },
            "end": { "line": 73, "column": 21 }
          },
          {
            "start": { "line": 74, "column": 14 },
            "end": { "line": 75, "column": 40 }
          }
        ],
        "line": 69
      },
      "4": {
        "loc": {
          "start": { "line": 91, "column": 12 },
          "end": { "line": 98, "column": 13 }
        },
        "type": "switch",
        "locations": [
          {
            "start": { "line": 92, "column": 14 },
            "end": { "line": 93, "column": 72 }
          },
          {
            "start": { "line": 95, "column": 14 },
            "end": { "line": 95, "column": 21 }
          },
          {
            "start": { "line": 96, "column": 14 },
            "end": { "line": 97, "column": 40 }
          }
        ],
        "line": 91
      },
      "5": {
        "loc": {
          "start": { "line": 113, "column": 12 },
          "end": { "line": 120, "column": 13 }
        },
        "type": "switch",
        "locations": [
          {
            "start": { "line": 114, "column": 14 },
            "end": { "line": 115, "column": 67 }
          },
          {
            "start": { "line": 117, "column": 14 },
            "end": { "line": 117, "column": 21 }
          },
          {
            "start": { "line": 118, "column": 14 },
            "end": { "line": 119, "column": 40 }
          }
        ],
        "line": 113
      },
      "6": {
        "loc": {
          "start": { "line": 135, "column": 12 },
          "end": { "line": 142, "column": 13 }
        },
        "type": "switch",
        "locations": [
          {
            "start": { "line": 136, "column": 14 },
            "end": { "line": 137, "column": 70 }
          },
          {
            "start": { "line": 139, "column": 14 },
            "end": { "line": 139, "column": 21 }
          },
          {
            "start": { "line": 140, "column": 14 },
            "end": { "line": 141, "column": 40 }
          }
        ],
        "line": 135
      },
      "7": {
        "loc": {
          "start": { "line": 157, "column": 12 },
          "end": { "line": 164, "column": 13 }
        },
        "type": "switch",
        "locations": [
          {
            "start": { "line": 158, "column": 14 },
            "end": { "line": 159, "column": 64 }
          },
          {
            "start": { "line": 161, "column": 14 },
            "end": { "line": 161, "column": 21 }
          },
          {
            "start": { "line": 162, "column": 14 },
            "end": { "line": 163, "column": 40 }
          }
        ],
        "line": 157
      },
      "8": {
        "loc": {
          "start": { "line": 177, "column": 20 },
          "end": { "line": 177, "column": 90 }
        },
        "type": "cond-expr",
        "locations": [
          {
            "start": { "line": 177, "column": 73 },
            "end": { "line": 177, "column": 85 }
          },
          {
            "start": { "line": 177, "column": 88 },
            "end": { "line": 177, "column": 90 }
          }
        ],
        "line": 177
      },
      "9": {
        "loc": {
          "start": { "line": 177, "column": 20 },
          "end": { "line": 177, "column": 70 }
        },
        "type": "binary-expr",
        "locations": [
          {
            "start": { "line": 177, "column": 20 },
            "end": { "line": 177, "column": 40 }
          },
          {
            "start": { "line": 177, "column": 44 },
            "end": { "line": 177, "column": 70 }
          }
        ],
        "line": 177
      },
      "10": {
        "loc": {
          "start": { "line": 182, "column": 12 },
          "end": { "line": 191, "column": 13 }
        },
        "type": "switch",
        "locations": [
          {
            "start": { "line": 183, "column": 14 },
            "end": { "line": 186, "column": 59 }
          },
          {
            "start": { "line": 188, "column": 14 },
            "end": { "line": 188, "column": 21 }
          },
          {
            "start": { "line": 189, "column": 14 },
            "end": { "line": 190, "column": 40 }
          }
        ],
        "line": 182
      },
      "11": {
        "loc": {
          "start": { "line": 184, "column": 50 },
          "end": { "line": 186, "column": 57 }
        },
        "type": "cond-expr",
        "locations": [
          {
            "start": { "line": 184, "column": 64 },
            "end": { "line": 186, "column": 28 }
          },
          {
            "start": { "line": 186, "column": 31 },
            "end": { "line": 186, "column": 57 }
          }
        ],
        "line": 184
      },
      "12": {
        "loc": {
          "start": { "line": 206, "column": 12 },
          "end": { "line": 213, "column": 13 }
        },
        "type": "switch",
        "locations": [
          {
            "start": { "line": 207, "column": 14 },
            "end": { "line": 208, "column": 71 }
          },
          {
            "start": { "line": 210, "column": 14 },
            "end": { "line": 210, "column": 21 }
          },
          {
            "start": { "line": 211, "column": 14 },
            "end": { "line": 212, "column": 40 }
          }
        ],
        "line": 206
      },
      "13": {
        "loc": {
          "start": { "line": 228, "column": 12 },
          "end": { "line": 235, "column": 13 }
        },
        "type": "switch",
        "locations": [
          {
            "start": { "line": 229, "column": 14 },
            "end": { "line": 230, "column": 90 }
          },
          {
            "start": { "line": 232, "column": 14 },
            "end": { "line": 232, "column": 21 }
          },
          {
            "start": { "line": 233, "column": 14 },
            "end": { "line": 234, "column": 40 }
          }
        ],
        "line": 228
      }
    },
    "s": {
      "0": 1,
      "1": 1,
      "2": 1,
      "3": 1,
      "4": 1,
      "5": 1,
      "6": 1,
      "7": 1,
      "8": 1,
      "9": 1,
      "10": 4,
      "11": 1,
      "12": 1,
      "13": 0,
      "14": 0,
      "15": 0,
      "16": 0,
      "17": 0,
      "18": 0,
      "19": 1,
      "20": 1,
      "21": 0,
      "22": 0,
      "23": 0,
      "24": 0,
      "25": 0,
      "26": 0,
      "27": 1,
      "28": 1,
      "29": 0,
      "30": 0,
      "31": 0,
      "32": 0,
      "33": 0,
      "34": 0,
      "35": 1,
      "36": 1,
      "37": 1,
      "38": 2,
      "39": 2,
      "40": 1,
      "41": 1,
      "42": 1,
      "43": 1,
      "44": 1,
      "45": 0,
      "46": 0,
      "47": 0,
      "48": 0,
      "49": 0,
      "50": 0,
      "51": 1,
      "52": 1,
      "53": 0,
      "54": 0,
      "55": 0,
      "56": 0,
      "57": 0,
      "58": 0,
      "59": 1,
      "60": 1,
      "61": 0,
      "62": 0,
      "63": 0,
      "64": 0,
      "65": 0,
      "66": 0,
      "67": 0,
      "68": 0,
      "69": 0,
      "70": 1,
      "71": 1,
      "72": 0,
      "73": 0,
      "74": 0,
      "75": 0,
      "76": 0,
      "77": 0,
      "78": 1,
      "79": 1,
      "80": 0,
      "81": 0,
      "82": 0,
      "83": 0,
      "84": 0,
      "85": 0,
      "86": 1,
      "87": 1,
      "88": 1,
      "89": 1,
      "90": 1,
      "91": 1,
      "92": 1,
      "93": 1,
      "94": 1
    },
    "f": {
      "0": 4,
      "1": 1,
      "2": 0,
      "3": 0,
      "4": 0,
      "5": 1,
      "6": 0,
      "7": 0,
      "8": 0,
      "9": 1,
      "10": 0,
      "11": 0,
      "12": 0,
      "13": 1,
      "14": 1,
      "15": 2,
      "16": 1,
      "17": 1,
      "18": 0,
      "19": 0,
      "20": 0,
      "21": 1,
      "22": 0,
      "23": 0,
      "24": 0,
      "25": 1,
      "26": 0,
      "27": 0,
      "28": 0,
      "29": 0,
      "30": 1,
      "31": 0,
      "32": 0,
      "33": 0,
      "34": 1,
      "35": 0,
      "36": 0,
      "37": 0
    },
    "b": {
      "0": [3, 1],
      "1": [4, 4],
      "2": [0, 0, 0],
      "3": [0, 0, 0],
      "4": [0, 0, 0],
      "5": [1, 0, 1],
      "6": [0, 0, 0],
      "7": [0, 0, 0],
      "8": [0, 0],
      "9": [0, 0],
      "10": [0, 0, 0],
      "11": [0, 0],
      "12": [0, 0, 0],
      "13": [0, 0, 0]
    },
    "_coverageSchema": "332fd63041d2c1bcb487cc26dd0d5f7d97098a6c",
    "hash": "da9590b3e54a69dde6aa5aa5a51706641aa481b2",
    "contentHash": "28cd7adc30bd0952f174af5d59a1f9b5_11.6.0"
  }
}
