SF:/Users/josiahsavary/livepeerjs/packages/explorer/src/index.js
DA:1,0
DA:2,0
DA:3,0
DA:4,0
DA:5,0
DA:6,0
DA:7,0
DA:8,0
DA:9,0
DA:10,0
DA:11,0
DA:12,0
DA:13,0
DA:14,0
DA:15,0
DA:17,0
DA:41,0
DA:48,0
DA:49,0
DA:50,0
DA:51,0
DA:55,0
DA:56,0
DA:63,0
DA:66,0
DA:67,0
DA:68,0
DA:69,0
DA:70,0
DA:71,0
DA:72,0
DA:73,0
DA:74,0
DA:76,0
DA:77,0
DA:79,0
DA:82,0
DA:85,0
BRDA:10,0,0,0
BRDA:10,0,1,0
BRDA:10,1,0,0
BRDA:10,1,1,0
BRDA:13,2,0,0
BRDA:13,2,1,0
BRDA:50,3,0,0
BRDA:50,3,1,0
BRDA:51,4,0,0
BRDA:51,4,1,0
BRDA:51,5,0,0
BRDA:51,5,1,0
BRDA:66,6,0,0
BRDA:66,6,1,0
BRDA:66,7,0,0
BRDA:66,7,1,0
BRDA:72,8,0,0
BRDA:72,8,1,0
BRDA:82,9,0,0
BRDA:82,9,1,0
end_of_record
SF:/Users/josiahsavary/livepeerjs/packages/explorer/src/registerServiceWorker.js
DA:1,0
DA:21,0
DA:109,0
DA:111,0
DA:112,0
DA:115,0
DA:116,0
DA:117,0
DA:121,0
DA:124,0
DA:125,0
DA:126,0
DA:127,0
DA:128,0
BRDA:109,0,0,0
BRDA:109,0,1,0
BRDA:109,0,2,0
BRDA:111,1,0,0
BRDA:111,1,1,0
BRDA:111,2,0,0
BRDA:111,2,1,0
BRDA:112,3,0,0
BRDA:112,3,1,0
BRDA:115,4,0,0
BRDA:115,4,1,0
BRDA:117,5,0,0
BRDA:117,5,1,0
BRDA:117,6,0,0
BRDA:117,6,1,0
BRDA:126,7,0,0
BRDA:126,7,1,0
BRDA:126,8,0,0
BRDA:126,8,1,0
BRDA:128,9,0,0
BRDA:128,9,1,0
end_of_record
SF:/Users/josiahsavary/livepeerjs/packages/explorer/src/setupTests.js
DA:5,1
end_of_record
SF:/Users/josiahsavary/livepeerjs/packages/explorer/src/store.js
DA:1,0
DA:2,0
DA:3,0
DA:4,0
DA:5,0
DA:6,0
DA:7,0
DA:11,0
DA:14,0
DA:15,0
DA:16,0
DA:17,0
DA:19,0
DA:20,0
DA:21,0
DA:24,0
DA:25,0
DA:27,0
BRDA:7,0,0,0
BRDA:7,0,1,0
BRDA:7,1,0,0
BRDA:7,1,1,0
BRDA:11,2,0,0
BRDA:11,2,1,0
BRDA:19,3,0,0
BRDA:19,3,1,0
BRDA:21,4,0,0
BRDA:21,4,1,0
end_of_record
SF:/Users/josiahsavary/livepeerjs/packages/explorer/src/utils.js
DA:1,0
DA:42,0
DA:52,0
DA:65,0
DA:69,0
DA:83,0
DA:92,0
DA:96,0
DA:106,0
DA:117,0
DA:127,0
DA:128,0
DA:129,0
DA:130,0
DA:132,0
DA:133,0
DA:135,0
DA:137,0
DA:140,0
DA:143,0
DA:144,0
DA:146,0
DA:147,0
DA:151,0
DA:152,0
DA:153,0
DA:155,0
DA:158,0
DA:159,0
DA:161,0
DA:162,0
DA:165,0
DA:166,0
DA:170,0
DA:171,0
DA:177,0
DA:192,0
DA:196,0
DA:201,0
DA:204,0
DA:214,0
DA:217,0
DA:223,0
DA:226,0
DA:238,0
BRDA:1,0,0,0
BRDA:1,0,1,0
BRDA:1,1,0,0
BRDA:1,1,1,0
BRDA:1,2,0,0
BRDA:1,2,1,0
BRDA:1,3,0,0
BRDA:1,3,1,0
BRDA:1,4,0,0
BRDA:1,4,1,0
BRDA:1,5,0,0
BRDA:1,5,1,0
BRDA:1,6,0,0
BRDA:1,6,1,0
BRDA:127,7,0,0
BRDA:127,7,1,0
BRDA:127,8,0,0
BRDA:127,8,1,0
BRDA:127,9,0,0
BRDA:127,9,1,0
BRDA:127,10,0,0
BRDA:127,10,1,0
BRDA:127,11,0,0
BRDA:127,11,1,0
BRDA:127,12,0,0
BRDA:127,12,1,0
BRDA:127,13,0,0
BRDA:127,13,1,0
BRDA:127,14,0,0
BRDA:127,14,1,0
BRDA:127,15,0,0
BRDA:127,15,1,0
BRDA:127,16,0,0
BRDA:127,16,1,0
BRDA:127,17,0,0
BRDA:127,17,1,0
BRDA:127,18,0,0
BRDA:127,18,1,0
BRDA:127,19,0,0
BRDA:127,19,1,0
BRDA:127,20,0,0
BRDA:127,20,1,0
BRDA:127,21,0,0
BRDA:127,21,1,0
BRDA:127,22,0,0
BRDA:127,22,1,0
BRDA:127,23,0,0
BRDA:127,23,1,0
BRDA:127,24,0,0
BRDA:127,24,1,0
BRDA:127,25,0,0
BRDA:127,26,0,0
BRDA:127,26,1,0
BRDA:127,27,0,0
BRDA:127,28,0,0
BRDA:127,29,0,0
BRDA:127,29,1,0
BRDA:127,30,0,0
BRDA:127,30,1,0
BRDA:127,31,0,0
BRDA:127,31,1,0
BRDA:127,32,0,0
BRDA:127,32,1,0
BRDA:127,33,0,0
BRDA:127,33,1,0
BRDA:127,34,0,0
BRDA:127,34,1,0
BRDA:127,35,0,0
BRDA:127,35,1,0
BRDA:127,36,0,0
BRDA:151,37,0,0
BRDA:151,37,1,0
BRDA:177,38,0,0
BRDA:177,39,0,0
BRDA:177,39,1,0
BRDA:196,40,0,0
BRDA:196,41,0,0
BRDA:196,41,1,0
BRDA:204,42,0,0
BRDA:204,43,0,0
BRDA:204,43,1,0
BRDA:217,44,0,0
BRDA:217,45,0,0
BRDA:217,45,1,0
BRDA:226,46,0,0
BRDA:226,47,0,0
BRDA:226,47,1,0
end_of_record
SF:/Users/josiahsavary/livepeerjs/packages/explorer/src/components/App.js
DA:1,0
DA:2,0
DA:3,0
DA:4,0
DA:5,0
DA:6,0
DA:7,0
DA:8,0
DA:9,0
DA:11,0
DA:15,0
DA:17,0
DA:18,0
DA:25,0
DA:38,0
DA:40,0
DA:41,0
DA:48,0
BRDA:9,0,0,0
BRDA:9,0,1,0
BRDA:9,1,0,0
BRDA:9,1,1,0
BRDA:15,2,0,0
BRDA:15,2,1,0
BRDA:25,3,0,0
BRDA:25,3,1,0
BRDA:40,4,0,0
BRDA:40,4,1,0
BRDA:41,5,0,0
BRDA:41,5,1,0
end_of_record
SF:/Users/josiahsavary/livepeerjs/packages/explorer/src/components/Avatar.js
DA:1,0
DA:2,0
DA:4,0
DA:5,0
DA:40,0
BRDA:2,0,0,0
BRDA:2,0,1,0
BRDA:2,1,0,0
BRDA:2,1,1,0
BRDA:35,2,0,0
BRDA:35,2,1,0
end_of_record
SF:/Users/josiahsavary/livepeerjs/packages/explorer/src/components/Banner.js
DA:1,0
DA:3,0
DA:7,0
BRDA:1,0,0,0
BRDA:1,0,1,0
BRDA:1,1,0,0
BRDA:1,1,1,0
end_of_record
SF:/Users/josiahsavary/livepeerjs/packages/explorer/src/components/BasicModal.js
DA:1,0
DA:2,0
DA:3,0
DA:4,0
DA:5,0
DA:7,0
DA:8,0
DA:11,0
DA:12,0
DA:29,0
DA:39,0
DA:48,0
BRDA:5,0,0,0
BRDA:5,0,1,0
BRDA:5,1,0,0
BRDA:5,1,1,0
BRDA:8,2,0,0
BRDA:8,2,1,0
BRDA:8,3,0,0
BRDA:8,3,1,0
end_of_record
SF:/Users/josiahsavary/livepeerjs/packages/explorer/src/components/BasicNavbar.js
DA:1,0
DA:2,0
DA:3,0
DA:4,0
DA:5,0
DA:6,0
DA:14,0
DA:15,0
DA:17,0
DA:19,0
DA:21,0
DA:35,0
DA:36,0
DA:37,0
DA:38,0
DA:43,0
DA:44,0
DA:51,0
DA:115,0
DA:134,0
DA:135,0
DA:151,0
DA:160,0
DA:161,0
DA:185,0
DA:186,0
DA:187,0
DA:188,0
DA:189,0
DA:190,0
BRDA:15,0,0,0
BRDA:15,0,1,0
BRDA:15,1,0,0
BRDA:15,1,1,0
BRDA:31,2,0,0
BRDA:31,2,1,0
BRDA:36,3,0,0
BRDA:36,3,1,0
BRDA:37,4,0,0
BRDA:37,4,1,0
BRDA:64,5,0,0
BRDA:64,5,1,0
BRDA:66,6,0,0
BRDA:66,6,1,0
BRDA:68,7,0,0
BRDA:68,7,1,0
BRDA:68,8,0,0
BRDA:68,8,1,0
BRDA:78,9,0,0
BRDA:78,9,1,0
BRDA:80,10,0,0
BRDA:80,10,1,0
BRDA:104,11,0,0
BRDA:104,11,1,0
BRDA:186,12,0,0
BRDA:186,12,1,0
BRDA:187,13,0,0
BRDA:187,13,1,0
end_of_record
SF:/Users/josiahsavary/livepeerjs/packages/explorer/src/components/BondErrorModal.js
DA:1,0
DA:3,0
DA:4,0
DA:5,0
DA:12,0
DA:18,0
BRDA:5,0,0,0
BRDA:5,0,1,0
BRDA:5,1,0,0
BRDA:5,1,1,0
BRDA:5,2,0,0
BRDA:5,2,1,0
BRDA:5,3,0,0
BRDA:5,3,1,0
BRDA:5,4,0,0
BRDA:5,4,1,0
BRDA:5,5,0,0
BRDA:5,5,1,0
end_of_record
SF:/Users/josiahsavary/livepeerjs/packages/explorer/src/components/BondForm.js
DA:1,0
DA:2,0
DA:3,0
DA:4,0
DA:5,0
DA:6,0
DA:7,0
DA:27,0
DA:38,0
DA:84,0
BRDA:7,0,0,0
BRDA:7,0,1,0
BRDA:7,1,0,0
BRDA:7,1,1,0
BRDA:7,2,0,0
BRDA:7,2,1,0
BRDA:7,3,0,0
BRDA:7,3,1,0
BRDA:7,4,0,0
BRDA:7,4,1,0
BRDA:7,5,0,0
BRDA:7,5,1,0
BRDA:43,6,0,0
BRDA:43,6,1,0
BRDA:78,7,0,0
BRDA:78,7,1,0
BRDA:84,8,0,0
BRDA:84,8,1,0
end_of_record
SF:/Users/josiahsavary/livepeerjs/packages/explorer/src/components/BondSuccessModal.js
DA:1,0
DA:2,0
DA:3,0
DA:4,0
DA:5,0
DA:6,0
DA:7,0
DA:18,0
DA:23,0
DA:43,0
BRDA:7,0,0,0
BRDA:7,0,1,0
BRDA:7,1,0,0
BRDA:7,1,1,0
BRDA:7,2,0,0
BRDA:7,2,1,0
BRDA:7,3,0,0
BRDA:7,3,1,0
BRDA:7,4,0,0
BRDA:7,4,1,0
BRDA:7,5,0,0
BRDA:7,5,1,0
end_of_record
SF:/Users/josiahsavary/livepeerjs/packages/explorer/src/components/BondTransactionModal.js
DA:1,0
DA:2,0
DA:3,0
DA:4,0
DA:5,0
DA:6,0
DA:7,0
DA:21,0
DA:22,0
DA:23,0
DA:24,0
DA:42,0
DA:44,0
DA:48,0
BRDA:7,0,0,0
BRDA:7,0,1,0
BRDA:7,1,0,0
BRDA:7,1,1,0
BRDA:7,2,0,0
BRDA:7,2,1,0
BRDA:7,3,0,0
BRDA:7,3,1,0
BRDA:7,4,0,0
BRDA:7,4,1,0
BRDA:7,5,0,0
BRDA:7,5,1,0
BRDA:7,6,0,0
BRDA:7,6,1,0
BRDA:7,7,0,0
BRDA:7,7,1,0
BRDA:28,8,0,0
BRDA:28,8,1,0
end_of_record
SF:/Users/josiahsavary/livepeerjs/packages/explorer/src/components/Box.js
DA:1,0
DA:2,0
DA:4,0
DA:5,0
DA:12,0
DA:13,0
DA:16,0
DA:21,0
DA:26,0
BRDA:2,0,0,0
BRDA:2,0,1,0
BRDA:2,1,0,0
BRDA:2,1,1,0
BRDA:13,2,0,0
BRDA:13,2,1,0
BRDA:16,3,0,0
BRDA:16,3,1,0
end_of_record
SF:/Users/josiahsavary/livepeerjs/packages/explorer/src/components/Button.js
DA:1,0
DA:3,0
DA:19,0
BRDA:1,0,0,0
BRDA:1,0,1,0
BRDA:1,1,0,0
BRDA:1,1,1,0
end_of_record
SF:/Users/josiahsavary/livepeerjs/packages/explorer/src/components/ClaimEarningsErrorModal.js
DA:1,0
DA:3,0
DA:4,0
DA:5,0
DA:14,0
DA:15,0
BRDA:5,0,0,0
BRDA:5,0,1,0
BRDA:5,1,0,0
BRDA:5,1,1,0
BRDA:5,2,0,0
BRDA:5,2,1,0
BRDA:5,3,0,0
BRDA:5,3,1,0
BRDA:5,4,0,0
BRDA:5,4,1,0
BRDA:5,5,0,0
BRDA:5,5,1,0
end_of_record
SF:/Users/josiahsavary/livepeerjs/packages/explorer/src/components/ClaimEarningsForm.js
DA:1,0
DA:2,0
DA:3,0
DA:4,0
DA:5,0
DA:6,0
DA:7,0
DA:28,0
DA:41,0
DA:85,0
BRDA:7,0,0,0
BRDA:7,0,1,0
BRDA:7,1,0,0
BRDA:7,1,1,0
BRDA:7,2,0,0
BRDA:7,2,1,0
BRDA:7,3,0,0
BRDA:7,3,1,0
BRDA:7,4,0,0
BRDA:7,4,1,0
BRDA:7,5,0,0
BRDA:7,5,1,0
BRDA:79,6,0,0
BRDA:79,6,1,0
BRDA:85,7,0,0
BRDA:85,7,1,0
end_of_record
SF:/Users/josiahsavary/livepeerjs/packages/explorer/src/components/ClaimEarningsSuccessModal.js
DA:1,0
DA:2,0
DA:3,0
DA:4,0
DA:5,0
DA:6,0
DA:7,0
DA:21,0
DA:22,0
DA:38,0
BRDA:7,0,0,0
BRDA:7,0,1,0
BRDA:7,1,0,0
BRDA:7,1,1,0
BRDA:7,2,0,0
BRDA:7,2,1,0
BRDA:7,3,0,0
BRDA:7,3,1,0
BRDA:7,4,0,0
BRDA:7,4,1,0
BRDA:7,5,0,0
BRDA:7,5,1,0
BRDA:23,6,0,0
BRDA:23,6,1,0
end_of_record
SF:/Users/josiahsavary/livepeerjs/packages/explorer/src/components/ClaimEarningsTransactionModal.js
DA:1,0
DA:2,0
DA:3,0
DA:4,0
DA:5,0
DA:6,0
DA:23,0
DA:38,0
DA:41,0
DA:42,0
DA:45,0
BRDA:6,0,0,0
BRDA:6,0,1,0
BRDA:6,1,0,0
BRDA:6,1,1,0
BRDA:6,2,0,0
BRDA:6,2,1,0
BRDA:6,3,0,0
BRDA:6,3,1,0
BRDA:6,4,0,0
BRDA:6,4,1,0
BRDA:6,5,0,0
BRDA:6,5,1,0
BRDA:6,6,0,0
BRDA:6,6,1,0
BRDA:6,7,0,0
BRDA:6,7,1,0
BRDA:24,8,0,0
BRDA:24,8,1,0
end_of_record
SF:/Users/josiahsavary/livepeerjs/packages/explorer/src/components/Content.js
DA:1,0
DA:3,0
DA:10,0
DA:11,0
DA:12,0
DA:13,0
BRDA:1,0,0,0
BRDA:1,0,1,0
BRDA:1,1,0,0
BRDA:1,1,1,0
BRDA:10,2,0,0
BRDA:10,2,1,0
BRDA:11,3,0,0
BRDA:11,3,1,0
BRDA:12,4,0,0
BRDA:12,4,1,0
end_of_record
SF:/Users/josiahsavary/livepeerjs/packages/explorer/src/components/ErrorModal.js
DA:1,0
DA:2,0
DA:3,0
DA:4,0
DA:5,0
DA:17,0
DA:23,0
DA:37,0
DA:41,0
BRDA:5,0,0,0
BRDA:5,0,1,0
BRDA:5,1,0,0
BRDA:5,1,1,0
BRDA:5,2,0,0
BRDA:5,2,1,0
BRDA:5,3,0,0
BRDA:5,3,1,0
BRDA:5,4,0,0
BRDA:5,4,1,0
BRDA:5,5,0,0
BRDA:5,5,1,0
BRDA:20,6,0,0
end_of_record
SF:/Users/josiahsavary/livepeerjs/packages/explorer/src/components/Footer.js
DA:1,0
DA:2,0
DA:3,0
DA:7,0
DA:10,0
DA:13,0
DA:14,0
DA:15,0
end_of_record
SF:/Users/josiahsavary/livepeerjs/packages/explorer/src/components/InlineAccount.js
DA:1,0
DA:2,0
DA:3,0
DA:4,0
DA:11,0
DA:13,0
DA:25,0
DA:33,0
BRDA:4,0,0,0
BRDA:4,0,1,0
BRDA:4,1,0,0
BRDA:4,1,1,0
BRDA:4,2,0,0
BRDA:4,2,1,0
BRDA:4,3,0,0
BRDA:4,3,1,0
BRDA:4,4,0,0
BRDA:4,4,1,0
BRDA:4,5,0,0
BRDA:4,5,1,0
BRDA:16,6,0,0
BRDA:16,6,1,0
BRDA:25,7,0,0
BRDA:25,7,1,0
end_of_record
SF:/Users/josiahsavary/livepeerjs/packages/explorer/src/components/MetricBox.js
DA:1,0
DA:2,0
DA:4,0
DA:13,0
DA:59,0
BRDA:2,0,0,0
BRDA:2,0,1,0
BRDA:2,1,0,0
BRDA:2,1,1,0
BRDA:14,2,0,0
BRDA:14,2,1,0
BRDA:29,3,0,0
BRDA:29,3,1,0
BRDA:31,4,0,0
BRDA:31,4,1,0
BRDA:53,5,0,0
BRDA:53,5,1,0
end_of_record
SF:/Users/josiahsavary/livepeerjs/packages/explorer/src/components/Modal.js
DA:1,0
DA:2,0
DA:4,0
DA:8,0
DA:9,0
DA:12,0
DA:13,0
DA:16,0
DA:17,0
DA:18,0
end_of_record
SF:/Users/josiahsavary/livepeerjs/packages/explorer/src/components/Navbar.js
DA:1,0
DA:2,0
DA:3,0
DA:7,0
DA:10,0
DA:13,0
DA:14,0
DA:15,0
end_of_record
SF:/Users/josiahsavary/livepeerjs/packages/explorer/src/components/PageHeading.js
DA:1,0
DA:3,0
DA:12,0
BRDA:1,0,0,0
BRDA:1,0,1,0
BRDA:1,1,0,0
BRDA:1,1,1,0
end_of_record
SF:/Users/josiahsavary/livepeerjs/packages/explorer/src/components/Root.js
DA:1,0
DA:2,0
DA:3,0
DA:4,0
DA:5,0
DA:6,0
DA:11,0
DA:12,0
DA:14,0
DA:15,0
DA:26,0
DA:27,0
DA:30,0
BRDA:6,0,0,0
BRDA:6,0,1,0
BRDA:6,1,0,0
BRDA:6,1,1,0
BRDA:6,2,0,0
BRDA:6,2,1,0
BRDA:6,3,0,0
BRDA:6,3,1,0
end_of_record
SF:/Users/josiahsavary/livepeerjs/packages/explorer/src/components/ScrollToTopOnMount.js
DA:1,0
DA:5,0
DA:8,0
DA:9,0
BRDA:1,0,0,0
BRDA:1,0,1,0
BRDA:1,1,0,0
BRDA:1,1,1,0
end_of_record
SF:/Users/josiahsavary/livepeerjs/packages/explorer/src/components/Tabs.js
DA:1,0
DA:2,0
DA:3,0
DA:5,0
DA:11,0
DA:12,0
DA:41,0
DA:43,0
BRDA:3,0,0,0
BRDA:3,0,1,0
BRDA:3,1,0,0
BRDA:3,1,1,0
end_of_record
SF:/Users/josiahsavary/livepeerjs/packages/explorer/src/components/Toasts.js
DA:1,0
DA:2,0
DA:4,0
DA:8,0
DA:9,0
DA:12,0
DA:13,0
DA:16,0
DA:17,0
DA:18,0
end_of_record
SF:/Users/josiahsavary/livepeerjs/packages/explorer/src/components/TranscoderCard.js
DA:1,0
DA:2,0
DA:3,0
DA:4,0
DA:5,0
DA:6,0
DA:7,0
DA:8,0
DA:28,0
DA:42,0
DA:117,0
DA:145,0
DA:198,0
DA:199,0
DA:200,0
DA:201,0
DA:203,0
DA:204,0
DA:205,0
DA:208,0
DA:209,0
DA:210,0
DA:213,0
DA:223,0
DA:231,0
BRDA:8,0,0,0
BRDA:8,0,1,0
BRDA:8,1,0,0
BRDA:8,1,1,0
BRDA:8,2,0,0
BRDA:8,2,1,0
BRDA:8,3,0,0
BRDA:8,3,1,0
BRDA:8,4,0,0
BRDA:8,4,1,0
BRDA:8,5,0,0
BRDA:8,5,1,0
BRDA:8,6,0,0
BRDA:8,6,1,0
BRDA:8,7,0,0
BRDA:8,7,1,0
BRDA:56,8,0,0
BRDA:56,8,1,0
BRDA:93,9,0,0
BRDA:93,9,1,0
BRDA:93,9,2,0
BRDA:99,10,0,0
BRDA:99,10,1,0
BRDA:100,11,0,0
BRDA:100,11,1,0
BRDA:117,12,0,0
BRDA:117,12,1,0
BRDA:145,13,0,0
BRDA:145,13,1,0
BRDA:201,14,0,0
BRDA:201,14,1,0
BRDA:203,15,0,0
BRDA:203,15,1,0
BRDA:208,16,0,0
BRDA:208,16,1,0
BRDA:208,17,0,0
BRDA:208,17,1,0
BRDA:208,18,0,0
BRDA:208,18,1,0
BRDA:223,19,0,0
BRDA:223,19,1,0
end_of_record
SF:/Users/josiahsavary/livepeerjs/packages/explorer/src/components/UnbondErrorModal.js
DA:1,0
DA:3,0
DA:4,0
DA:5,0
DA:14,0
DA:15,0
BRDA:5,0,0,0
BRDA:5,0,1,0
BRDA:5,1,0,0
BRDA:5,1,1,0
BRDA:5,2,0,0
BRDA:5,2,1,0
BRDA:5,3,0,0
BRDA:5,3,1,0
BRDA:5,4,0,0
BRDA:5,4,1,0
BRDA:5,5,0,0
BRDA:5,5,1,0
end_of_record
SF:/Users/josiahsavary/livepeerjs/packages/explorer/src/components/UnbondSuccessModal.js
DA:1,0
DA:2,0
DA:3,0
DA:4,0
DA:5,0
DA:6,0
DA:7,0
DA:19,0
DA:20,0
DA:23,0
BRDA:7,0,0,0
BRDA:7,0,1,0
BRDA:7,1,0,0
BRDA:7,1,1,0
BRDA:7,2,0,0
BRDA:7,2,1,0
BRDA:7,3,0,0
BRDA:7,3,1,0
BRDA:7,4,0,0
BRDA:7,4,1,0
BRDA:7,5,0,0
BRDA:7,5,1,0
end_of_record
SF:/Users/josiahsavary/livepeerjs/packages/explorer/src/components/UnbondTransactionModal.js
DA:1,0
DA:2,0
DA:4,0
DA:5,0
DA:19,0
DA:29,0
DA:31,0
DA:34,0
BRDA:5,0,0,0
BRDA:5,0,1,0
BRDA:5,1,0,0
BRDA:5,1,1,0
BRDA:5,2,0,0
BRDA:5,2,1,0
BRDA:5,3,0,0
BRDA:5,3,1,0
BRDA:5,4,0,0
BRDA:5,4,1,0
BRDA:5,5,0,0
BRDA:5,5,1,0
BRDA:5,6,0,0
BRDA:5,6,1,0
BRDA:5,7,0,0
BRDA:5,7,1,0
BRDA:22,8,0,0
BRDA:22,8,1,0
end_of_record
SF:/Users/josiahsavary/livepeerjs/packages/explorer/src/components/WithdrawFeesErrorModal.js
DA:1,0
DA:3,0
DA:4,0
DA:5,0
DA:14,0
DA:15,0
BRDA:5,0,0,0
BRDA:5,0,1,0
BRDA:5,1,0,0
BRDA:5,1,1,0
BRDA:5,2,0,0
BRDA:5,2,1,0
BRDA:5,3,0,0
BRDA:5,3,1,0
BRDA:5,4,0,0
BRDA:5,4,1,0
BRDA:5,5,0,0
BRDA:5,5,1,0
end_of_record
SF:/Users/josiahsavary/livepeerjs/packages/explorer/src/components/WithdrawFeesSuccessModal.js
DA:1,0
DA:2,0
DA:3,0
DA:4,0
DA:5,0
DA:6,0
DA:7,0
DA:19,0
DA:20,0
DA:23,0
BRDA:7,0,0,0
BRDA:7,0,1,0
BRDA:7,1,0,0
BRDA:7,1,1,0
BRDA:7,2,0,0
BRDA:7,2,1,0
BRDA:7,3,0,0
BRDA:7,3,1,0
BRDA:7,4,0,0
BRDA:7,4,1,0
BRDA:7,5,0,0
BRDA:7,5,1,0
end_of_record
SF:/Users/josiahsavary/livepeerjs/packages/explorer/src/components/WithdrawFeesTransactionModal.js
DA:1,0
DA:2,0
DA:4,0
DA:5,0
DA:19,0
DA:29,0
DA:31,0
DA:34,0
BRDA:5,0,0,0
BRDA:5,0,1,0
BRDA:5,1,0,0
BRDA:5,1,1,0
BRDA:5,2,0,0
BRDA:5,2,1,0
BRDA:5,3,0,0
BRDA:5,3,1,0
BRDA:5,4,0,0
BRDA:5,4,1,0
BRDA:5,5,0,0
BRDA:5,5,1,0
BRDA:5,6,0,0
BRDA:5,6,1,0
BRDA:5,7,0,0
BRDA:5,7,1,0
BRDA:22,8,0,0
BRDA:22,8,1,0
end_of_record
SF:/Users/josiahsavary/livepeerjs/packages/explorer/src/components/WithdrawStakeErrorModal.js
DA:1,0
DA:3,0
DA:4,0
DA:5,0
DA:14,0
DA:15,0
BRDA:5,0,0,0
BRDA:5,0,1,0
BRDA:5,1,0,0
BRDA:5,1,1,0
BRDA:5,2,0,0
BRDA:5,2,1,0
BRDA:5,3,0,0
BRDA:5,3,1,0
BRDA:5,4,0,0
BRDA:5,4,1,0
BRDA:5,5,0,0
BRDA:5,5,1,0
end_of_record
SF:/Users/josiahsavary/livepeerjs/packages/explorer/src/components/WithdrawStakeSuccessModal.js
DA:1,0
DA:2,0
DA:3,0
DA:4,0
DA:5,0
DA:6,0
DA:7,0
DA:19,0
DA:20,0
DA:23,0
BRDA:7,0,0,0
BRDA:7,0,1,0
BRDA:7,1,0,0
BRDA:7,1,1,0
BRDA:7,2,0,0
BRDA:7,2,1,0
BRDA:7,3,0,0
BRDA:7,3,1,0
BRDA:7,4,0,0
BRDA:7,4,1,0
BRDA:7,5,0,0
BRDA:7,5,1,0
end_of_record
SF:/Users/josiahsavary/livepeerjs/packages/explorer/src/components/WithdrawStakeTransactionModal.js
DA:1,0
DA:2,0
DA:4,0
DA:5,0
DA:19,0
DA:29,0
DA:31,0
DA:34,0
BRDA:5,0,0,0
BRDA:5,0,1,0
BRDA:5,1,0,0
BRDA:5,1,1,0
BRDA:5,2,0,0
BRDA:5,2,1,0
BRDA:5,3,0,0
BRDA:5,3,1,0
BRDA:5,4,0,0
BRDA:5,4,1,0
BRDA:5,5,0,0
BRDA:5,5,1,0
BRDA:5,6,0,0
BRDA:5,6,1,0
BRDA:5,7,0,0
BRDA:5,7,1,0
BRDA:22,8,0,0
BRDA:22,8,1,0
end_of_record
SF:/Users/josiahsavary/livepeerjs/packages/explorer/src/components/Wrapper.js
DA:1,0
DA:3,0
DA:7,0
BRDA:1,0,0,0
BRDA:1,0,1,0
BRDA:1,1,0,0
BRDA:1,1,1,0
end_of_record
SF:/Users/josiahsavary/livepeerjs/packages/explorer/src/components/index.js
DA:1,0
DA:2,0
DA:3,0
DA:4,0
DA:5,0
DA:6,0
DA:7,0
DA:8,0
DA:10,0
DA:13,0
DA:15,0
DA:16,0
DA:17,0
DA:18,0
DA:19,0
DA:20,0
DA:21,0
DA:22,0
DA:23,0
DA:24,0
DA:25,0
DA:26,0
DA:27,0
DA:28,0
DA:29,0
DA:30,0
DA:31,0
DA:32,0
DA:34,0
DA:36,0
DA:38,0
DA:41,0
DA:43,0
BRDA:43,0,0,0
BRDA:43,0,1,0
BRDA:43,1,0,0
BRDA:43,1,1,0
end_of_record
SF:/Users/josiahsavary/livepeerjs/packages/explorer/src/containers/ToastNotification.js
DA:1,0
DA:2,0
DA:13,0
DA:14,0
DA:16,0
DA:18,0
DA:19,0
DA:28,0
DA:31,0
DA:32,0
DA:33,0
DA:34,0
DA:36,0
DA:39,0
DA:40,0
DA:41,0
DA:45,0
DA:46,0
DA:50,0
DA:51,0
DA:52,0
DA:54,0
BRDA:13,0,0,0
BRDA:13,0,1,0
BRDA:18,1,0,0
BRDA:18,1,1,0
BRDA:30,2,0,0
BRDA:33,3,0,0
BRDA:33,3,1,0
end_of_record
SF:/Users/josiahsavary/livepeerjs/packages/explorer/src/containers/TransactionStatus.js
DA:1,0
DA:2,0
DA:25,0
DA:36,0
DA:42,0
DA:45,0
DA:51,0
DA:56,0
DA:62,0
DA:64,0
DA:66,0
DA:68,0
DA:70,0
DA:72,0
DA:74,0
DA:76,0
DA:78,0
DA:80,0
DA:83,0
DA:108,0
DA:111,0
DA:131,0
DA:134,0
DA:150,0
DA:153,0
DA:164,0
DA:167,0
DA:178,0
DA:181,0
DA:192,0
DA:201,0
DA:204,0
DA:205,0
DA:206,0
DA:211,0
DA:212,0
DA:213,0
DA:214,0
DA:217,0
DA:229,0
DA:231,0
DA:232,0
DA:233,0
DA:235,0
DA:237,0
DA:242,0
DA:243,0
DA:246,0
DA:247,0
DA:248,0
DA:249,0
BRDA:24,0,0,0
BRDA:62,1,0,0
BRDA:62,1,1,0
BRDA:62,1,2,0
BRDA:62,1,3,0
BRDA:62,1,4,0
BRDA:62,1,5,0
BRDA:62,1,6,0
BRDA:62,1,7,0
BRDA:237,2,0,0
BRDA:237,2,1,0
BRDA:242,3,0,0
BRDA:242,3,1,0
BRDA:247,4,0,0
BRDA:247,4,1,0
end_of_record
SF:/Users/josiahsavary/livepeerjs/packages/explorer/src/containers/index.js
DA:1,0
DA:2,0
BRDA:1,0,0,0
BRDA:1,0,1,0
BRDA:1,1,0,0
BRDA:1,1,1,0
BRDA:2,2,0,0
BRDA:2,2,1,0
BRDA:2,3,0,0
BRDA:2,3,1,0
end_of_record
SF:/Users/josiahsavary/livepeerjs/packages/explorer/src/electron/main.js
DA:1,0
DA:2,0
DA:3,0
DA:4,0
DA:6,0
DA:10,0
DA:11,0
DA:17,0
DA:25,0
DA:26,0
DA:32,0
DA:35,0
DA:36,0
DA:39,0
DA:40,0
DA:79,0
DA:80,0
BRDA:32,0,0,0
BRDA:32,0,1,0
BRDA:39,1,0,0
BRDA:39,1,1,0
end_of_record
SF:/Users/josiahsavary/livepeerjs/packages/explorer/src/enhancers/index.js
DA:1,0
DA:14,0
DA:24,0
DA:25,0
DA:26,0
DA:30,0
DA:39,0
DA:47,0
DA:49,0
DA:54,0
DA:55,0
DA:56,0
DA:58,0
DA:59,0
DA:61,0
DA:67,0
DA:68,0
DA:69,0
DA:72,0
DA:83,0
DA:84,0
DA:87,0
DA:89,0
DA:98,0
DA:99,0
DA:102,0
DA:104,0
DA:110,0
DA:121,0
DA:132,0
DA:143,0
DA:154,0
DA:170,0
DA:172,0
DA:173,0
DA:181,0
DA:183,0
BRDA:14,0,0,0
BRDA:14,0,1,0
BRDA:14,1,0,0
BRDA:14,1,1,0
BRDA:14,2,0,0
BRDA:14,2,1,0
BRDA:14,3,0,0
BRDA:14,3,1,0
BRDA:14,4,0,0
BRDA:14,4,1,0
BRDA:14,5,0,0
BRDA:14,5,1,0
BRDA:14,6,0,0
BRDA:14,6,1,0
BRDA:14,7,0,0
BRDA:14,7,1,0
BRDA:30,8,0,0
BRDA:30,8,1,0
BRDA:48,9,0,0
BRDA:48,9,1,0
end_of_record
SF:/Users/josiahsavary/livepeerjs/packages/explorer/src/enhancers/withTransactionHandlers.js
DA:1,0
DA:2,0
DA:6,0
DA:7,0
DA:8,0
DA:9,0
DA:11,0
DA:12,0
DA:15,0
DA:16,0
DA:17,0
DA:18,0
DA:19,0
DA:20,0
DA:21,0
DA:22,0
DA:23,0
DA:24,0
DA:25,0
DA:26,0
DA:32,0
DA:38,0
DA:40,0
DA:44,0
DA:45,0
DA:46,0
DA:47,0
DA:48,0
DA:49,0
DA:51,0
DA:55,0
DA:56,0
DA:57,0
DA:58,0
DA:59,0
DA:64,0
DA:65,0
DA:66,0
DA:67,0
DA:69,0
DA:73,0
DA:74,0
DA:75,0
DA:76,0
DA:77,0
DA:86,0
DA:87,0
DA:88,0
DA:90,0
DA:94,0
DA:95,0
DA:96,0
DA:97,0
DA:103,0
DA:104,0
DA:105,0
DA:106,0
DA:112,0
DA:113,0
DA:114,0
DA:115,0
DA:121,0
DA:122,0
BRDA:17,0,0,0
BRDA:17,0,1,0
BRDA:19,1,0,0
BRDA:19,1,1,0
BRDA:25,2,0,0
BRDA:25,2,1,0
BRDA:65,3,0,0
BRDA:65,3,1,0
BRDA:86,4,0,0
BRDA:86,4,1,0
end_of_record
SF:/Users/josiahsavary/livepeerjs/packages/explorer/src/services/index.js
DA:1,0
DA:9,0
BRDA:9,0,0,0
BRDA:9,0,1,0
BRDA:9,1,0,0
BRDA:9,1,1,0
BRDA:9,2,0,0
BRDA:9,2,1,0
BRDA:9,3,0,0
BRDA:9,3,1,0
end_of_record
SF:/Users/josiahsavary/livepeerjs/packages/explorer/src/services/routing.js
DA:5,1
DA:7,1
DA:11,1
DA:12,0
DA:15,1
DA:24,1
DA:26,1
DA:27,0
DA:28,0
DA:31,0
end_of_record
SF:/Users/josiahsavary/livepeerjs/packages/explorer/src/views/Account/enhance.js
DA:1,0
DA:2,0
DA:3,0
DA:4,0
DA:5,0
DA:7,0
DA:24,0
DA:26,0
DA:27,0
DA:35,0
DA:39,0
BRDA:5,0,0,0
BRDA:5,0,1,0
BRDA:5,1,0,0
BRDA:5,1,1,0
BRDA:5,2,0,0
BRDA:5,2,1,0
BRDA:5,3,0,0
BRDA:5,3,1,0
BRDA:31,4,0,0
BRDA:31,4,1,0
BRDA:38,5,0,0
BRDA:38,5,1,0
end_of_record
SF:/Users/josiahsavary/livepeerjs/packages/explorer/src/views/Account/index.js
DA:1,0
DA:2,0
DA:3,0
DA:4,0
DA:5,0
DA:6,0
DA:7,0
DA:8,0
DA:9,0
DA:20,0
DA:28,0
DA:33,0
DA:59,0
DA:84,0
BRDA:20,0,0,0
BRDA:20,0,1,0
BRDA:20,1,0,0
BRDA:20,1,1,0
BRDA:20,2,0,0
BRDA:20,2,1,0
BRDA:20,3,0,0
BRDA:20,3,1,0
BRDA:20,4,0,0
BRDA:20,4,1,0
BRDA:20,5,0,0
BRDA:20,5,1,0
BRDA:38,6,0,0
BRDA:38,6,1,0
end_of_record
SF:/Users/josiahsavary/livepeerjs/packages/explorer/src/views/AccountBroadcasting/enhance.js
DA:1,0
DA:2,0
DA:3,0
DA:4,0
DA:5,0
DA:7,0
DA:49,0
DA:53,0
DA:54,0
DA:55,0
DA:63,0
DA:67,0
BRDA:5,0,0,0
BRDA:5,0,1,0
BRDA:5,1,0,0
BRDA:5,1,1,0
BRDA:5,2,0,0
BRDA:5,2,1,0
BRDA:5,3,0,0
BRDA:5,3,1,0
BRDA:54,4,0,0
BRDA:54,4,1,0
BRDA:54,4,2,0
BRDA:66,5,0,0
BRDA:66,5,1,0
end_of_record
SF:/Users/josiahsavary/livepeerjs/packages/explorer/src/views/AccountBroadcasting/index.js
DA:1,0
DA:2,0
DA:3,0
DA:4,0
DA:5,0
DA:6,0
DA:7,0
DA:13,0
DA:16,0
DA:17,0
DA:31,0
DA:37,0
DA:38,0
DA:65,0
DA:86,0
DA:94,0
DA:95,0
DA:117,0
BRDA:7,0,0,0
BRDA:7,0,1,0
BRDA:7,1,0,0
BRDA:7,1,1,0
BRDA:7,2,0,0
BRDA:7,2,1,0
BRDA:7,3,0,0
BRDA:7,3,1,0
BRDA:7,4,0,0
BRDA:7,4,1,0
BRDA:7,5,0,0
BRDA:7,5,1,0
BRDA:30,6,0,0
BRDA:30,6,1,0
end_of_record
SF:/Users/josiahsavary/livepeerjs/packages/explorer/src/views/AccountDelegating/enhance.js
DA:1,0
DA:2,0
DA:3,0
DA:4,0
DA:5,0
DA:11,0
DA:40,0
DA:42,0
DA:43,0
DA:44,0
DA:52,0
DA:63,0
DA:64,0
DA:65,0
DA:66,0
DA:67,0
DA:69,0
DA:70,0
DA:72,0
DA:73,0
DA:74,0
DA:81,0
DA:82,0
DA:87,0
DA:88,0
DA:95,0
DA:103,0
DA:104,0
DA:105,0
DA:112,0
DA:113,0
DA:120,0
DA:121,0
DA:126,0
DA:127,0
DA:134,0
DA:142,0
DA:143,0
DA:144,0
DA:151,0
DA:157,0
BRDA:5,0,0,0
BRDA:5,0,1,0
BRDA:5,1,0,0
BRDA:5,1,1,0
BRDA:5,2,0,0
BRDA:5,2,1,0
BRDA:5,3,0,0
BRDA:5,3,1,0
BRDA:43,4,0,0
BRDA:43,4,1,0
BRDA:43,4,2,0
BRDA:55,5,0,0
BRDA:55,5,1,0
BRDA:69,6,0,0
BRDA:69,6,1,0
BRDA:73,7,0,0
BRDA:73,7,1,0
BRDA:104,8,0,0
BRDA:104,8,1,0
BRDA:112,9,0,0
BRDA:112,9,1,0
BRDA:143,10,0,0
BRDA:143,10,1,0
end_of_record
SF:/Users/josiahsavary/livepeerjs/packages/explorer/src/views/AccountDelegating/index.js
DA:1,0
DA:2,0
DA:3,0
DA:4,0
DA:5,0
DA:13,0
DA:14,0
DA:27,0
DA:35,0
DA:45,0
DA:46,0
DA:49,0
DA:52,0
DA:53,0
DA:54,0
DA:55,0
DA:56,0
DA:57,0
DA:68,0
DA:157,0
BRDA:14,0,0,0
BRDA:14,0,1,0
BRDA:14,1,0,0
BRDA:14,1,1,0
BRDA:14,2,0,0
BRDA:14,2,1,0
BRDA:14,3,0,0
BRDA:14,3,1,0
BRDA:14,4,0,0
BRDA:14,4,1,0
BRDA:14,5,0,0
BRDA:14,5,1,0
BRDA:49,6,0,0
BRDA:49,6,1,0
BRDA:49,7,0,0
BRDA:49,7,1,0
BRDA:56,8,0,0
BRDA:56,8,1,0
BRDA:63,9,0,0
BRDA:63,9,1,0
BRDA:68,10,0,0
BRDA:68,10,1,0
BRDA:84,11,0,0
BRDA:84,11,1,0
BRDA:84,11,2,0
BRDA:100,12,0,0
BRDA:100,12,1,0
BRDA:100,12,2,0
BRDA:118,13,0,0
BRDA:118,13,1,0
BRDA:120,14,0,0
BRDA:120,14,1,0
BRDA:122,15,0,0
BRDA:122,15,1,0
BRDA:133,16,0,0
BRDA:133,16,1,0
BRDA:133,16,2,0
BRDA:133,16,3,0
BRDA:149,17,0,0
BRDA:149,17,1,0
BRDA:153,18,0,0
BRDA:153,18,1,0
end_of_record
SF:/Users/josiahsavary/livepeerjs/packages/explorer/src/views/AccountOverview/enhance.js
DA:1,0
DA:2,0
DA:3,0
DA:4,0
DA:5,0
DA:7,0
DA:24,0
DA:26,0
DA:27,0
DA:35,0
DA:39,0
BRDA:5,0,0,0
BRDA:5,0,1,0
BRDA:5,1,0,0
BRDA:5,1,1,0
BRDA:5,2,0,0
BRDA:5,2,1,0
BRDA:5,3,0,0
BRDA:5,3,1,0
BRDA:31,4,0,0
BRDA:31,4,1,0
BRDA:38,5,0,0
BRDA:38,5,1,0
end_of_record
SF:/Users/josiahsavary/livepeerjs/packages/explorer/src/views/AccountOverview/index.js
DA:1,0
DA:2,0
DA:3,0
DA:8,0
DA:9,0
DA:10,0
DA:21,0
DA:29,0
DA:30,0
DA:87,0
BRDA:10,0,0,0
BRDA:10,0,1,0
BRDA:10,1,0,0
BRDA:10,1,1,0
BRDA:10,2,0,0
BRDA:10,2,1,0
BRDA:10,3,0,0
BRDA:10,3,1,0
BRDA:10,4,0,0
BRDA:10,4,1,0
BRDA:10,5,0,0
BRDA:10,5,1,0
BRDA:47,6,0,0
BRDA:47,6,1,0
BRDA:69,7,0,0
BRDA:69,7,1,0
end_of_record
SF:/Users/josiahsavary/livepeerjs/packages/explorer/src/views/AccountTranscoding/enhance.js
DA:1,0
DA:2,0
DA:3,0
DA:4,0
DA:7,0
DA:37,0
DA:39,0
DA:40,0
DA:41,0
DA:49,0
DA:53,0
BRDA:4,0,0,0
BRDA:4,0,1,0
BRDA:4,1,0,0
BRDA:4,1,1,0
BRDA:4,2,0,0
BRDA:4,2,1,0
BRDA:4,3,0,0
BRDA:4,3,1,0
BRDA:40,4,0,0
BRDA:40,4,1,0
BRDA:40,4,2,0
BRDA:52,5,0,0
BRDA:52,5,1,0
end_of_record
SF:/Users/josiahsavary/livepeerjs/packages/explorer/src/views/AccountTranscoding/index.js
DA:1,0
DA:2,0
DA:3,0
DA:4,0
DA:5,0
DA:14,0
DA:25,0
DA:26,0
DA:27,0
DA:66,0
BRDA:5,0,0,0
BRDA:5,0,1,0
BRDA:5,1,0,0
BRDA:5,1,1,0
BRDA:5,2,0,0
BRDA:5,2,1,0
BRDA:5,3,0,0
BRDA:5,3,1,0
BRDA:5,4,0,0
BRDA:5,4,1,0
BRDA:5,5,0,0
BRDA:5,5,1,0
BRDA:30,6,0,0
BRDA:30,6,1,0
end_of_record
SF:/Users/josiahsavary/livepeerjs/packages/explorer/src/views/BondModals/enhance.js
DA:1,0
DA:2,0
DA:3,0
DA:4,0
DA:9,0
DA:11,0
DA:30,0
DA:32,0
DA:33,0
DA:41,0
DA:47,0
DA:48,0
DA:49,0
DA:51,0
DA:52,0
DA:55,0
DA:57,0
DA:58,0
DA:66,0
BRDA:9,0,0,0
BRDA:9,0,1,0
BRDA:9,1,0,0
BRDA:9,1,1,0
BRDA:9,2,0,0
BRDA:9,2,1,0
BRDA:9,3,0,0
BRDA:9,3,1,0
BRDA:51,4,0,0
BRDA:51,4,1,0
end_of_record
SF:/Users/josiahsavary/livepeerjs/packages/explorer/src/views/BondModals/index.js
DA:1,0
DA:2,0
DA:3,0
DA:8,0
DA:9,0
DA:18,0
DA:24,0
DA:45,0
BRDA:9,0,0,0
BRDA:9,0,1,0
BRDA:9,1,0,0
BRDA:9,1,1,0
BRDA:9,2,0,0
BRDA:9,2,1,0
BRDA:9,3,0,0
BRDA:9,3,1,0
BRDA:9,4,0,0
BRDA:9,4,1,0
BRDA:9,5,0,0
BRDA:9,5,1,0
BRDA:29,6,0,0
BRDA:29,6,1,0
BRDA:35,7,0,0
BRDA:35,7,1,0
BRDA:35,7,2,0
BRDA:44,8,0,0
BRDA:44,8,1,0
end_of_record
SF:/Users/josiahsavary/livepeerjs/packages/explorer/src/views/ClaimEarningsModals/enhance.js
DA:1,0
DA:2,0
DA:3,0
DA:4,0
DA:9,0
DA:11,0
DA:34,0
DA:36,0
DA:37,0
DA:45,0
DA:53,0
DA:54,0
DA:55,0
DA:57,0
DA:59,0
DA:62,0
DA:63,0
DA:68,0
DA:71,0
DA:72,0
DA:73,0
DA:78,0
BRDA:9,0,0,0
BRDA:9,0,1,0
BRDA:9,1,0,0
BRDA:9,1,1,0
BRDA:9,2,0,0
BRDA:9,2,1,0
BRDA:9,3,0,0
BRDA:9,3,1,0
BRDA:57,4,0,0
BRDA:57,4,1,0
end_of_record
SF:/Users/josiahsavary/livepeerjs/packages/explorer/src/views/ClaimEarningsModals/index.js
DA:1,0
DA:2,0
DA:3,0
DA:8,0
DA:9,0
DA:22,0
DA:30,0
DA:31,0
DA:32,0
DA:33,0
DA:34,0
DA:36,0
DA:71,0
BRDA:9,0,0,0
BRDA:9,0,1,0
BRDA:9,1,0,0
BRDA:9,1,1,0
BRDA:9,2,0,0
BRDA:9,2,1,0
BRDA:9,3,0,0
BRDA:9,3,1,0
BRDA:9,4,0,0
BRDA:9,4,1,0
BRDA:9,5,0,0
BRDA:9,5,1,0
BRDA:42,6,0,0
BRDA:42,6,1,0
BRDA:50,7,0,0
BRDA:50,7,1,0
BRDA:50,7,2,0
BRDA:65,8,0,0
BRDA:65,8,1,0
end_of_record
SF:/Users/josiahsavary/livepeerjs/packages/explorer/src/views/Landing/index.js
DA:1,0
DA:2,0
DA:3,0
DA:5,0
DA:6,0
DA:7,0
DA:12,0
DA:13,0
DA:15,0
DA:27,0
DA:28,0
DA:32,0
DA:36,0
DA:37,0
DA:39,0
DA:41,0
DA:60,0
DA:61,0
DA:70,0
DA:71,0
DA:72,0
DA:88,0
DA:102,0
DA:113,0
DA:125,0
DA:138,0
BRDA:7,0,0,0
BRDA:7,0,1,0
BRDA:7,1,0,0
BRDA:7,1,1,0
BRDA:7,2,0,0
BRDA:7,2,1,0
BRDA:7,3,0,0
BRDA:7,3,1,0
BRDA:28,4,0,0
BRDA:28,4,1,0
BRDA:28,5,0,0
BRDA:28,5,1,0
BRDA:29,6,0,0
BRDA:29,6,1,0
BRDA:60,7,0,0
BRDA:60,7,1,0
BRDA:60,8,0,0
BRDA:60,8,1,0
BRDA:71,9,0,0
BRDA:71,9,1,0
end_of_record
SF:/Users/josiahsavary/livepeerjs/packages/explorer/src/views/ToastNotifications/index.js
DA:1,0
DA:2,0
DA:3,0
DA:4,0
DA:6,0
DA:9,0
DA:17,0
DA:18,0
DA:21,0
DA:27,0
DA:34,0
DA:40,0
DA:41,0
DA:57,0
DA:59,0
DA:61,0
DA:63,0
DA:65,0
DA:67,0
DA:89,0
BRDA:6,0,0,0
BRDA:6,0,1,0
BRDA:6,1,0,0
BRDA:6,1,1,0
BRDA:6,2,0,0
BRDA:6,2,1,0
BRDA:6,3,0,0
BRDA:6,3,1,0
BRDA:6,4,0,0
BRDA:6,4,1,0
BRDA:6,5,0,0
BRDA:6,5,1,0
BRDA:6,6,0,0
BRDA:6,6,1,0
BRDA:6,7,0,0
BRDA:6,7,1,0
BRDA:57,8,0,0
BRDA:57,8,1,0
BRDA:57,8,2,0
BRDA:57,8,3,0
BRDA:57,8,4,0
end_of_record
SF:/Users/josiahsavary/livepeerjs/packages/explorer/src/views/Transcoders/enhance.js
DA:1,0
DA:2,0
DA:3,0
DA:4,0
DA:9,0
DA:11,0
DA:40,0
DA:42,0
DA:43,0
DA:51,0
DA:57,0
DA:79,0
DA:81,0
DA:82,0
DA:90,0
DA:99,0
DA:100,0
DA:101,0
DA:102,0
DA:104,0
DA:105,0
DA:107,0
DA:108,0
DA:109,0
DA:116,0
DA:117,0
DA:124,0
DA:125,0
DA:130,0
DA:131,0
DA:138,0
DA:146,0
DA:147,0
DA:148,0
DA:155,0
DA:156,0
DA:163,0
DA:164,0
DA:171,0
DA:177,0
BRDA:9,0,0,0
BRDA:9,0,1,0
BRDA:9,1,0,0
BRDA:9,1,1,0
BRDA:9,2,0,0
BRDA:9,2,1,0
BRDA:9,3,0,0
BRDA:9,3,1,0
BRDA:86,4,0,0
BRDA:86,4,1,0
BRDA:104,5,0,0
BRDA:104,5,1,0
BRDA:108,6,0,0
BRDA:108,6,1,0
BRDA:116,7,0,0
BRDA:116,7,1,0
BRDA:147,8,0,0
BRDA:147,8,1,0
BRDA:155,9,0,0
BRDA:155,9,1,0
BRDA:163,10,0,0
BRDA:163,10,1,0
end_of_record
SF:/Users/josiahsavary/livepeerjs/packages/explorer/src/views/Transcoders/index.js
DA:1,0
DA:2,0
DA:3,0
DA:4,0
DA:5,0
DA:6,0
DA:16,0
DA:32,0
DA:44,0
DA:46,0
DA:47,0
DA:48,0
DA:49,0
DA:50,0
DA:51,0
DA:52,0
DA:53,0
DA:56,0
DA:95,0
DA:96,0
DA:97,0
DA:98,0
DA:99,0
DA:121,0
DA:122,0
DA:123,0
DA:124,0
DA:125,0
DA:136,0
DA:137,0
DA:138,0
DA:139,0
DA:140,0
DA:141,0
DA:142,0
DA:143,0
DA:158,0
DA:162,0
DA:163,0
DA:164,0
DA:165,0
DA:166,0
BRDA:16,0,0,0
BRDA:16,0,1,0
BRDA:16,1,0,0
BRDA:16,1,1,0
BRDA:16,2,0,0
BRDA:16,2,1,0
BRDA:16,3,0,0
BRDA:16,3,1,0
BRDA:16,4,0,0
BRDA:16,4,1,0
BRDA:16,5,0,0
BRDA:16,5,1,0
BRDA:46,6,0,0
BRDA:46,6,1,0
BRDA:46,6,2,0
BRDA:48,7,0,0
BRDA:48,7,1,0
BRDA:49,8,0,0
BRDA:49,8,1,0
BRDA:63,9,0,0
BRDA:63,9,1,0
BRDA:65,10,0,0
BRDA:65,10,1,0
BRDA:66,11,0,0
BRDA:66,11,1,0
BRDA:69,12,0,0
BRDA:69,12,1,0
BRDA:138,13,0,0
BRDA:138,13,1,0
BRDA:139,14,0,0
BRDA:139,14,1,0
BRDA:139,14,2,0
BRDA:140,15,0,0
BRDA:140,15,1,0
BRDA:140,15,2,0
BRDA:141,16,0,0
BRDA:141,16,1,0
BRDA:141,16,2,0
BRDA:142,17,0,0
BRDA:142,17,1,0
BRDA:142,17,2,0
BRDA:164,18,0,0
BRDA:164,18,1,0
end_of_record
SF:/Users/josiahsavary/livepeerjs/packages/explorer/src/views/UnbondModals/enhance.js
DA:1,0
DA:2,0
DA:3,0
DA:4,0
DA:9,0
DA:11,0
DA:30,0
DA:32,0
DA:33,0
DA:41,0
DA:47,0
DA:48,0
DA:49,0
DA:51,0
DA:53,0
DA:56,0
DA:62,0
DA:70,0
BRDA:9,0,0,0
BRDA:9,0,1,0
BRDA:9,1,0,0
BRDA:9,1,1,0
BRDA:9,2,0,0
BRDA:9,2,1,0
BRDA:9,3,0,0
BRDA:9,3,1,0
BRDA:51,4,0,0
BRDA:51,4,1,0
end_of_record
SF:/Users/josiahsavary/livepeerjs/packages/explorer/src/views/UnbondModals/index.js
DA:1,0
DA:2,0
DA:3,0
DA:8,0
DA:9,0
DA:18,0
DA:24,0
DA:44,0
BRDA:9,0,0,0
BRDA:9,0,1,0
BRDA:9,1,0,0
BRDA:9,1,1,0
BRDA:9,2,0,0
BRDA:9,2,1,0
BRDA:9,3,0,0
BRDA:9,3,1,0
BRDA:9,4,0,0
BRDA:9,4,1,0
BRDA:9,5,0,0
BRDA:9,5,1,0
BRDA:29,6,0,0
BRDA:29,6,1,0
BRDA:34,7,0,0
BRDA:34,7,1,0
BRDA:34,7,2,0
BRDA:43,8,0,0
BRDA:43,8,1,0
end_of_record
SF:/Users/josiahsavary/livepeerjs/packages/explorer/src/views/WithdrawFeesModals/enhance.js
DA:1,0
DA:2,0
DA:3,0
DA:4,0
DA:9,0
DA:11,0
DA:30,0
DA:32,0
DA:33,0
DA:41,0
DA:47,0
DA:48,0
DA:49,0
DA:51,0
DA:53,0
DA:56,0
DA:62,0
DA:70,0
BRDA:9,0,0,0
BRDA:9,0,1,0
BRDA:9,1,0,0
BRDA:9,1,1,0
BRDA:9,2,0,0
BRDA:9,2,1,0
BRDA:9,3,0,0
BRDA:9,3,1,0
BRDA:51,4,0,0
BRDA:51,4,1,0
end_of_record
SF:/Users/josiahsavary/livepeerjs/packages/explorer/src/views/WithdrawFeesModals/index.js
DA:1,0
DA:2,0
DA:3,0
DA:8,0
DA:9,0
DA:20,0
DA:21,0
DA:45,0
BRDA:9,0,0,0
BRDA:9,0,1,0
BRDA:9,1,0,0
BRDA:9,1,1,0
BRDA:9,2,0,0
BRDA:9,2,1,0
BRDA:9,3,0,0
BRDA:9,3,1,0
BRDA:9,4,0,0
BRDA:9,4,1,0
BRDA:9,5,0,0
BRDA:9,5,1,0
BRDA:26,6,0,0
BRDA:26,6,1,0
BRDA:32,7,0,0
BRDA:32,7,1,0
BRDA:32,7,2,0
BRDA:44,8,0,0
BRDA:44,8,1,0
end_of_record
SF:/Users/josiahsavary/livepeerjs/packages/explorer/src/views/WithdrawStakeModals/enhance.js
DA:1,0
DA:2,0
DA:3,0
DA:4,0
DA:9,0
DA:11,0
DA:30,0
DA:32,0
DA:33,0
DA:41,0
DA:47,0
DA:48,0
DA:49,0
DA:51,0
DA:53,0
DA:56,0
DA:62,0
DA:70,0
BRDA:9,0,0,0
BRDA:9,0,1,0
BRDA:9,1,0,0
BRDA:9,1,1,0
BRDA:9,2,0,0
BRDA:9,2,1,0
BRDA:9,3,0,0
BRDA:9,3,1,0
BRDA:51,4,0,0
BRDA:51,4,1,0
end_of_record
SF:/Users/josiahsavary/livepeerjs/packages/explorer/src/views/WithdrawStakeModals/index.js
DA:1,0
DA:2,0
DA:3,0
DA:8,0
DA:9,0
DA:20,0
DA:21,0
DA:45,0
BRDA:9,0,0,0
BRDA:9,0,1,0
BRDA:9,1,0,0
BRDA:9,1,1,0
BRDA:9,2,0,0
BRDA:9,2,1,0
BRDA:9,3,0,0
BRDA:9,3,1,0
BRDA:9,4,0,0
BRDA:9,4,1,0
BRDA:9,5,0,0
BRDA:9,5,1,0
BRDA:26,6,0,0
BRDA:26,6,1,0
BRDA:32,7,0,0
BRDA:32,7,1,0
BRDA:32,7,2,0
BRDA:44,8,0,0
BRDA:44,8,1,0
end_of_record
SF:/Users/josiahsavary/livepeerjs/packages/graphql-sdk/src/mock-sdk.js
DA:1,1
DA:15,1
DA:25,2
DA:26,2
DA:27,2
DA:28,7
DA:29,2
DA:30,2
DA:31,2
DA:33,0
DA:35,2
DA:36,2
DA:45,1
DA:50,1
DA:55,1
DA:68,1
DA:93,1
DA:127,1
DA:137,1
BRDA:25,0,0,0
BRDA:25,0,1,0
BRDA:25,0,2,0
BRDA:26,1,0,0
BRDA:26,1,1,0
BRDA:26,1,2,0
BRDA:27,2,0,0
BRDA:27,2,1,0
BRDA:27,2,2,0
BRDA:28,3,0,1
BRDA:28,3,1,0
BRDA:28,3,2,1
BRDA:29,4,0,0
BRDA:29,4,1,0
BRDA:29,4,2,0
BRDA:30,5,0,0
BRDA:30,5,1,0
BRDA:30,5,2,0
BRDA:31,6,0,0
BRDA:31,6,1,0
BRDA:31,7,0,0
BRDA:31,7,1,0
BRDA:31,8,0,0
BRDA:31,8,1,0
BRDA:31,8,2,0
BRDA:33,9,0,0
BRDA:33,9,1,0
BRDA:35,10,0,0
BRDA:35,10,1,0
BRDA:35,10,2,0
BRDA:36,11,0,0
BRDA:36,11,1,0
BRDA:36,11,2,0
end_of_record
SF:/Users/josiahsavary/livepeerjs/packages/graphql-sdk/src/queries.js
DA:1,1
DA:2,1
DA:3,1
DA:4,1
DA:5,1
DA:6,1
DA:8,1
DA:20,1
DA:33,1
DA:42,1
DA:51,1
DA:60,1
DA:69,1
DA:81,1
DA:90,1
end_of_record
SF:/Users/josiahsavary/livepeerjs/packages/graphql-sdk/src/schema.js
DA:1,1
DA:2,1
DA:3,1
DA:5,1
end_of_record
SF:/Users/josiahsavary/livepeerjs/packages/graphql-sdk/src/utils.js
DA:6,72
DA:7,18
DA:11,36
end_of_record
SF:/Users/josiahsavary/livepeerjs/packages/graphql-sdk/src/resolvers/Account.js
DA:1,2
DA:27,1
DA:36,11
DA:37,1
DA:47,11
DA:48,1
DA:65,1
DA:81,1
DA:97,1
BRDA:36,0,0,1
BRDA:36,0,1,1
BRDA:36,0,2,0
BRDA:36,0,3,1
BRDA:47,1,0,1
BRDA:47,1,1,1
BRDA:47,1,2,0
BRDA:47,1,3,1
end_of_record
SF:/Users/josiahsavary/livepeerjs/packages/graphql-sdk/src/resolvers/Broadcaster.js
DA:1,2
DA:28,1
DA:38,1
DA:48,1
DA:66,0
DA:67,0
DA:71,0
end_of_record
SF:/Users/josiahsavary/livepeerjs/packages/graphql-sdk/src/resolvers/Delegator.js
DA:21,1
DA:31,1
DA:41,1
DA:51,1
DA:61,1
DA:71,1
DA:81,1
DA:91,1
DA:101,1
end_of_record
SF:/Users/josiahsavary/livepeerjs/packages/graphql-sdk/src/resolvers/Job.js
DA:21,1
DA:31,1
DA:41,1
DA:51,1
end_of_record
SF:/Users/josiahsavary/livepeerjs/packages/graphql-sdk/src/resolvers/JobProfile.js
DA:23,1
DA:33,1
DA:43,1
DA:53,1
DA:63,1
end_of_record
SF:/Users/josiahsavary/livepeerjs/packages/graphql-sdk/src/resolvers/Mutation.js
DA:19,0
DA:24,0
DA:41,0
DA:46,0
DA:56,0
DA:61,0
DA:70,0
BRDA:19,0,0,0
BRDA:19,0,1,0
BRDA:19,0,2,0
BRDA:19,0,3,0
BRDA:19,0,4,0
BRDA:19,0,5,0
BRDA:19,1,0,0
BRDA:19,1,1,0
BRDA:41,2,0,0
BRDA:41,2,1,0
BRDA:41,2,2,0
BRDA:41,2,3,0
BRDA:56,3,0,0
BRDA:56,3,1,0
BRDA:56,3,2,0
BRDA:56,3,3,0
BRDA:70,4,0,0
BRDA:70,4,1,0
BRDA:70,4,2,0
BRDA:70,4,3,0
end_of_record
SF:/Users/josiahsavary/livepeerjs/packages/graphql-sdk/src/resolvers/Query.js
DA:1,4
DA:50,7
DA:63,24
DA:68,2
DA:69,2
DA:70,2
DA:82,24
DA:87,2
DA:88,2
DA:89,2
DA:101,11
DA:106,1
DA:107,1
DA:108,1
DA:122,60
DA:128,5
DA:132,5
DA:144,11
DA:146,1
DA:158,22
DA:163,2
DA:175,24
DA:180,2
DA:181,2
DA:182,2
DA:200,0
DA:206,0
DA:207,0
DA:209,0
BRDA:50,0,0,1
BRDA:50,0,1,0
BRDA:50,0,2,1
BRDA:63,1,0,2
BRDA:63,1,1,2
BRDA:63,1,2,0
BRDA:63,1,3,2
BRDA:82,2,0,2
BRDA:82,2,1,2
BRDA:82,2,2,0
BRDA:82,2,3,2
BRDA:101,3,0,1
BRDA:101,3,1,1
BRDA:101,3,2,0
BRDA:101,3,3,1
BRDA:122,4,0,5
BRDA:122,4,1,5
BRDA:122,4,2,0
BRDA:122,4,3,5
BRDA:127,5,0,3
BRDA:127,5,1,2
BRDA:127,6,0,3
BRDA:127,6,1,2
BRDA:127,7,0,4
BRDA:127,7,1,1
BRDA:144,8,0,1
BRDA:144,8,1,1
BRDA:144,8,2,0
BRDA:144,8,3,1
BRDA:144,9,0,1
BRDA:144,9,1,0
BRDA:158,10,0,2
BRDA:158,10,1,2
BRDA:158,10,2,0
BRDA:158,10,3,2
BRDA:175,11,0,2
BRDA:175,11,1,2
BRDA:175,11,2,0
BRDA:175,11,3,2
BRDA:200,12,0,0
BRDA:200,12,1,0
BRDA:200,12,2,0
BRDA:200,12,3,0
BRDA:205,13,0,0
BRDA:205,13,1,0
BRDA:205,14,0,0
BRDA:205,14,1,0
end_of_record
SF:/Users/josiahsavary/livepeerjs/packages/graphql-sdk/src/resolvers/Round.js
DA:19,1
DA:29,1
DA:39,1
DA:49,1
DA:59,1
end_of_record
SF:/Users/josiahsavary/livepeerjs/packages/graphql-sdk/src/resolvers/Transcoder.js
DA:21,1
DA:31,1
DA:41,1
DA:51,1
DA:61,1
DA:71,1
DA:81,1
DA:91,1
DA:101,1
DA:111,1
DA:121,1
end_of_record
SF:/Users/josiahsavary/livepeerjs/packages/graphql-sdk/src/resolvers/index.js
DA:1,1
DA:2,1
DA:3,1
DA:4,1
DA:5,1
DA:6,1
DA:7,1
DA:8,1
end_of_record
SF:/Users/josiahsavary/livepeerjs/packages/graphql-sdk/src/types/Account.js
DA:1,1
DA:2,1
DA:3,1
DA:5,1
DA:30,1
end_of_record
SF:/Users/josiahsavary/livepeerjs/packages/graphql-sdk/src/types/Broadcaster.js
DA:1,1
DA:3,1
DA:22,1
end_of_record
SF:/Users/josiahsavary/livepeerjs/packages/graphql-sdk/src/types/Delegator.js
DA:1,1
DA:3,1
DA:37,1
end_of_record
SF:/Users/josiahsavary/livepeerjs/packages/graphql-sdk/src/types/DelegatorStatus.js
DA:1,1
DA:11,1
end_of_record
SF:/Users/josiahsavary/livepeerjs/packages/graphql-sdk/src/types/Job.js
DA:1,1
DA:3,1
DA:23,1
end_of_record
SF:/Users/josiahsavary/livepeerjs/packages/graphql-sdk/src/types/JobProfile.js
DA:1,1
DA:23,1
end_of_record
SF:/Users/josiahsavary/livepeerjs/packages/graphql-sdk/src/types/Mutation.js
DA:1,1
DA:20,1
end_of_record
SF:/Users/josiahsavary/livepeerjs/packages/graphql-sdk/src/types/Query.js
DA:1,1
DA:2,1
DA:3,1
DA:4,1
DA:5,1
DA:6,1
DA:8,1
DA:42,1
end_of_record
SF:/Users/josiahsavary/livepeerjs/packages/graphql-sdk/src/types/Round.js
DA:1,1
DA:23,1
end_of_record
SF:/Users/josiahsavary/livepeerjs/packages/graphql-sdk/src/types/Transcoder.js
DA:1,1
DA:3,1
DA:46,1
end_of_record
SF:/Users/josiahsavary/livepeerjs/packages/graphql-sdk/src/types/TranscoderStatus.js
DA:1,1
DA:10,1
end_of_record
SF:/Users/josiahsavary/livepeerjs/packages/graphql-sdk/src/types/index.js
DA:1,1
DA:2,1
end_of_record
SF:/Users/josiahsavary/livepeerjs/packages/sdk/src/index.js
DA:3,1
DA:6,1
DA:8,1
DA:10,1
DA:12,1
DA:14,1
DA:16,1
DA:18,1
DA:20,1
DA:22,1
DA:24,1
DA:26,1
DA:28,1
DA:30,1
DA:32,1
DA:34,1
DA:36,1
DA:38,1
DA:40,1
DA:42,1
DA:44,1
DA:46,1
DA:48,1
DA:50,1
DA:52,1
DA:54,1
DA:56,1
DA:58,1
DA:60,1
DA:62,1
DA:64,1
DA:66,1
DA:74,1
DA:75,1
DA:76,0
DA:77,0
DA:78,0
DA:80,0
DA:81,0
DA:82,0
DA:84,0
DA:85,0
DA:86,0
DA:89,0
DA:90,0
DA:91,0
DA:94,0
DA:95,0
DA:99,0
DA:105,1
DA:106,0
DA:124,1
DA:125,1
DA:126,3
DA:127,3
DA:128,3
DA:129,3
DA:131,3
DA:132,9
DA:133,12
DA:135,3
DA:136,3
DA:139,0
DA:143,0
DA:146,0
DA:147,0
DA:150,0
DA:152,0
DA:157,3
DA:159,3
DA:160,3
DA:161,3
DA:164,0
DA:165,0
DA:166,0
DA:169,3
DA:170,3
DA:173,3
DA:176,3
DA:177,3
DA:181,3
DA:193,3
DA:199,1
DA:200,3
DA:212,1
DA:213,1
DA:214,3
DA:218,3
DA:219,48
DA:220,72
DA:223,3
DA:226,3
DA:227,3
DA:235,3
DA:236,3
DA:237,3
DA:238,3
DA:239,3
DA:247,3
DA:248,3
DA:254,3
DA:255,3
DA:256,3
DA:257,3
DA:258,3
DA:259,3
DA:262,18
DA:263,3
DA:264,3
DA:267,15
DA:270,15
DA:271,15
DA:272,15
DA:275,15
DA:276,15
DA:277,15
DA:283,15
DA:286,15
DA:287,15
DA:288,15
DA:291,3
DA:292,3
DA:295,0
DA:296,0
DA:297,0
DA:298,0
DA:301,3
DA:302,3
DA:304,3
DA:305,0
DA:309,3
DA:311,3
DA:312,3
DA:313,3
DA:316,0
DA:319,3
DA:322,3
DA:326,3
DA:328,3
DA:329,18
DA:330,18
DA:331,18
DA:333,18
DA:335,18
DA:339,3
DA:340,18
DA:341,18
DA:342,18
DA:344,18
DA:345,504
DA:347,108
DA:355,18
DA:356,108
DA:357,108
DA:358,108
DA:359,108
DA:362,108
DA:363,108
DA:364,108
DA:367,3
DA:378,3
DA:384,1
DA:385,3
DA:414,1
DA:416,1
DA:418,1
DA:420,1
DA:422,1
DA:424,1
DA:426,1
DA:428,1
DA:430,1
DA:432,1
DA:434,1
DA:436,1
DA:438,1
DA:440,1
DA:442,1
DA:444,1
DA:446,1
DA:448,1
DA:450,1
DA:452,23
DA:455,1
DA:456,1
DA:457,1
DA:458,1
DA:524,1
DA:525,1
DA:526,1
DA:527,1
DA:528,1
DA:529,1
DA:531,1
DA:532,1
DA:533,1
DA:534,1
DA:535,1
DA:539,1
DA:555,1
DA:564,1
DA:565,0
DA:566,0
DA:567,0
DA:569,0
DA:570,0
DA:571,0
DA:572,0
DA:574,0
DA:575,0
DA:576,0
DA:578,0
DA:579,0
DA:580,0
DA:583,0
DA:585,0
DA:586,0
DA:587,0
DA:590,0
DA:591,0
DA:592,0
DA:595,0
DA:597,0
DA:598,0
DA:601,0
DA:602,0
DA:603,0
DA:604,0
DA:605,0
DA:606,0
DA:609,0
DA:610,0
DA:614,0
DA:615,0
DA:616,0
DA:619,0
DA:622,0
DA:623,0
DA:624,0
DA:627,0
DA:628,0
DA:630,0
DA:634,0
DA:641,0
DA:644,0
DA:649,0
DA:653,0
DA:660,0
DA:663,1
DA:672,1228
DA:673,1228
DA:674,11052
DA:676,1228
DA:677,1228
DA:678,2488
DA:679,2488
DA:680,2488
DA:682,1228
DA:683,2488
DA:684,14697
DA:685,14697
DA:696,2
DA:698,2
DA:708,0
DA:718,1
DA:719,6
DA:720,6
DA:721,6
DA:723,6
DA:724,1
DA:725,0
DA:726,0
DA:738,1
DA:739,1228
DA:740,1228
DA:742,1228
DA:749,1
DA:751,1
DA:752,0
DA:754,1
DA:755,4
DA:756,8
DA:759,4
DA:760,4
DA:761,1250
DA:765,1
DA:766,3
DA:767,22
DA:770,1
DA:771,2
DA:773,1
DA:774,1264
DA:776,1
DA:777,0
DA:779,1
DA:780,1
DA:781,1
DA:782,1
DA:783,0
DA:785,1
DA:786,0
DA:787,0
DA:788,0
DA:789,0
DA:790,0
DA:791,0
DA:793,18
DA:794,18
DA:795,18
DA:796,18
DA:798,18
DA:800,1
DA:801,1
DA:804,2
DA:805,6
DA:806,6
DA:808,2
DA:809,2
DA:812,2
DA:813,2
DA:814,2
DA:815,2
DA:818,2
DA:837,2
DA:851,2
DA:852,1
DA:853,3
DA:854,3
DA:856,1
DA:857,1
DA:858,1
DA:861,1
DA:862,1
DA:866,1
DA:873,1
DA:876,2
DA:891,2
DA:892,2
DA:893,6
DA:894,6
DA:896,2
DA:897,2
DA:898,2
DA:901,2
DA:902,2
DA:906,2
DA:913,2
DA:916,2
DA:932,2
DA:933,2
DA:934,6
DA:935,6
DA:937,2
DA:938,2
DA:939,2
DA:942,2
DA:943,2
DA:947,2
DA:954,2
DA:957,2
DA:973,2
DA:974,1
DA:975,4
DA:976,4
DA:978,1
DA:979,1
DA:982,1
DA:983,1
DA:984,1
DA:987,1
DA:988,1
DA:995,1
DA:1002,1
DA:1005,2
DA:1041,2
DA:1042,0
DA:1044,0
DA:1045,0
DA:1046,0
DA:1048,0
DA:1051,0
DA:1052,0
DA:1055,0
DA:1057,0
DA:1058,0
DA:1059,0
DA:1062,0
DA:1065,0
DA:1066,0
DA:1067,0
DA:1070,0
DA:1071,0
DA:1072,0
DA:1073,0
DA:1076,0
DA:1077,0
DA:1078,0
DA:1081,0
DA:1082,0
DA:1083,0
DA:1084,0
DA:1087,0
DA:1091,0
DA:1098,0
DA:1101,2
DA:1116,2
DA:1117,1
DA:1118,3
DA:1119,3
DA:1121,1
DA:1122,1
DA:1123,1
DA:1126,1
DA:1127,1
DA:1131,1
DA:1138,1
DA:1141,2
DA:1156,2
DA:1157,1
DA:1158,3
DA:1159,3
DA:1161,1
DA:1162,1
DA:1163,1
DA:1166,1
DA:1167,1
DA:1171,1
DA:1178,1
DA:1181,2
DA:1197,2
DA:1198,1
DA:1199,3
DA:1200,3
DA:1202,1
DA:1203,1
DA:1204,1
DA:1207,1
DA:1208,1
DA:1212,1
DA:1219,1
DA:1222,2
DA:1242,2
DA:1243,1
DA:1244,5
DA:1245,5
DA:1247,1
DA:1248,1
DA:1251,1
DA:1252,1
DA:1253,1
DA:1256,1
DA:1257,1
DA:1258,1
DA:1261,1
DA:1262,1
DA:1270,1
DA:1277,1
DA:1280,2
DA:1300,2
DA:1302,1
DA:1303,3
DA:1304,3
DA:1306,1
DA:1307,1
DA:1310,1
DA:1311,1
DA:1319,1
DA:1326,1
DA:1329,2
DA:1345,2
DA:1347,1
DA:1348,3
DA:1349,3
DA:1351,1
DA:1352,1
DA:1353,1
DA:1356,1
DA:1357,1
DA:1358,1
DA:1362,1
DA:1369,1
DA:1372,2
DA:1388,2
DA:1389,0
DA:1390,0
DA:1391,0
DA:1393,0
DA:1394,0
DA:1395,0
DA:1398,0
DA:1399,0
DA:1403,0
DA:1410,0
DA:1413,2
DA:1439,2
DA:1441,1
DA:1442,4
DA:1443,4
DA:1445,1
DA:1446,1
DA:1449,1
DA:1450,1
DA:1451,1
DA:1454,1
DA:1455,1
DA:1456,1
DA:1457,1
DA:1458,1
DA:1459,1
DA:1460,1
DA:1461,1
DA:1462,1
DA:1476,1
DA:1483,1
DA:1486,2
DA:1502,2
DA:1503,1
DA:1504,4
DA:1505,4
DA:1507,1
DA:1508,1
DA:1509,1
DA:1510,1
DA:1511,1
DA:1514,1
DA:1515,1
DA:1516,1
DA:1519,1
DA:1520,1
DA:1524,1
DA:1531,1
DA:1534,2
DA:1550,2
DA:1552,1
DA:1553,3
DA:1554,3
DA:1556,1
DA:1557,1
DA:1558,1
DA:1561,1
DA:1562,1
DA:1563,1
DA:1567,1
DA:1574,1
DA:1577,2
DA:1593,2
DA:1594,1
DA:1595,3
DA:1596,3
DA:1598,1
DA:1599,1
DA:1600,1
DA:1603,1
DA:1604,1
DA:1608,1
DA:1615,1
DA:1618,2
DA:1646,2
DA:1648,1
DA:1649,6
DA:1650,6
DA:1652,1
DA:1653,1
DA:1656,1
DA:1657,1
DA:1658,1
DA:1661,1
DA:1662,1
DA:1663,1
DA:1666,1
DA:1667,1
DA:1668,1
DA:1671,1
DA:1672,1
DA:1673,1
DA:1674,1
DA:1675,1
DA:1676,1
DA:1677,1
DA:1678,1
DA:1679,1
DA:1695,1
DA:1702,1
DA:1705,2
DA:1720,2
DA:1722,0
DA:1723,0
DA:1724,0
DA:1726,0
DA:1727,0
DA:1728,0
DA:1729,0
DA:1732,0
DA:1733,0
DA:1736,0
DA:1737,0
DA:1738,0
DA:1741,0
DA:1742,0
DA:1745,0
DA:1747,0
DA:1748,0
DA:1749,0
DA:1750,0
DA:1753,0
DA:1754,0
DA:1755,0
DA:1756,0
DA:1759,0
DA:1763,0
DA:1770,0
DA:1773,2
DA:1788,2
DA:1789,1
DA:1790,3
DA:1791,3
DA:1793,1
DA:1794,1
DA:1795,1
DA:1798,1
DA:1799,1
DA:1803,1
DA:1810,1
DA:1813,2
DA:1828,2
DA:1829,0
DA:1830,0
DA:1831,0
DA:1833,0
DA:1834,0
DA:1835,0
DA:1838,0
DA:1839,0
DA:1843,0
DA:1850,0
DA:1853,2
DA:1868,2
DA:1869,2
DA:1870,6
DA:1871,6
DA:1873,2
DA:1874,2
DA:1875,2
DA:1878,2
DA:1879,2
DA:1883,2
DA:1890,2
DA:1893,2
DA:1908,2
DA:1909,1
DA:1910,3
DA:1911,3
DA:1913,1
DA:1914,1
DA:1915,1
DA:1918,1
DA:1919,1
DA:1923,1
DA:1930,1
DA:1933,2
DA:1948,2
DA:1949,1
DA:1950,3
DA:1951,3
DA:1953,1
DA:1954,1
DA:1955,1
DA:1958,1
DA:1959,1
DA:1963,1
DA:1970,1
DA:1973,2
DA:1988,2
DA:1989,1
DA:1990,3
DA:1991,3
DA:1993,1
DA:1994,1
DA:1995,1
DA:1998,1
DA:1999,1
DA:2003,1
DA:2010,1
DA:2013,2
DA:2034,2
DA:2036,1
DA:2037,7
DA:2038,7
DA:2040,1
DA:2041,1
DA:2044,1
DA:2045,1
DA:2046,1
DA:2049,1
DA:2050,1
DA:2051,1
DA:2054,1
DA:2055,1
DA:2056,1
DA:2059,1
DA:2060,1
DA:2061,1
DA:2064,1
DA:2065,1
DA:2075,1
DA:2082,1
DA:2085,2
DA:2102,2
DA:2103,1
DA:2104,3
DA:2105,3
DA:2107,1
DA:2108,1
DA:2109,1
DA:2112,1
DA:2113,1
DA:2117,1
DA:2124,1
DA:2127,2
DA:2142,2
DA:2143,1
DA:2144,3
DA:2145,3
DA:2147,1
DA:2148,1
DA:2149,1
DA:2152,1
DA:2153,1
DA:2157,1
DA:2164,1
DA:2167,2
DA:2182,2
DA:2183,1
DA:2184,3
DA:2185,3
DA:2187,1
DA:2188,1
DA:2189,1
DA:2192,1
DA:2193,1
DA:2197,1
DA:2204,1
DA:2207,2
DA:2222,2
DA:2223,1
DA:2224,3
DA:2225,3
DA:2227,1
DA:2228,1
DA:2229,1
DA:2232,1
DA:2233,1
DA:2237,1
DA:2244,1
DA:2247,2
DA:2262,2
DA:2263,1
DA:2264,3
DA:2265,3
DA:2267,1
DA:2268,1
DA:2269,1
DA:2272,1
DA:2273,1
DA:2277,1
DA:2284,1
DA:2287,2
DA:2308,2
DA:2310,1
DA:2311,7
DA:2312,7
DA:2314,1
DA:2315,1
DA:2318,1
DA:2319,1
DA:2320,1
DA:2323,1
DA:2324,1
DA:2325,1
DA:2328,1
DA:2329,1
DA:2330,1
DA:2333,1
DA:2334,1
DA:2335,1
DA:2338,1
DA:2339,1
DA:2349,1
DA:2356,1
DA:2359,2
DA:2381,2
DA:2383,0
DA:2384,0
DA:2385,0
DA:2387,0
DA:2388,0
DA:2391,0
DA:2392,0
DA:2402,0
DA:2409,0
DA:2412,2
DA:2431,2
DA:2432,1
DA:2434,1
DA:2435,1
DA:2436,1
DA:2437,1
DA:2438,1
DA:2440,1
DA:2441,4
DA:2442,4
DA:2444,1
DA:2445,1
DA:2446,1
DA:2449,1
DA:2450,1
DA:2451,1
DA:2452,1
DA:2453,1
DA:2461,1
DA:2462,1
DA:2465,1
DA:2466,1228
DA:2473,1
DA:2474,1
DA:2478,1
DA:2485,1
DA:2488,2
DA:2522,2
DA:2523,0
DA:2524,0
DA:2525,0
DA:2526,0
DA:2528,0
DA:2529,0
DA:2530,0
DA:2533,0
DA:2534,0
DA:2535,0
DA:2536,0
DA:2539,0
DA:2543,0
DA:2550,0
DA:2553,2
DA:2587,2
DA:2588,0
DA:2589,0
DA:2590,0
DA:2591,0
DA:2593,0
DA:2594,0
DA:2595,0
DA:2596,0
DA:2599,0
DA:2600,0
DA:2601,0
DA:2602,0
DA:2605,0
DA:2608,0
DA:2609,0
DA:2611,0
DA:2612,0
DA:2616,0
DA:2623,0
DA:2626,2
DA:2661,2
DA:2662,0
DA:2663,0
DA:2664,0
DA:2665,0
DA:2667,0
DA:2668,0
DA:2669,0
DA:2672,0
DA:2673,0
DA:2674,0
DA:2675,0
DA:2678,0
DA:2682,0
DA:2689,0
DA:2692,2
DA:2695,2
DA:2696,0
DA:2698,0
DA:2699,0
DA:2700,0
DA:2702,0
DA:2705,0
DA:2706,0
DA:2707,0
DA:2710,0
DA:2711,0
DA:2712,0
DA:2713,0
DA:2717,0
DA:2724,0
DA:2727,2
DA:2730,2
DA:2731,0
DA:2733,0
DA:2734,0
DA:2735,0
DA:2737,0
DA:2740,0
DA:2741,0
DA:2742,0
DA:2745,0
DA:2746,0
DA:2747,0
DA:2748,0
DA:2751,0
DA:2755,0
DA:2762,0
DA:2765,2
DA:2799,2
DA:2800,0
DA:2804,0
DA:2805,0
DA:2806,0
DA:2808,0
DA:2809,0
DA:2812,0
DA:2813,0
DA:2815,0
DA:2816,0
DA:2817,0
DA:2820,0
DA:2823,0
DA:2824,0
DA:2825,0
DA:2828,0
DA:2829,0
DA:2830,0
DA:2831,0
DA:2834,0
DA:2838,0
DA:2845,0
DA:2848,2
DA:2885,2
DA:2888,0
DA:2889,0
DA:2890,0
DA:2891,0
DA:2893,0
DA:2894,0
DA:2895,0
DA:2898,0
DA:2899,0
DA:2900,0
DA:2901,0
DA:2904,0
DA:2908,0
DA:2915,0
DA:2918,2
DA:2953,2
DA:2954,0
DA:2956,0
DA:2957,0
DA:2958,0
DA:2960,0
DA:2961,0
DA:2962,0
DA:2965,0
DA:2966,0
DA:2967,0
DA:2969,0
DA:2970,0
DA:2971,0
DA:2974,0
DA:2977,0
DA:2978,0
DA:2979,0
DA:2984,0
DA:2985,0
DA:2986,0
DA:2987,0
DA:2990,0
DA:2994,0
DA:3001,0
DA:3004,2
DA:3038,2
DA:3039,0
DA:3040,0
DA:3041,0
DA:3042,0
DA:3044,0
DA:3045,0
DA:3046,0
DA:3049,0
DA:3050,0
DA:3051,0
DA:3052,0
DA:3055,0
DA:3059,0
DA:3066,0
DA:3069,2
DA:3103,2
DA:3104,0
DA:3105,0
DA:3106,0
DA:3107,0
DA:3109,0
DA:3110,0
DA:3111,0
DA:3114,0
DA:3115,0
DA:3116,0
DA:3117,0
DA:3120,0
DA:3124,0
DA:3131,0
DA:3134,2
DA:3168,2
DA:3169,0
DA:3170,0
DA:3171,0
DA:3172,0
DA:3174,0
DA:3175,0
DA:3176,0
DA:3179,0
DA:3180,0
DA:3181,0
DA:3182,0
DA:3185,0
DA:3189,0
DA:3196,0
DA:3199,2
DA:3236,2
DA:3237,0
DA:3240,0
DA:3241,0
DA:3242,0
DA:3243,0
DA:3244,0
DA:3246,0
DA:3247,0
DA:3248,0
DA:3251,0
DA:3252,0
DA:3253,0
DA:3254,0
DA:3257,0
DA:3261,0
DA:3268,0
DA:3271,2
DA:3274,2
DA:3450,2
DA:3457,2
DA:3460,1
BRDA:82,0,0,0
BRDA:82,0,1,0
BRDA:82,0,2,0
BRDA:82,0,3,0
BRDA:82,0,4,0
BRDA:133,1,0,3
BRDA:133,1,1,3
BRDA:133,1,2,3
BRDA:133,1,3,3
BRDA:133,1,4,0
BRDA:133,1,5,3
BRDA:136,2,0,0
BRDA:136,2,1,3
BRDA:136,3,0,3
BRDA:136,3,1,0
BRDA:136,4,0,0
BRDA:136,4,1,3
BRDA:136,5,0,0
BRDA:136,5,1,3
BRDA:156,6,0,3
BRDA:156,6,1,0
BRDA:159,7,0,3
BRDA:159,7,1,0
BRDA:180,8,0,0
BRDA:180,8,1,3
BRDA:180,9,0,3
BRDA:180,9,1,3
BRDA:214,10,0,0
BRDA:214,10,1,3
BRDA:214,11,0,3
BRDA:214,11,1,2
BRDA:220,12,0,3
BRDA:220,12,1,3
BRDA:220,12,2,3
BRDA:220,12,3,18
BRDA:220,12,4,15
BRDA:220,12,5,15
BRDA:220,12,6,15
BRDA:220,12,7,3
BRDA:220,12,8,0
BRDA:220,12,9,3
BRDA:220,12,10,3
BRDA:220,12,11,3
BRDA:220,12,12,3
BRDA:220,12,13,3
BRDA:220,12,14,0
BRDA:220,12,15,3
BRDA:223,13,0,3
BRDA:223,13,1,0
BRDA:223,14,0,3
BRDA:223,14,1,0
BRDA:223,15,0,3
BRDA:223,15,1,0
BRDA:223,16,0,3
BRDA:223,16,1,0
BRDA:223,17,0,3
BRDA:223,17,1,0
BRDA:223,18,0,3
BRDA:223,18,1,0
BRDA:262,19,0,3
BRDA:262,19,1,15
BRDA:304,20,0,0
BRDA:304,20,1,3
BRDA:304,21,0,3
BRDA:304,21,1,0
BRDA:311,22,0,3
BRDA:311,22,1,0
BRDA:452,23,0,14
BRDA:452,23,1,9
BRDA:452,24,0,23
BRDA:452,24,1,23
BRDA:567,25,0,0
BRDA:567,25,1,0
BRDA:567,25,2,0
BRDA:567,25,3,0
BRDA:576,26,0,0
BRDA:576,26,1,0
BRDA:576,26,2,0
BRDA:576,26,3,0
BRDA:576,26,4,0
BRDA:576,26,5,0
BRDA:576,26,6,0
BRDA:576,26,7,0
BRDA:576,26,8,0
BRDA:585,27,0,0
BRDA:585,27,1,0
BRDA:590,28,0,0
BRDA:590,28,1,0
BRDA:679,29,0,0
BRDA:679,29,1,2488
BRDA:698,30,0,1
BRDA:698,30,1,1
BRDA:723,31,0,5
BRDA:723,31,1,1
BRDA:724,32,0,1
BRDA:724,32,1,0
BRDA:725,33,0,0
BRDA:725,33,1,0
BRDA:725,34,0,0
BRDA:725,34,1,0
BRDA:752,35,0,0
BRDA:752,35,1,0
BRDA:790,36,0,0
BRDA:790,36,1,0
BRDA:790,37,0,0
BRDA:790,37,1,0
BRDA:790,38,0,0
BRDA:790,38,1,0
BRDA:806,39,0,2
BRDA:806,39,1,2
BRDA:806,39,2,0
BRDA:806,39,3,2
BRDA:854,40,0,1
BRDA:854,40,1,1
BRDA:854,40,2,0
BRDA:854,40,3,1
BRDA:894,41,0,2
BRDA:894,41,1,2
BRDA:894,41,2,0
BRDA:894,41,3,2
BRDA:935,42,0,2
BRDA:935,42,1,2
BRDA:935,42,2,0
BRDA:935,42,3,2
BRDA:976,43,0,1
BRDA:976,43,1,1
BRDA:976,43,2,1
BRDA:976,43,3,0
BRDA:976,43,4,1
BRDA:1042,44,0,0
BRDA:1042,44,1,0
BRDA:1042,45,0,0
BRDA:1042,45,1,0
BRDA:1046,46,0,0
BRDA:1046,46,1,0
BRDA:1046,46,2,0
BRDA:1046,46,3,0
BRDA:1046,46,4,0
BRDA:1046,46,5,0
BRDA:1046,46,6,0
BRDA:1046,46,7,0
BRDA:1046,46,8,0
BRDA:1057,47,0,0
BRDA:1057,47,1,0
BRDA:1119,48,0,1
BRDA:1119,48,1,1
BRDA:1119,48,2,0
BRDA:1119,48,3,1
BRDA:1159,49,0,1
BRDA:1159,49,1,1
BRDA:1159,49,2,0
BRDA:1159,49,3,1
BRDA:1200,50,0,1
BRDA:1200,50,1,1
BRDA:1200,50,2,0
BRDA:1200,50,3,1
BRDA:1245,51,0,1
BRDA:1245,51,1,1
BRDA:1245,51,2,1
BRDA:1245,51,3,1
BRDA:1245,51,4,0
BRDA:1245,51,5,1
BRDA:1304,52,0,1
BRDA:1304,52,1,1
BRDA:1304,52,2,0
BRDA:1304,52,3,1
BRDA:1349,53,0,1
BRDA:1349,53,1,1
BRDA:1349,53,2,0
BRDA:1349,53,3,1
BRDA:1391,54,0,0
BRDA:1391,54,1,0
BRDA:1391,54,2,0
BRDA:1391,54,3,0
BRDA:1443,55,0,1
BRDA:1443,55,1,1
BRDA:1443,55,2,1
BRDA:1443,55,3,0
BRDA:1443,55,4,1
BRDA:1457,56,0,1
BRDA:1457,56,1,0
BRDA:1505,57,0,1
BRDA:1505,57,1,1
BRDA:1505,57,2,1
BRDA:1505,57,3,0
BRDA:1505,57,4,1
BRDA:1554,58,0,1
BRDA:1554,58,1,1
BRDA:1554,58,2,0
BRDA:1554,58,3,1
BRDA:1596,59,0,1
BRDA:1596,59,1,1
BRDA:1596,59,2,0
BRDA:1596,59,3,1
BRDA:1650,60,0,1
BRDA:1650,60,1,1
BRDA:1650,60,2,1
BRDA:1650,60,3,1
BRDA:1650,60,4,1
BRDA:1650,60,5,0
BRDA:1650,60,6,1
BRDA:1724,61,0,0
BRDA:1724,61,1,0
BRDA:1724,61,2,0
BRDA:1724,61,3,0
BRDA:1724,61,4,0
BRDA:1724,61,5,0
BRDA:1724,61,6,0
BRDA:1724,61,7,0
BRDA:1736,62,0,0
BRDA:1736,62,1,0
BRDA:1791,63,0,1
BRDA:1791,63,1,1
BRDA:1791,63,2,0
BRDA:1791,63,3,1
BRDA:1831,64,0,0
BRDA:1831,64,1,0
BRDA:1831,64,2,0
BRDA:1831,64,3,0
BRDA:1871,65,0,2
BRDA:1871,65,1,2
BRDA:1871,65,2,0
BRDA:1871,65,3,2
BRDA:1911,66,0,1
BRDA:1911,66,1,1
BRDA:1911,66,2,0
BRDA:1911,66,3,1
BRDA:1951,67,0,1
BRDA:1951,67,1,1
BRDA:1951,67,2,0
BRDA:1951,67,3,1
BRDA:1991,68,0,1
BRDA:1991,68,1,1
BRDA:1991,68,2,0
BRDA:1991,68,3,1
BRDA:2038,69,0,1
BRDA:2038,69,1,1
BRDA:2038,69,2,1
BRDA:2038,69,3,1
BRDA:2038,69,4,1
BRDA:2038,69,5,1
BRDA:2038,69,6,0
BRDA:2038,69,7,1
BRDA:2105,70,0,1
BRDA:2105,70,1,1
BRDA:2105,70,2,0
BRDA:2105,70,3,1
BRDA:2145,71,0,1
BRDA:2145,71,1,1
BRDA:2145,71,2,0
BRDA:2145,71,3,1
BRDA:2185,72,0,1
BRDA:2185,72,1,1
BRDA:2185,72,2,0
BRDA:2185,72,3,1
BRDA:2225,73,0,1
BRDA:2225,73,1,1
BRDA:2225,73,2,0
BRDA:2225,73,3,1
BRDA:2265,74,0,1
BRDA:2265,74,1,1
BRDA:2265,74,2,0
BRDA:2265,74,3,1
BRDA:2312,75,0,1
BRDA:2312,75,1,1
BRDA:2312,75,2,1
BRDA:2312,75,3,1
BRDA:2312,75,4,1
BRDA:2312,75,5,1
BRDA:2312,75,6,0
BRDA:2312,75,7,1
BRDA:2385,76,0,0
BRDA:2385,76,1,0
BRDA:2385,76,2,0
BRDA:2385,76,3,0
BRDA:2432,77,0,0
BRDA:2432,77,1,1
BRDA:2432,78,0,1
BRDA:2432,78,1,0
BRDA:2437,79,0,1
BRDA:2437,79,1,0
BRDA:2442,80,0,1
BRDA:2442,80,1,1
BRDA:2442,80,2,1
BRDA:2442,80,3,0
BRDA:2442,80,4,1
BRDA:2450,81,0,1
BRDA:2450,81,1,1
BRDA:2451,82,0,1
BRDA:2451,82,1,1
BRDA:2523,83,0,0
BRDA:2523,83,1,0
BRDA:2523,84,0,0
BRDA:2523,84,1,0
BRDA:2526,85,0,0
BRDA:2526,85,1,0
BRDA:2526,85,2,0
BRDA:2526,85,3,0
BRDA:2526,85,4,0
BRDA:2588,86,0,0
BRDA:2588,86,1,0
BRDA:2588,87,0,0
BRDA:2588,87,1,0
BRDA:2591,88,0,0
BRDA:2591,88,1,0
BRDA:2591,88,2,0
BRDA:2591,88,3,0
BRDA:2591,88,4,0
BRDA:2591,88,5,0
BRDA:2662,89,0,0
BRDA:2662,89,1,0
BRDA:2662,90,0,0
BRDA:2662,90,1,0
BRDA:2665,91,0,0
BRDA:2665,91,1,0
BRDA:2665,91,2,0
BRDA:2665,91,3,0
BRDA:2665,91,4,0
BRDA:2696,92,0,0
BRDA:2696,92,1,0
BRDA:2696,93,0,0
BRDA:2696,93,1,0
BRDA:2700,94,0,0
BRDA:2700,94,1,0
BRDA:2700,94,2,0
BRDA:2700,94,3,0
BRDA:2731,95,0,0
BRDA:2731,95,1,0
BRDA:2731,96,0,0
BRDA:2731,96,1,0
BRDA:2735,97,0,0
BRDA:2735,97,1,0
BRDA:2735,97,2,0
BRDA:2735,97,3,0
BRDA:2735,97,4,0
BRDA:2800,98,0,0
BRDA:2800,98,1,0
BRDA:2800,99,0,0
BRDA:2800,99,1,0
BRDA:2806,100,0,0
BRDA:2806,100,1,0
BRDA:2806,100,2,0
BRDA:2806,100,3,0
BRDA:2806,100,4,0
BRDA:2806,100,5,0
BRDA:2806,100,6,0
BRDA:2815,101,0,0
BRDA:2815,101,1,0
BRDA:2888,102,0,0
BRDA:2888,102,1,0
BRDA:2888,103,0,0
BRDA:2888,103,1,0
BRDA:2891,104,0,0
BRDA:2891,104,1,0
BRDA:2891,104,2,0
BRDA:2891,104,3,0
BRDA:2891,104,4,0
BRDA:2954,105,0,0
BRDA:2954,105,1,0
BRDA:2954,106,0,0
BRDA:2954,106,1,0
BRDA:2958,107,0,0
BRDA:2958,107,1,0
BRDA:2958,107,2,0
BRDA:2958,107,3,0
BRDA:2958,107,4,0
BRDA:2958,107,5,0
BRDA:2958,107,6,0
BRDA:2969,108,0,0
BRDA:2969,108,1,0
BRDA:3039,109,0,0
BRDA:3039,109,1,0
BRDA:3039,110,0,0
BRDA:3039,110,1,0
BRDA:3042,111,0,0
BRDA:3042,111,1,0
BRDA:3042,111,2,0
BRDA:3042,111,3,0
BRDA:3042,111,4,0
BRDA:3104,112,0,0
BRDA:3104,112,1,0
BRDA:3104,113,0,0
BRDA:3104,113,1,0
BRDA:3107,114,0,0
BRDA:3107,114,1,0
BRDA:3107,114,2,0
BRDA:3107,114,3,0
BRDA:3107,114,4,0
BRDA:3169,115,0,0
BRDA:3169,115,1,0
BRDA:3169,116,0,0
BRDA:3169,116,1,0
BRDA:3172,117,0,0
BRDA:3172,117,1,0
BRDA:3172,117,2,0
BRDA:3172,117,3,0
BRDA:3172,117,4,0
BRDA:3237,118,0,0
BRDA:3237,118,1,0
BRDA:3237,119,0,0
BRDA:3237,119,1,0
BRDA:3241,120,0,0
BRDA:3241,120,1,0
BRDA:3241,121,0,0
BRDA:3241,121,1,0
BRDA:3244,122,0,0
BRDA:3244,122,1,0
BRDA:3244,122,2,0
BRDA:3244,122,3,0
BRDA:3244,122,4,0
end_of_record
