SF:/Users/josiahsavary/livepeerjs/packages/graphql-sdk/src/mock-sdk.js
DA:1,1
DA:15,1
DA:25,2
DA:26,2
DA:27,2
DA:28,7
DA:29,2
DA:30,2
DA:31,2
DA:33,0
DA:35,2
DA:36,2
DA:45,1
DA:50,1
DA:55,1
DA:68,1
DA:93,1
DA:127,1
DA:137,1
BRDA:25,0,0,0
BRDA:25,0,1,0
BRDA:25,0,2,0
BRDA:26,1,0,0
BRDA:26,1,1,0
BRDA:26,1,2,0
BRDA:27,2,0,0
BRDA:27,2,1,0
BRDA:27,2,2,0
BRDA:28,3,0,1
BRDA:28,3,1,0
BRDA:28,3,2,1
BRDA:29,4,0,0
BRDA:29,4,1,0
BRDA:29,4,2,0
BRDA:30,5,0,0
BRDA:30,5,1,0
BRDA:30,5,2,0
BRDA:31,6,0,0
BRDA:31,6,1,0
BRDA:31,7,0,0
BRDA:31,7,1,0
BRDA:31,8,0,0
BRDA:31,8,1,0
BRDA:31,8,2,0
BRDA:33,9,0,0
BRDA:33,9,1,0
BRDA:35,10,0,0
BRDA:35,10,1,0
BRDA:35,10,2,0
BRDA:36,11,0,0
BRDA:36,11,1,0
BRDA:36,11,2,0
end_of_record
SF:/Users/josiahsavary/livepeerjs/packages/graphql-sdk/src/queries.js
DA:1,1
DA:2,1
DA:3,1
DA:4,1
DA:5,1
DA:6,1
DA:8,1
DA:20,1
DA:33,1
DA:42,1
DA:51,1
DA:60,1
DA:69,1
DA:81,1
DA:90,1
end_of_record
SF:/Users/josiahsavary/livepeerjs/packages/graphql-sdk/src/schema.js
DA:1,1
DA:2,1
DA:3,1
DA:5,1
end_of_record
SF:/Users/josiahsavary/livepeerjs/packages/graphql-sdk/src/utils.js
DA:6,72
DA:7,18
DA:11,36
end_of_record
SF:/Users/josiahsavary/livepeerjs/packages/graphql-sdk/src/resolvers/Account.js
DA:1,2
DA:27,1
DA:36,11
DA:37,1
DA:47,11
DA:48,1
DA:65,1
DA:81,1
DA:97,1
BRDA:36,0,0,1
BRDA:36,0,1,1
BRDA:36,0,2,0
BRDA:36,0,3,1
BRDA:47,1,0,1
BRDA:47,1,1,1
BRDA:47,1,2,0
BRDA:47,1,3,1
end_of_record
SF:/Users/josiahsavary/livepeerjs/packages/graphql-sdk/src/resolvers/Broadcaster.js
DA:1,2
DA:28,1
DA:38,1
DA:48,1
DA:66,0
DA:67,0
DA:71,0
end_of_record
SF:/Users/josiahsavary/livepeerjs/packages/graphql-sdk/src/resolvers/Delegator.js
DA:21,1
DA:31,1
DA:41,1
DA:51,1
DA:61,1
DA:71,1
DA:81,1
DA:91,1
DA:101,1
end_of_record
SF:/Users/josiahsavary/livepeerjs/packages/graphql-sdk/src/resolvers/Job.js
DA:21,1
DA:31,1
DA:41,1
DA:51,1
end_of_record
SF:/Users/josiahsavary/livepeerjs/packages/graphql-sdk/src/resolvers/JobProfile.js
DA:23,1
DA:33,1
DA:43,1
DA:53,1
DA:63,1
end_of_record
SF:/Users/josiahsavary/livepeerjs/packages/graphql-sdk/src/resolvers/Mutation.js
DA:19,0
DA:24,0
DA:41,0
DA:46,0
DA:56,0
DA:61,0
DA:70,0
BRDA:19,0,0,0
BRDA:19,0,1,0
BRDA:19,0,2,0
BRDA:19,0,3,0
BRDA:19,0,4,0
BRDA:19,0,5,0
BRDA:19,1,0,0
BRDA:19,1,1,0
BRDA:41,2,0,0
BRDA:41,2,1,0
BRDA:41,2,2,0
BRDA:41,2,3,0
BRDA:56,3,0,0
BRDA:56,3,1,0
BRDA:56,3,2,0
BRDA:56,3,3,0
BRDA:70,4,0,0
BRDA:70,4,1,0
BRDA:70,4,2,0
BRDA:70,4,3,0
end_of_record
SF:/Users/josiahsavary/livepeerjs/packages/graphql-sdk/src/resolvers/Query.js
DA:1,4
DA:50,7
DA:63,24
DA:68,2
DA:69,2
DA:70,2
DA:82,24
DA:87,2
DA:88,2
DA:89,2
DA:101,11
DA:106,1
DA:107,1
DA:108,1
DA:122,60
DA:128,5
DA:132,5
DA:144,11
DA:146,1
DA:158,22
DA:163,2
DA:175,24
DA:180,2
DA:181,2
DA:182,2
DA:200,0
DA:206,0
DA:207,0
DA:209,0
BRDA:50,0,0,1
BRDA:50,0,1,0
BRDA:50,0,2,1
BRDA:63,1,0,2
BRDA:63,1,1,2
BRDA:63,1,2,0
BRDA:63,1,3,2
BRDA:82,2,0,2
BRDA:82,2,1,2
BRDA:82,2,2,0
BRDA:82,2,3,2
BRDA:101,3,0,1
BRDA:101,3,1,1
BRDA:101,3,2,0
BRDA:101,3,3,1
BRDA:122,4,0,5
BRDA:122,4,1,5
BRDA:122,4,2,0
BRDA:122,4,3,5
BRDA:127,5,0,3
BRDA:127,5,1,2
BRDA:127,6,0,3
BRDA:127,6,1,2
BRDA:127,7,0,4
BRDA:127,7,1,1
BRDA:144,8,0,1
BRDA:144,8,1,1
BRDA:144,8,2,0
BRDA:144,8,3,1
BRDA:144,9,0,1
BRDA:144,9,1,0
BRDA:158,10,0,2
BRDA:158,10,1,2
BRDA:158,10,2,0
BRDA:158,10,3,2
BRDA:175,11,0,2
BRDA:175,11,1,2
BRDA:175,11,2,0
BRDA:175,11,3,2
BRDA:200,12,0,0
BRDA:200,12,1,0
BRDA:200,12,2,0
BRDA:200,12,3,0
BRDA:205,13,0,0
BRDA:205,13,1,0
BRDA:205,14,0,0
BRDA:205,14,1,0
end_of_record
SF:/Users/josiahsavary/livepeerjs/packages/graphql-sdk/src/resolvers/Round.js
DA:19,1
DA:29,1
DA:39,1
DA:49,1
DA:59,1
end_of_record
SF:/Users/josiahsavary/livepeerjs/packages/graphql-sdk/src/resolvers/Transcoder.js
DA:21,1
DA:31,1
DA:41,1
DA:51,1
DA:61,1
DA:71,1
DA:81,1
DA:91,1
DA:101,1
DA:111,1
DA:121,1
end_of_record
SF:/Users/josiahsavary/livepeerjs/packages/graphql-sdk/src/resolvers/index.js
DA:1,1
DA:2,1
DA:3,1
DA:4,1
DA:5,1
DA:6,1
DA:7,1
DA:8,1
end_of_record
SF:/Users/josiahsavary/livepeerjs/packages/graphql-sdk/src/types/Account.js
DA:1,1
DA:2,1
DA:3,1
DA:5,1
DA:30,1
end_of_record
SF:/Users/josiahsavary/livepeerjs/packages/graphql-sdk/src/types/Broadcaster.js
DA:1,1
DA:3,1
DA:22,1
end_of_record
SF:/Users/josiahsavary/livepeerjs/packages/graphql-sdk/src/types/Delegator.js
DA:1,1
DA:3,1
DA:37,1
end_of_record
SF:/Users/josiahsavary/livepeerjs/packages/graphql-sdk/src/types/DelegatorStatus.js
DA:1,1
DA:11,1
end_of_record
SF:/Users/josiahsavary/livepeerjs/packages/graphql-sdk/src/types/Job.js
DA:1,1
DA:3,1
DA:23,1
end_of_record
SF:/Users/josiahsavary/livepeerjs/packages/graphql-sdk/src/types/JobProfile.js
DA:1,1
DA:23,1
end_of_record
SF:/Users/josiahsavary/livepeerjs/packages/graphql-sdk/src/types/Mutation.js
DA:1,1
DA:20,1
end_of_record
SF:/Users/josiahsavary/livepeerjs/packages/graphql-sdk/src/types/Query.js
DA:1,1
DA:2,1
DA:3,1
DA:4,1
DA:5,1
DA:6,1
DA:8,1
DA:42,1
end_of_record
SF:/Users/josiahsavary/livepeerjs/packages/graphql-sdk/src/types/Round.js
DA:1,1
DA:23,1
end_of_record
SF:/Users/josiahsavary/livepeerjs/packages/graphql-sdk/src/types/Transcoder.js
DA:1,1
DA:3,1
DA:46,1
end_of_record
SF:/Users/josiahsavary/livepeerjs/packages/graphql-sdk/src/types/TranscoderStatus.js
DA:1,1
DA:10,1
end_of_record
SF:/Users/josiahsavary/livepeerjs/packages/graphql-sdk/src/types/index.js
DA:1,1
DA:2,1
end_of_record
SF:/Users/josiahsavary/livepeerjs/packages/sdk/src/index.js
DA:1,1
DA:2,1
DA:3,1
DA:4,1
DA:5,1
DA:6,1
DA:7,1
DA:8,1
DA:9,1
DA:10,1
DA:13,1
DA:14,1
DA:15,1
DA:16,1
DA:82,1
DA:83,1
DA:84,1
DA:85,1
DA:86,1
DA:88,1
DA:89,1
DA:90,1
DA:91,1
DA:95,1
DA:112,1
DA:120,2
DA:122,0
DA:124,0
DA:145,0
DA:147,0
DA:159,1228
DA:160,11052
DA:161,1228
DA:162,1228
DA:163,2488
DA:164,2488
DA:165,2488
DA:167,14697
DA:176,2
DA:179,2
DA:193,0
DA:202,1
DA:203,18
DA:204,6
DA:205,1
DA:206,0
DA:207,0
DA:208,0
DA:221,2456
DA:222,1228
DA:230,1
DA:231,1250
DA:232,22
DA:233,2
DA:234,1264
DA:235,1
DA:236,1
DA:237,1
DA:238,1
DA:239,1
DA:240,0
DA:242,1
DA:243,0
DA:244,0
DA:245,0
DA:246,0
DA:247,0
DA:248,0
DA:249,0
DA:250,0
DA:259,0
DA:263,0
DA:264,0
DA:265,0
DA:279,72
DA:280,18
DA:288,48
DA:297,3
DA:298,3
DA:304,0
DA:306,0
DA:311,3
DA:312,3
DA:315,3
DA:338,324
DA:351,3
DA:357,3
DA:365,3
DA:370,15
DA:372,15
DA:373,15
DA:375,15
DA:382,3
DA:384,3
DA:385,72
DA:386,18
DA:388,3
DA:389,54
DA:390,504
DA:398,18
DA:399,432
DA:401,108
DA:402,108
DA:403,108
DA:440,26
DA:443,2
DA:453,2
DA:471,677
DA:571,0
DA:573,0
DA:675,1
DA:695,1
DA:736,1
DA:738,1
DA:739,1
DA:740,1
DA:741,1
DA:743,1
DA:744,1
DA:745,1
DA:746,1
DA:792,1
DA:835,1
DA:836,1
DA:837,1
DA:838,1
DA:839,1
DA:840,1
DA:841,1
DA:842,1
DA:843,1
DA:844,1
DA:845,1
DA:872,0
DA:873,0
DA:875,0
DA:876,0
DA:877,0
DA:983,1
DA:984,1
DA:985,1
DA:986,1
DA:987,1
DA:1086,1
DA:1087,1
DA:1088,1
DA:1089,1
DA:1090,1
DA:1118,0
DA:1148,1
DA:1149,1
DA:1150,1
DA:1151,1
DA:1152,1
DA:1153,1
DA:1161,1
DA:1165,1228
DA:1261,0
DA:1310,0
DA:1323,0
DA:1361,0
DA:1455,0
DA:1456,0
BRDA:259,0,0,0
BRDA:259,0,1,0
BRDA:259,0,2,0
BRDA:259,0,3,0
BRDA:259,0,4,0
BRDA:288,1,0,3
BRDA:288,1,1,3
BRDA:288,1,2,3
BRDA:288,1,3,3
BRDA:288,1,4,0
BRDA:288,1,5,3
BRDA:300,2,0,0
BRDA:300,2,1,3
BRDA:299,3,0,3
BRDA:299,3,1,0
BRDA:299,4,0,0
BRDA:299,4,1,3
BRDA:303,5,0,0
BRDA:303,5,1,3
BRDA:310,6,0,3
BRDA:310,6,1,0
BRDA:288,7,0,3
BRDA:288,7,1,0
BRDA:319,8,0,0
BRDA:319,8,1,3
BRDA:320,9,0,3
BRDA:320,9,1,3
BRDA:338,10,0,0
BRDA:338,10,1,3
BRDA:338,11,0,3
BRDA:338,11,1,2
BRDA:338,12,0,3
BRDA:338,12,1,3
BRDA:338,12,2,3
BRDA:338,12,3,18
BRDA:338,12,4,15
BRDA:338,12,5,15
BRDA:338,12,6,15
BRDA:338,12,7,3
BRDA:338,12,8,0
BRDA:338,12,9,3
BRDA:338,12,10,3
BRDA:338,12,11,3
BRDA:338,12,12,3
BRDA:338,12,13,3
BRDA:338,12,14,0
BRDA:338,12,15,3
BRDA:343,13,0,3
BRDA:343,13,1,0
BRDA:344,14,0,3
BRDA:344,14,1,0
BRDA:345,15,0,3
BRDA:345,15,1,0
BRDA:346,16,0,3
BRDA:346,16,1,0
BRDA:347,17,0,3
BRDA:347,17,1,0
BRDA:348,18,0,3
BRDA:348,18,1,0
BRDA:338,19,0,9
BRDA:338,19,1,18
BRDA:120,20,0,0
BRDA:120,20,1,0
BRDA:120,20,2,0
BRDA:120,20,3,0
BRDA:122,21,0,0
BRDA:122,21,1,0
BRDA:122,21,2,0
BRDA:122,21,3,0
BRDA:122,21,4,0
BRDA:122,21,5,0
BRDA:122,21,6,0
BRDA:122,21,7,0
BRDA:122,21,8,0
BRDA:122,22,0,0
BRDA:122,22,1,0
BRDA:164,23,0,0
BRDA:164,23,1,2488
BRDA:181,24,0,1
BRDA:181,24,1,1
BRDA:204,25,0,5
BRDA:204,25,1,1
BRDA:205,26,0,1
BRDA:205,26,1,0
BRDA:206,27,0,0
BRDA:206,27,1,0
BRDA:206,28,0,0
BRDA:206,28,1,0
BRDA:230,29,0,0
BRDA:230,29,1,0
BRDA:247,30,0,0
BRDA:247,30,1,0
BRDA:248,31,0,0
BRDA:248,31,1,0
BRDA:249,32,0,0
BRDA:249,32,1,0
BRDA:440,33,0,2
BRDA:440,33,1,2
BRDA:440,33,2,0
BRDA:440,33,3,2
BRDA:471,34,0,23
BRDA:471,34,1,23
BRDA:471,34,2,0
BRDA:471,34,3,23
BRDA:471,35,0,4
BRDA:471,35,1,4
BRDA:471,35,2,4
BRDA:471,35,3,0
BRDA:471,35,4,4
BRDA:471,36,0,0
BRDA:471,36,1,0
BRDA:471,37,0,0
BRDA:471,37,1,0
BRDA:471,38,0,0
BRDA:471,38,1,0
BRDA:471,38,2,0
BRDA:471,38,3,0
BRDA:471,38,4,0
BRDA:471,38,5,0
BRDA:471,38,6,0
BRDA:471,38,7,0
BRDA:471,38,8,0
BRDA:471,39,0,0
BRDA:471,39,1,0
BRDA:471,40,0,1
BRDA:471,40,1,1
BRDA:471,40,2,1
BRDA:471,40,3,1
BRDA:471,40,4,0
BRDA:471,40,5,1
BRDA:742,41,0,1
BRDA:742,41,1,0
BRDA:471,42,0,1
BRDA:471,42,1,1
BRDA:471,42,2,1
BRDA:471,42,3,1
BRDA:471,42,4,1
BRDA:471,42,5,0
BRDA:471,42,6,1
BRDA:471,43,0,2
BRDA:471,43,1,2
BRDA:471,43,2,2
BRDA:471,43,3,2
BRDA:471,43,4,2
BRDA:471,43,5,2
BRDA:471,43,6,0
BRDA:471,43,7,2
BRDA:471,44,0,0
BRDA:471,44,1,1
BRDA:471,45,0,1
BRDA:471,45,1,0
BRDA:1145,46,0,1
BRDA:1145,46,1,0
BRDA:1150,47,0,1
BRDA:1150,47,1,1
BRDA:1151,48,0,1
BRDA:1151,48,1,1
BRDA:471,49,0,0
BRDA:471,49,1,0
BRDA:471,50,0,0
BRDA:471,50,1,0
BRDA:471,51,0,0
BRDA:471,51,1,0
BRDA:471,52,0,0
BRDA:471,52,1,0
BRDA:471,53,0,0
BRDA:471,53,1,0
BRDA:471,54,0,0
BRDA:471,54,1,0
BRDA:471,55,0,0
BRDA:471,55,1,0
BRDA:471,56,0,0
BRDA:471,56,1,0
BRDA:471,57,0,0
BRDA:471,57,1,0
BRDA:471,58,0,0
BRDA:471,58,1,0
BRDA:471,59,0,0
BRDA:471,59,1,0
BRDA:471,60,0,0
BRDA:471,60,1,0
BRDA:471,61,0,0
BRDA:471,61,1,0
BRDA:471,62,0,0
BRDA:471,62,1,0
BRDA:471,63,0,0
BRDA:471,63,1,0
BRDA:471,64,0,0
BRDA:471,64,1,0
BRDA:471,65,0,0
BRDA:471,65,1,0
BRDA:471,66,0,0
BRDA:471,66,1,0
BRDA:471,67,0,0
BRDA:471,67,1,0
BRDA:471,68,0,0
BRDA:471,68,1,0
BRDA:471,69,0,0
BRDA:471,69,1,0
BRDA:471,70,0,0
BRDA:471,70,1,0
BRDA:471,71,0,0
BRDA:471,71,1,0
BRDA:471,72,0,0
BRDA:471,72,1,0
BRDA:471,73,0,0
BRDA:471,73,1,0
BRDA:471,74,0,0
BRDA:471,74,1,0
end_of_record
